ARM GAS  C:\Users\Will\AppData\Local\Temp\ccVwPVGt.s 			page 1


   1              		.syntax unified
   2              		.cpu cortex-m3
   3              		.fpu softvfp
   4              		.eabi_attribute 20, 1
   5              		.eabi_attribute 21, 1
   6              		.eabi_attribute 23, 3
   7              		.eabi_attribute 24, 1
   8              		.eabi_attribute 25, 1
   9              		.eabi_attribute 26, 1
  10              		.eabi_attribute 30, 1
  11              		.eabi_attribute 34, 1
  12              		.eabi_attribute 18, 4
  13              		.thumb
  14              		.syntax unified
  15              		.file	"cymetadata.c"
  16              		.text
  17              	.Ltext0:
  18              		.cfi_sections	.debug_frame
  19              		.global	cy_metadata
  20              		.global	cy_meta_flashprotect
  21              		.global	cy_meta_wonvl
  22              		.global	cy_meta_custnvl
  23              		.global	cy_meta_configecc
  24              		.section	.cyconfigecc,"a",%progbits
  25              		.align	2
  26              		.type	cy_meta_configecc, %object
  27              		.size	cy_meta_configecc, 272
  28              	cy_meta_configecc:
  29 0000 03       		.byte	3
  30 0001 45       		.byte	69
  31 0002 00       		.byte	0
  32 0003 40       		.byte	64
  33 0004 03       		.byte	3
  34 0005 4F       		.byte	79
  35 0006 00       		.byte	0
  36 0007 40       		.byte	64
  37 0008 03       		.byte	3
  38 0009 52       		.byte	82
  39 000a 00       		.byte	0
  40 000b 40       		.byte	64
  41 000c 01       		.byte	1
  42 000d 07       		.byte	7
  43 000e 01       		.byte	1
  44 000f 40       		.byte	64
  45 0010 02       		.byte	2
  46 0011 09       		.byte	9
  47 0012 01       		.byte	1
  48 0013 40       		.byte	64
  49 0014 04       		.byte	4
  50 0015 0A       		.byte	10
  51 0016 01       		.byte	1
  52 0017 40       		.byte	64
  53 0018 01       		.byte	1
  54 0019 0B       		.byte	11
  55 001a 01       		.byte	1
  56 001b 40       		.byte	64
  57 001c 04       		.byte	4
ARM GAS  C:\Users\Will\AppData\Local\Temp\ccVwPVGt.s 			page 2


  58 001d 15       		.byte	21
  59 001e 01       		.byte	1
  60 001f 40       		.byte	64
  61 0020 01       		.byte	1
  62 0021 17       		.byte	23
  63 0022 01       		.byte	1
  64 0023 40       		.byte	64
  65 0024 01       		.byte	1
  66 0025 19       		.byte	25
  67 0026 01       		.byte	1
  68 0027 40       		.byte	64
  69 0028 04       		.byte	4
  70 0029 1B       		.byte	27
  71 002a 01       		.byte	1
  72 002b 40       		.byte	64
  73 002c 02       		.byte	2
  74 002d 41       		.byte	65
  75 002e 01       		.byte	1
  76 002f 40       		.byte	64
  77 0030 06       		.byte	6
  78 0031 42       		.byte	66
  79 0032 01       		.byte	1
  80 0033 40       		.byte	64
  81 0034 07       		.byte	7
  82 0035 43       		.byte	67
  83 0036 01       		.byte	1
  84 0037 40       		.byte	64
  85 0038 03       		.byte	3
  86 0039 48       		.byte	72
  87 003a 01       		.byte	1
  88 003b 40       		.byte	64
  89 003c 11       		.byte	17
  90 003d 49       		.byte	73
  91 003e 01       		.byte	1
  92 003f 40       		.byte	64
  93 0040 07       		.byte	7
  94 0041 4C       		.byte	76
  95 0042 01       		.byte	1
  96 0043 40       		.byte	64
  97 0044 06       		.byte	6
  98 0045 4D       		.byte	77
  99 0046 01       		.byte	1
 100 0047 40       		.byte	64
 101 0048 01       		.byte	1
 102 0049 51       		.byte	81
 103 004a 01       		.byte	1
 104 004b 40       		.byte	64
 105 004c 05       		.byte	5
 106 004d 03       		.byte	3
 107 004e 06       		.byte	6
 108 004f 03       		.byte	3
 109 0050 1F       		.byte	31
 110 0051 01       		.byte	1
 111 0052 01       		.byte	1
 112 0053 80       		.byte	-128
 113 0054 0A       		.byte	10
 114 0055 4B       		.byte	75
ARM GAS  C:\Users\Will\AppData\Local\Temp\ccVwPVGt.s 			page 3


 115 0056 16       		.byte	22
 116 0057 4B       		.byte	75
 117 0058 00       		.byte	0
 118 0059 01       		.byte	1
 119 005a 60       		.byte	96
 120 005b 02       		.byte	2
 121 005c 64       		.byte	100
 122 005d 03       		.byte	3
 123 005e EE       		.byte	-18
 124 005f 0C       		.byte	12
 125 0060 AB       		.byte	-85
 126 0061 20       		.byte	32
 127 0062 AF       		.byte	-81
 128 0063 20       		.byte	32
 129 0064 B8       		.byte	-72
 130 0065 20       		.byte	32
 131 0066 BE       		.byte	-66
 132 0067 10       		.byte	16
 133 0068 D8       		.byte	-40
 134 0069 04       		.byte	4
 135 006a DF       		.byte	-33
 136 006b 01       		.byte	1
 137 006c 1F       		.byte	31
 138 006d 20       		.byte	32
 139 006e E0       		.byte	-32
 140 006f 08       		.byte	8
 141 0070 E4       		.byte	-28
 142 0071 01       		.byte	1
 143 0072 EA       		.byte	-22
 144 0073 01       		.byte	1
 145 0074 EE       		.byte	-18
 146 0075 02       		.byte	2
 147 0076 E2       		.byte	-30
 148 0077 02       		.byte	2
 149 0078 E2       		.byte	-30
 150 0079 02       		.byte	2
 151 007a E0       		.byte	-32
 152 007b 08       		.byte	8
 153 007c E4       		.byte	-28
 154 007d 01       		.byte	1
 155 007e EA       		.byte	-22
 156 007f 01       		.byte	1
 157 0080 EE       		.byte	-18
 158 0081 02       		.byte	2
 159 0082 57       		.byte	87
 160 0083 08       		.byte	8
 161 0084 D4       		.byte	-44
 162 0085 40       		.byte	64
 163 0086 3E       		.byte	62
 164 0087 10       		.byte	16
 165 0088 63       		.byte	99
 166 0089 02       		.byte	2
 167 008a 67       		.byte	103
 168 008b 02       		.byte	2
 169 008c A7       		.byte	-89
 170 008d 08       		.byte	8
 171 008e CE       		.byte	-50
ARM GAS  C:\Users\Will\AppData\Local\Temp\ccVwPVGt.s 			page 4


 172 008f 20       		.byte	32
 173 0090 D6       		.byte	-42
 174 0091 C0       		.byte	-64
 175 0092 1B       		.byte	27
 176 0093 08       		.byte	8
 177 0094 96       		.byte	-106
 178 0095 10       		.byte	16
 179 0096 A7       		.byte	-89
 180 0097 08       		.byte	8
 181 0098 AB       		.byte	-85
 182 0099 01       		.byte	1
 183 009a AF       		.byte	-81
 184 009b 01       		.byte	1
 185 009c C6       		.byte	-58
 186 009d 10       		.byte	16
 187 009e EE       		.byte	-18
 188 009f 30       		.byte	48
 189 00a0 84       		.byte	-124
 190 00a1 08       		.byte	8
 191 00a2 96       		.byte	-106
 192 00a3 10       		.byte	16
 193 00a4 E2       		.byte	-30
 194 00a5 40       		.byte	64
 195 00a6 12       		.byte	18
 196 00a7 20       		.byte	32
 197 00a8 16       		.byte	22
 198 00a9 40       		.byte	64
 199 00aa 70       		.byte	112
 200 00ab 08       		.byte	8
 201 00ac 7E       		.byte	126
 202 00ad 01       		.byte	1
 203 00ae 82       		.byte	-126
 204 00af 20       		.byte	32
 205 00b0 86       		.byte	-122
 206 00b1 40       		.byte	64
 207 00b2 92       		.byte	-110
 208 00b3 02       		.byte	2
 209 00b4 A0       		.byte	-96
 210 00b5 08       		.byte	8
 211 00b6 AA       		.byte	-86
 212 00b7 10       		.byte	16
 213 00b8 AE       		.byte	-82
 214 00b9 01       		.byte	1
 215 00ba C4       		.byte	-60
 216 00bb 30       		.byte	48
 217 00bc DC       		.byte	-36
 218 00bd 80       		.byte	-128
 219 00be DE       		.byte	-34
 220 00bf 20       		.byte	32
 221 00c0 E0       		.byte	-32
 222 00c1 10       		.byte	16
 223 00c2 E4       		.byte	-28
 224 00c3 80       		.byte	-128
 225 00c4 EA       		.byte	-22
 226 00c5 80       		.byte	-128
 227 00c6 EE       		.byte	-18
 228 00c7 40       		.byte	64
ARM GAS  C:\Users\Will\AppData\Local\Temp\ccVwPVGt.s 			page 5


 229 00c8 13       		.byte	19
 230 00c9 24       		.byte	36
 231 00ca 15       		.byte	21
 232 00cb 02       		.byte	2
 233 00cc 7B       		.byte	123
 234 00cd 10       		.byte	16
 235 00ce 7F       		.byte	127
 236 00cf 40       		.byte	64
 237 00d0 87       		.byte	-121
 238 00d1 04       		.byte	4
 239 00d2 C4       		.byte	-60
 240 00d3 0E       		.byte	14
 241 00d4 DE       		.byte	-34
 242 00d5 03       		.byte	3
 243 00d6 83       		.byte	-125
 244 00d7 10       		.byte	16
 245 00d8 87       		.byte	-121
 246 00d9 40       		.byte	64
 247 00da 97       		.byte	-105
 248 00db 80       		.byte	-128
 249 00dc A7       		.byte	-89
 250 00dd 10       		.byte	16
 251 00de AB       		.byte	-85
 252 00df 20       		.byte	32
 253 00e0 AD       		.byte	-83
 254 00e1 01       		.byte	1
 255 00e2 03       		.byte	3
 256 00e3 C0       		.byte	-64
 257 00e4 60       		.byte	96
 258 00e5 61       		.byte	97
 259 00e6 01       		.byte	1
 260 00e7 00       		.byte	0
 261 00e8 01       		.byte	1
 262 00e9 00       		.byte	0
 263 00ea 00       		.byte	0
 264 00eb 00       		.byte	0
 265 00ec 03       		.byte	3
 266 00ed 00       		.byte	0
 267 00ee 00       		.byte	0
 268 00ef 00       		.byte	0
 269 00f0 03       		.byte	3
 270 00f1 00       		.byte	0
 271 00f2 03       		.byte	3
 272 00f3 00       		.byte	0
 273 00f4 00       		.byte	0
 274 00f5 00       		.byte	0
 275 00f6 00       		.byte	0
 276 00f7 00       		.byte	0
 277 00f8 00       		.byte	0
 278 00f9 0B       		.byte	11
 279 00fa 0B       		.byte	11
 280 00fb 00       		.byte	0
 281 00fc 00       		.byte	0
 282 00fd 00       		.byte	0
 283 00fe 00       		.byte	0
 284 00ff 00       		.byte	0
 285 0100 00       		.byte	0
ARM GAS  C:\Users\Will\AppData\Local\Temp\ccVwPVGt.s 			page 6


 286 0101 7F       		.byte	127
 287 0102 7F       		.byte	127
 288 0103 00       		.byte	0
 289 0104 00       		.byte	0
 290 0105 00       		.byte	0
 291 0106 00       		.byte	0
 292 0107 00       		.byte	0
 293 0108 80       		.byte	-128
 294 0109 80       		.byte	-128
 295 010a 00       		.byte	0
 296 010b 00       		.byte	0
 297 010c 00       		.byte	0
 298 010d 00       		.byte	0
 299 010e 00       		.byte	0
 300 010f 00       		.byte	0
 301              		.section	.cywolatch,"a",%progbits
 302              		.align	2
 303              		.type	cy_meta_wonvl, %object
 304              		.size	cy_meta_wonvl, 4
 305              	cy_meta_wonvl:
 306 0000 BC       		.byte	-68
 307 0001 90       		.byte	-112
 308 0002 AC       		.byte	-84
 309 0003 AF       		.byte	-81
 310              		.section	.cycustnvl,"a",%progbits
 311              		.align	2
 312              		.type	cy_meta_custnvl, %object
 313              		.size	cy_meta_custnvl, 4
 314              	cy_meta_custnvl:
 315 0000 00       		.byte	0
 316 0001 00       		.byte	0
 317 0002 40       		.byte	64
 318 0003 05       		.byte	5
 319              		.section	.cymeta,"a",%progbits
 320              		.align	2
 321              		.type	cy_metadata, %object
 322              		.size	cy_metadata, 12
 323              	cy_metadata:
 324 0000 00       		.byte	0
 325 0001 01       		.byte	1
 326 0002 2E       		.byte	46
 327 0003 16       		.byte	22
 328 0004 10       		.byte	16
 329 0005 69       		.byte	105
 330 0006 00       		.byte	0
 331 0007 01       		.byte	1
 332 0008 00       		.byte	0
 333 0009 00       		.byte	0
 334 000a 00       		.byte	0
 335 000b 00       		.byte	0
 336              		.section	.cyflashprotect,"a",%progbits
 337              		.align	2
 338              		.type	cy_meta_flashprotect, %object
 339              		.size	cy_meta_flashprotect, 256
 340              	cy_meta_flashprotect:
 341 0000 00000000 		.space	256
 341      00000000 
ARM GAS  C:\Users\Will\AppData\Local\Temp\ccVwPVGt.s 			page 7


 341      00000000 
 341      00000000 
 341      00000000 
 342              		.text
 343              	.Letext0:
 344              		.file 1 "c:\\program files (x86)\\cypress\\psoc creator\\4.3\\psoc creator\\import\\gnu\\arm\\5.4.
 345              		.file 2 "c:\\program files (x86)\\cypress\\psoc creator\\4.3\\psoc creator\\import\\gnu\\arm\\5.4.
 346              		.file 3 "Generated_Source\\PSoC5\\cymetadata.c"
 347              		.section	.debug_info,"",%progbits
 348              	.Ldebug_info0:
 349 0000 31010000 		.4byte	0x131
 350 0004 0400     		.2byte	0x4
 351 0006 00000000 		.4byte	.Ldebug_abbrev0
 352 000a 04       		.byte	0x4
 353 000b 01       		.uleb128 0x1
 354 000c BA000000 		.4byte	.LASF17
 355 0010 0C       		.byte	0xc
 356 0011 14020000 		.4byte	.LASF18
 357 0015 0A000000 		.4byte	.LASF19
 358 0019 00000000 		.4byte	.Ldebug_line0
 359 001d 02       		.uleb128 0x2
 360 001e 01       		.byte	0x1
 361 001f 06       		.byte	0x6
 362 0020 08020000 		.4byte	.LASF0
 363 0024 03       		.uleb128 0x3
 364 0025 00000000 		.4byte	.LASF9
 365 0029 01       		.byte	0x1
 366 002a 1D       		.byte	0x1d
 367 002b 2F000000 		.4byte	0x2f
 368 002f 02       		.uleb128 0x2
 369 0030 01       		.byte	0x1
 370 0031 08       		.byte	0x8
 371 0032 AC000000 		.4byte	.LASF1
 372 0036 02       		.uleb128 0x2
 373 0037 02       		.byte	0x2
 374 0038 05       		.byte	0x5
 375 0039 F5010000 		.4byte	.LASF2
 376 003d 02       		.uleb128 0x2
 377 003e 02       		.byte	0x2
 378 003f 07       		.byte	0x7
 379 0040 5A010000 		.4byte	.LASF3
 380 0044 02       		.uleb128 0x2
 381 0045 04       		.byte	0x4
 382 0046 05       		.byte	0x5
 383 0047 FF010000 		.4byte	.LASF4
 384 004b 02       		.uleb128 0x2
 385 004c 04       		.byte	0x4
 386 004d 07       		.byte	0x7
 387 004e 48010000 		.4byte	.LASF5
 388 0052 02       		.uleb128 0x2
 389 0053 08       		.byte	0x8
 390 0054 05       		.byte	0x5
 391 0055 E7010000 		.4byte	.LASF6
 392 0059 02       		.uleb128 0x2
 393 005a 08       		.byte	0x8
 394 005b 07       		.byte	0x7
 395 005c 9C010000 		.4byte	.LASF7
ARM GAS  C:\Users\Will\AppData\Local\Temp\ccVwPVGt.s 			page 8


 396 0060 04       		.uleb128 0x4
 397 0061 04       		.byte	0x4
 398 0062 05       		.byte	0x5
 399 0063 696E7400 		.ascii	"int\000"
 400 0067 02       		.uleb128 0x2
 401 0068 04       		.byte	0x4
 402 0069 07       		.byte	0x7
 403 006a 8F010000 		.4byte	.LASF8
 404 006e 03       		.uleb128 0x3
 405 006f B3010000 		.4byte	.LASF10
 406 0073 02       		.byte	0x2
 407 0074 18       		.byte	0x18
 408 0075 24000000 		.4byte	0x24
 409 0079 05       		.uleb128 0x5
 410 007a 91000000 		.4byte	0x91
 411 007e 8A000000 		.4byte	0x8a
 412 0082 06       		.uleb128 0x6
 413 0083 8A000000 		.4byte	0x8a
 414 0087 0F01     		.2byte	0x10f
 415 0089 00       		.byte	0
 416 008a 02       		.uleb128 0x2
 417 008b 04       		.byte	0x4
 418 008c 07       		.byte	0x7
 419 008d DE010000 		.4byte	.LASF11
 420 0091 07       		.uleb128 0x7
 421 0092 6E000000 		.4byte	0x6e
 422 0096 08       		.uleb128 0x8
 423 0097 7D010000 		.4byte	.LASF12
 424 009b 03       		.byte	0x3
 425 009c 1F       		.byte	0x1f
 426 009d A7000000 		.4byte	0xa7
 427 00a1 05       		.uleb128 0x5
 428 00a2 03       		.byte	0x3
 429 00a3 00000000 		.4byte	cy_meta_configecc
 430 00a7 07       		.uleb128 0x7
 431 00a8 79000000 		.4byte	0x79
 432 00ac 05       		.uleb128 0x5
 433 00ad 91000000 		.4byte	0x91
 434 00b1 BC000000 		.4byte	0xbc
 435 00b5 09       		.uleb128 0x9
 436 00b6 8A000000 		.4byte	0x8a
 437 00ba 03       		.byte	0x3
 438 00bb 00       		.byte	0
 439 00bc 08       		.uleb128 0x8
 440 00bd 6D010000 		.4byte	.LASF13
 441 00c1 03       		.byte	0x3
 442 00c2 4E       		.byte	0x4e
 443 00c3 CD000000 		.4byte	0xcd
 444 00c7 05       		.uleb128 0x5
 445 00c8 03       		.byte	0x3
 446 00c9 00000000 		.4byte	cy_meta_custnvl
 447 00cd 07       		.uleb128 0x7
 448 00ce AC000000 		.4byte	0xac
 449 00d2 08       		.uleb128 0x8
 450 00d3 D0010000 		.4byte	.LASF14
 451 00d7 03       		.byte	0x3
 452 00d8 5C       		.byte	0x5c
ARM GAS  C:\Users\Will\AppData\Local\Temp\ccVwPVGt.s 			page 9


 453 00d9 E3000000 		.4byte	0xe3
 454 00dd 05       		.uleb128 0x5
 455 00de 03       		.byte	0x3
 456 00df 00000000 		.4byte	cy_meta_wonvl
 457 00e3 07       		.uleb128 0x7
 458 00e4 AC000000 		.4byte	0xac
 459 00e8 05       		.uleb128 0x5
 460 00e9 91000000 		.4byte	0x91
 461 00ed F8000000 		.4byte	0xf8
 462 00f1 09       		.uleb128 0x9
 463 00f2 8A000000 		.4byte	0x8a
 464 00f6 FF       		.byte	0xff
 465 00f7 00       		.byte	0
 466 00f8 08       		.uleb128 0x8
 467 00f9 BB010000 		.4byte	.LASF15
 468 00fd 03       		.byte	0x3
 469 00fe 6A       		.byte	0x6a
 470 00ff 09010000 		.4byte	0x109
 471 0103 05       		.uleb128 0x5
 472 0104 03       		.byte	0x3
 473 0105 00000000 		.4byte	cy_meta_flashprotect
 474 0109 07       		.uleb128 0x7
 475 010a E8000000 		.4byte	0xe8
 476 010e 05       		.uleb128 0x5
 477 010f 91000000 		.4byte	0x91
 478 0113 1E010000 		.4byte	0x11e
 479 0117 09       		.uleb128 0x9
 480 0118 8A000000 		.4byte	0x8a
 481 011c 0B       		.byte	0xb
 482 011d 00       		.byte	0
 483 011e 08       		.uleb128 0x8
 484 011f A0000000 		.4byte	.LASF16
 485 0123 03       		.byte	0x3
 486 0124 97       		.byte	0x97
 487 0125 2F010000 		.4byte	0x12f
 488 0129 05       		.uleb128 0x5
 489 012a 03       		.byte	0x3
 490 012b 00000000 		.4byte	cy_metadata
 491 012f 07       		.uleb128 0x7
 492 0130 0E010000 		.4byte	0x10e
 493 0134 00       		.byte	0
 494              		.section	.debug_abbrev,"",%progbits
 495              	.Ldebug_abbrev0:
 496 0000 01       		.uleb128 0x1
 497 0001 11       		.uleb128 0x11
 498 0002 01       		.byte	0x1
 499 0003 25       		.uleb128 0x25
 500 0004 0E       		.uleb128 0xe
 501 0005 13       		.uleb128 0x13
 502 0006 0B       		.uleb128 0xb
 503 0007 03       		.uleb128 0x3
 504 0008 0E       		.uleb128 0xe
 505 0009 1B       		.uleb128 0x1b
 506 000a 0E       		.uleb128 0xe
 507 000b 10       		.uleb128 0x10
 508 000c 17       		.uleb128 0x17
 509 000d 00       		.byte	0
ARM GAS  C:\Users\Will\AppData\Local\Temp\ccVwPVGt.s 			page 10


 510 000e 00       		.byte	0
 511 000f 02       		.uleb128 0x2
 512 0010 24       		.uleb128 0x24
 513 0011 00       		.byte	0
 514 0012 0B       		.uleb128 0xb
 515 0013 0B       		.uleb128 0xb
 516 0014 3E       		.uleb128 0x3e
 517 0015 0B       		.uleb128 0xb
 518 0016 03       		.uleb128 0x3
 519 0017 0E       		.uleb128 0xe
 520 0018 00       		.byte	0
 521 0019 00       		.byte	0
 522 001a 03       		.uleb128 0x3
 523 001b 16       		.uleb128 0x16
 524 001c 00       		.byte	0
 525 001d 03       		.uleb128 0x3
 526 001e 0E       		.uleb128 0xe
 527 001f 3A       		.uleb128 0x3a
 528 0020 0B       		.uleb128 0xb
 529 0021 3B       		.uleb128 0x3b
 530 0022 0B       		.uleb128 0xb
 531 0023 49       		.uleb128 0x49
 532 0024 13       		.uleb128 0x13
 533 0025 00       		.byte	0
 534 0026 00       		.byte	0
 535 0027 04       		.uleb128 0x4
 536 0028 24       		.uleb128 0x24
 537 0029 00       		.byte	0
 538 002a 0B       		.uleb128 0xb
 539 002b 0B       		.uleb128 0xb
 540 002c 3E       		.uleb128 0x3e
 541 002d 0B       		.uleb128 0xb
 542 002e 03       		.uleb128 0x3
 543 002f 08       		.uleb128 0x8
 544 0030 00       		.byte	0
 545 0031 00       		.byte	0
 546 0032 05       		.uleb128 0x5
 547 0033 01       		.uleb128 0x1
 548 0034 01       		.byte	0x1
 549 0035 49       		.uleb128 0x49
 550 0036 13       		.uleb128 0x13
 551 0037 01       		.uleb128 0x1
 552 0038 13       		.uleb128 0x13
 553 0039 00       		.byte	0
 554 003a 00       		.byte	0
 555 003b 06       		.uleb128 0x6
 556 003c 21       		.uleb128 0x21
 557 003d 00       		.byte	0
 558 003e 49       		.uleb128 0x49
 559 003f 13       		.uleb128 0x13
 560 0040 2F       		.uleb128 0x2f
 561 0041 05       		.uleb128 0x5
 562 0042 00       		.byte	0
 563 0043 00       		.byte	0
 564 0044 07       		.uleb128 0x7
 565 0045 26       		.uleb128 0x26
 566 0046 00       		.byte	0
ARM GAS  C:\Users\Will\AppData\Local\Temp\ccVwPVGt.s 			page 11


 567 0047 49       		.uleb128 0x49
 568 0048 13       		.uleb128 0x13
 569 0049 00       		.byte	0
 570 004a 00       		.byte	0
 571 004b 08       		.uleb128 0x8
 572 004c 34       		.uleb128 0x34
 573 004d 00       		.byte	0
 574 004e 03       		.uleb128 0x3
 575 004f 0E       		.uleb128 0xe
 576 0050 3A       		.uleb128 0x3a
 577 0051 0B       		.uleb128 0xb
 578 0052 3B       		.uleb128 0x3b
 579 0053 0B       		.uleb128 0xb
 580 0054 49       		.uleb128 0x49
 581 0055 13       		.uleb128 0x13
 582 0056 3F       		.uleb128 0x3f
 583 0057 19       		.uleb128 0x19
 584 0058 02       		.uleb128 0x2
 585 0059 18       		.uleb128 0x18
 586 005a 00       		.byte	0
 587 005b 00       		.byte	0
 588 005c 09       		.uleb128 0x9
 589 005d 21       		.uleb128 0x21
 590 005e 00       		.byte	0
 591 005f 49       		.uleb128 0x49
 592 0060 13       		.uleb128 0x13
 593 0061 2F       		.uleb128 0x2f
 594 0062 0B       		.uleb128 0xb
 595 0063 00       		.byte	0
 596 0064 00       		.byte	0
 597 0065 00       		.byte	0
 598              		.section	.debug_aranges,"",%progbits
 599 0000 14000000 		.4byte	0x14
 600 0004 0200     		.2byte	0x2
 601 0006 00000000 		.4byte	.Ldebug_info0
 602 000a 04       		.byte	0x4
 603 000b 00       		.byte	0
 604 000c 0000     		.2byte	0
 605 000e 0000     		.2byte	0
 606 0010 00000000 		.4byte	0
 607 0014 00000000 		.4byte	0
 608              		.section	.debug_line,"",%progbits
 609              	.Ldebug_line0:
 610 0000 3D010000 		.section	.debug_str,"MS",%progbits,1
 610      02003701 
 610      00000201 
 610      FB0E0D00 
 610      01010101 
 611              	.LASF9:
 612 0000 5F5F7569 		.ascii	"__uint8_t\000"
 612      6E74385F 
 612      7400
 613              	.LASF19:
 614 000a 433A5C55 		.ascii	"C:\\Users\\Will\\OneDrive - Southern Illinois Unive"
 614      73657273 
 614      5C57696C 
 614      6C5C4F6E 
ARM GAS  C:\Users\Will\AppData\Local\Temp\ccVwPVGt.s 			page 12


 614      65447269 
 615 003a 72736974 		.ascii	"rsity Edwardsville\\Spring 2021\\ECE 381\\Psoc_Proj"
 615      79204564 
 615      77617264 
 615      7376696C 
 615      6C655C53 
 616 006a 65637473 		.ascii	"ects\\Lab_Projects\\ece381_finalproject_Gallagher.c"
 616      5C4C6162 
 616      5F50726F 
 616      6A656374 
 616      735C6563 
 617 009b 7964736E 		.ascii	"ydsn\000"
 617      00
 618              	.LASF16:
 619 00a0 63795F6D 		.ascii	"cy_metadata\000"
 619      65746164 
 619      61746100 
 620              	.LASF1:
 621 00ac 756E7369 		.ascii	"unsigned char\000"
 621      676E6564 
 621      20636861 
 621      7200
 622              	.LASF17:
 623 00ba 474E5520 		.ascii	"GNU C11 5.4.1 20160609 (release) [ARM/embedded-5-br"
 623      43313120 
 623      352E342E 
 623      31203230 
 623      31363036 
 624 00ed 616E6368 		.ascii	"anch revision 237715] -mcpu=cortex-m3 -mthumb -g -O"
 624      20726576 
 624      6973696F 
 624      6E203233 
 624      37373135 
 625 0120 67202D66 		.ascii	"g -ffunction-sections -ffat-lto-objects\000"
 625      66756E63 
 625      74696F6E 
 625      2D736563 
 625      74696F6E 
 626              	.LASF5:
 627 0148 6C6F6E67 		.ascii	"long unsigned int\000"
 627      20756E73 
 627      69676E65 
 627      6420696E 
 627      7400
 628              	.LASF3:
 629 015a 73686F72 		.ascii	"short unsigned int\000"
 629      7420756E 
 629      7369676E 
 629      65642069 
 629      6E7400
 630              	.LASF13:
 631 016d 63795F6D 		.ascii	"cy_meta_custnvl\000"
 631      6574615F 
 631      63757374 
 631      6E766C00 
 632              	.LASF12:
 633 017d 63795F6D 		.ascii	"cy_meta_configecc\000"
ARM GAS  C:\Users\Will\AppData\Local\Temp\ccVwPVGt.s 			page 13


 633      6574615F 
 633      636F6E66 
 633      69676563 
 633      6300
 634              	.LASF8:
 635 018f 756E7369 		.ascii	"unsigned int\000"
 635      676E6564 
 635      20696E74 
 635      00
 636              	.LASF7:
 637 019c 6C6F6E67 		.ascii	"long long unsigned int\000"
 637      206C6F6E 
 637      6720756E 
 637      7369676E 
 637      65642069 
 638              	.LASF10:
 639 01b3 75696E74 		.ascii	"uint8_t\000"
 639      385F7400 
 640              	.LASF15:
 641 01bb 63795F6D 		.ascii	"cy_meta_flashprotect\000"
 641      6574615F 
 641      666C6173 
 641      6870726F 
 641      74656374 
 642              	.LASF14:
 643 01d0 63795F6D 		.ascii	"cy_meta_wonvl\000"
 643      6574615F 
 643      776F6E76 
 643      6C00
 644              	.LASF11:
 645 01de 73697A65 		.ascii	"sizetype\000"
 645      74797065 
 645      00
 646              	.LASF6:
 647 01e7 6C6F6E67 		.ascii	"long long int\000"
 647      206C6F6E 
 647      6720696E 
 647      7400
 648              	.LASF2:
 649 01f5 73686F72 		.ascii	"short int\000"
 649      7420696E 
 649      7400
 650              	.LASF4:
 651 01ff 6C6F6E67 		.ascii	"long int\000"
 651      20696E74 
 651      00
 652              	.LASF0:
 653 0208 7369676E 		.ascii	"signed char\000"
 653      65642063 
 653      68617200 
 654              	.LASF18:
 655 0214 47656E65 		.ascii	"Generated_Source\\PSoC5\\cymetadata.c\000"
 655      72617465 
 655      645F536F 
 655      75726365 
 655      5C50536F 
 656              		.ident	"GCC: (GNU Tools for ARM Embedded Processors) 5.4.1 20160609 (release) [ARM/embedded-5-bran
ARM GAS  C:\Users\Will\AppData\Local\Temp\ccVwPVGt.s 			page 14


