ARM GAS  C:\Users\Will\AppData\Local\Temp\ccj3c1K2.s 			page 1


   1              		.syntax unified
   2              		.cpu cortex-m3
   3              		.fpu softvfp
   4              		.eabi_attribute 20, 1
   5              		.eabi_attribute 21, 1
   6              		.eabi_attribute 23, 3
   7              		.eabi_attribute 24, 1
   8              		.eabi_attribute 25, 1
   9              		.eabi_attribute 26, 1
  10              		.eabi_attribute 30, 1
  11              		.eabi_attribute 34, 1
  12              		.eabi_attribute 18, 4
  13              		.thumb
  14              		.syntax unified
  15              		.file	"I2C.c"
  16              		.text
  17              	.Ltext0:
  18              		.cfi_sections	.debug_frame
  19              		.section	.text.I2C_Init,"ax",%progbits
  20              		.align	2
  21              		.global	I2C_Init
  22              		.thumb
  23              		.thumb_func
  24              		.type	I2C_Init, %function
  25              	I2C_Init:
  26              	.LFB0:
  27              		.file 1 "Generated_Source\\PSoC5\\I2C.c"
   1:Generated_Source\PSoC5/I2C.c **** /*******************************************************************************
   2:Generated_Source\PSoC5/I2C.c **** * File Name: I2C.c
   3:Generated_Source\PSoC5/I2C.c **** * Version 3.50
   4:Generated_Source\PSoC5/I2C.c **** *
   5:Generated_Source\PSoC5/I2C.c **** * Description:
   6:Generated_Source\PSoC5/I2C.c **** *  This file provides the source code of APIs for the I2C component.
   7:Generated_Source\PSoC5/I2C.c **** *  The actual protocol and operation code resides in the interrupt service
   8:Generated_Source\PSoC5/I2C.c **** *  routine file.
   9:Generated_Source\PSoC5/I2C.c **** *
  10:Generated_Source\PSoC5/I2C.c **** *******************************************************************************
  11:Generated_Source\PSoC5/I2C.c **** * Copyright 2008-2015, Cypress Semiconductor Corporation. All rights reserved.
  12:Generated_Source\PSoC5/I2C.c **** * You may use this file only in accordance with the license, terms, conditions,
  13:Generated_Source\PSoC5/I2C.c **** * disclaimers, and limitations in the end user license agreement accompanying
  14:Generated_Source\PSoC5/I2C.c **** * the software package with which this file was provided.
  15:Generated_Source\PSoC5/I2C.c **** *******************************************************************************/
  16:Generated_Source\PSoC5/I2C.c **** 
  17:Generated_Source\PSoC5/I2C.c **** #include "I2C_PVT.h"
  18:Generated_Source\PSoC5/I2C.c **** 
  19:Generated_Source\PSoC5/I2C.c **** 
  20:Generated_Source\PSoC5/I2C.c **** /**********************************
  21:Generated_Source\PSoC5/I2C.c **** *      System variables
  22:Generated_Source\PSoC5/I2C.c **** **********************************/
  23:Generated_Source\PSoC5/I2C.c **** 
  24:Generated_Source\PSoC5/I2C.c **** uint8 I2C_initVar = 0u; /* Defines if component was initialized */
  25:Generated_Source\PSoC5/I2C.c **** 
  26:Generated_Source\PSoC5/I2C.c **** volatile uint8 I2C_state;  /* Current state of I2C FSM */
  27:Generated_Source\PSoC5/I2C.c **** 
  28:Generated_Source\PSoC5/I2C.c **** 
  29:Generated_Source\PSoC5/I2C.c **** /*******************************************************************************
  30:Generated_Source\PSoC5/I2C.c **** * Function Name: I2C_Init
ARM GAS  C:\Users\Will\AppData\Local\Temp\ccj3c1K2.s 			page 2


  31:Generated_Source\PSoC5/I2C.c **** ********************************************************************************
  32:Generated_Source\PSoC5/I2C.c **** *
  33:Generated_Source\PSoC5/I2C.c **** * Summary:
  34:Generated_Source\PSoC5/I2C.c **** *  Initializes I2C registers with initial values provided from customizer.
  35:Generated_Source\PSoC5/I2C.c **** *
  36:Generated_Source\PSoC5/I2C.c **** * Parameters:
  37:Generated_Source\PSoC5/I2C.c **** *  None.
  38:Generated_Source\PSoC5/I2C.c **** *
  39:Generated_Source\PSoC5/I2C.c **** * Return:
  40:Generated_Source\PSoC5/I2C.c **** *  None.
  41:Generated_Source\PSoC5/I2C.c **** *
  42:Generated_Source\PSoC5/I2C.c **** * Global variables:
  43:Generated_Source\PSoC5/I2C.c **** *  None.
  44:Generated_Source\PSoC5/I2C.c **** *
  45:Generated_Source\PSoC5/I2C.c **** * Reentrant:
  46:Generated_Source\PSoC5/I2C.c **** *  No.
  47:Generated_Source\PSoC5/I2C.c **** *
  48:Generated_Source\PSoC5/I2C.c **** *******************************************************************************/
  49:Generated_Source\PSoC5/I2C.c **** void I2C_Init(void) 
  50:Generated_Source\PSoC5/I2C.c **** {
  28              		.loc 1 50 0
  29              		.cfi_startproc
  30              		@ args = 0, pretend = 0, frame = 0
  31              		@ frame_needed = 0, uses_anonymous_args = 0
  32 0000 38B5     		push	{r3, r4, r5, lr}
  33              		.cfi_def_cfa_offset 16
  34              		.cfi_offset 3, -16
  35              		.cfi_offset 4, -12
  36              		.cfi_offset 5, -8
  37              		.cfi_offset 14, -4
  51:Generated_Source\PSoC5/I2C.c **** #if (I2C_FF_IMPLEMENTED)
  52:Generated_Source\PSoC5/I2C.c ****     /* Configure fixed function block */
  53:Generated_Source\PSoC5/I2C.c ****     I2C_CFG_REG  = I2C_DEFAULT_CFG;
  38              		.loc 1 53 0
  39 0002 0222     		movs	r2, #2
  40 0004 114B     		ldr	r3, .L3
  41 0006 1A70     		strb	r2, [r3]
  54:Generated_Source\PSoC5/I2C.c ****     I2C_XCFG_REG = I2C_DEFAULT_XCFG;
  42              		.loc 1 54 0
  43 0008 8122     		movs	r2, #129
  44 000a 0E3B     		subs	r3, r3, #14
  45 000c 1A70     		strb	r2, [r3]
  55:Generated_Source\PSoC5/I2C.c ****     I2C_ADDR_REG = I2C_DEFAULT_ADDR;
  46              		.loc 1 55 0
  47 000e 0822     		movs	r2, #8
  48 0010 0233     		adds	r3, r3, #2
  49 0012 1A70     		strb	r2, [r3]
  56:Generated_Source\PSoC5/I2C.c ****     I2C_CLKDIV1_REG = LO8(I2C_DEFAULT_DIVIDE_FACTOR);
  50              		.loc 1 56 0
  51 0014 0F25     		movs	r5, #15
  52 0016 1133     		adds	r3, r3, #17
  53 0018 1D70     		strb	r5, [r3]
  57:Generated_Source\PSoC5/I2C.c ****     I2C_CLKDIV2_REG = HI8(I2C_DEFAULT_DIVIDE_FACTOR);
  54              		.loc 1 57 0
  55 001a 0024     		movs	r4, #0
  56 001c 0133     		adds	r3, r3, #1
  57 001e 1C70     		strb	r4, [r3]
ARM GAS  C:\Users\Will\AppData\Local\Temp\ccj3c1K2.s 			page 3


  58:Generated_Source\PSoC5/I2C.c **** 
  59:Generated_Source\PSoC5/I2C.c **** #else
  60:Generated_Source\PSoC5/I2C.c ****     uint8 intState;
  61:Generated_Source\PSoC5/I2C.c **** 
  62:Generated_Source\PSoC5/I2C.c ****     /* Configure control and interrupt sources */
  63:Generated_Source\PSoC5/I2C.c ****     I2C_CFG_REG      = I2C_DEFAULT_CFG;
  64:Generated_Source\PSoC5/I2C.c ****     I2C_INT_MASK_REG = I2C_DEFAULT_INT_MASK;
  65:Generated_Source\PSoC5/I2C.c **** 
  66:Generated_Source\PSoC5/I2C.c ****     /* Enable interrupt generation in status */
  67:Generated_Source\PSoC5/I2C.c ****     intState = CyEnterCriticalSection();
  68:Generated_Source\PSoC5/I2C.c ****     I2C_INT_ENABLE_REG |= I2C_INTR_ENABLE;
  69:Generated_Source\PSoC5/I2C.c ****     CyExitCriticalSection(intState);
  70:Generated_Source\PSoC5/I2C.c **** 
  71:Generated_Source\PSoC5/I2C.c ****     /* Configure bit counter */
  72:Generated_Source\PSoC5/I2C.c ****     #if (I2C_MODE_SLAVE_ENABLED)
  73:Generated_Source\PSoC5/I2C.c ****         I2C_PERIOD_REG = I2C_DEFAULT_PERIOD;
  74:Generated_Source\PSoC5/I2C.c ****     #endif  /* (I2C_MODE_SLAVE_ENABLED) */
  75:Generated_Source\PSoC5/I2C.c **** 
  76:Generated_Source\PSoC5/I2C.c ****     /* Configure clock generator */
  77:Generated_Source\PSoC5/I2C.c ****     #if (I2C_MODE_MASTER_ENABLED)
  78:Generated_Source\PSoC5/I2C.c ****         I2C_MCLK_PRD_REG = I2C_DEFAULT_MCLK_PRD;
  79:Generated_Source\PSoC5/I2C.c ****         I2C_MCLK_CMP_REG = I2C_DEFAULT_MCLK_CMP;
  80:Generated_Source\PSoC5/I2C.c ****     #endif /* (I2C_MODE_MASTER_ENABLED) */
  81:Generated_Source\PSoC5/I2C.c **** #endif /* (I2C_FF_IMPLEMENTED) */
  82:Generated_Source\PSoC5/I2C.c **** 
  83:Generated_Source\PSoC5/I2C.c **** #if (I2C_TIMEOUT_ENABLED)
  84:Generated_Source\PSoC5/I2C.c ****     I2C_TimeoutInit();
  85:Generated_Source\PSoC5/I2C.c **** #endif /* (I2C_TIMEOUT_ENABLED) */
  86:Generated_Source\PSoC5/I2C.c **** 
  87:Generated_Source\PSoC5/I2C.c ****     /* Configure internal interrupt */
  88:Generated_Source\PSoC5/I2C.c ****     CyIntDisable    (I2C_ISR_NUMBER);
  58              		.loc 1 88 0
  59 0020 4FF40042 		mov	r2, #32768
  60 0024 0A4B     		ldr	r3, .L3+4
  61 0026 1A60     		str	r2, [r3]
  89:Generated_Source\PSoC5/I2C.c ****     CyIntSetPriority(I2C_ISR_NUMBER, I2C_ISR_PRIORITY);
  62              		.loc 1 89 0
  63 0028 2146     		mov	r1, r4
  64 002a 2846     		mov	r0, r5
  65 002c FFF7FEFF 		bl	CyIntSetPriority
  66              	.LVL0:
  90:Generated_Source\PSoC5/I2C.c ****     #if (I2C_INTERN_I2C_INTR_HANDLER)
  91:Generated_Source\PSoC5/I2C.c ****         (void) CyIntSetVector(I2C_ISR_NUMBER, &I2C_ISR);
  67              		.loc 1 91 0
  68 0030 0849     		ldr	r1, .L3+8
  69 0032 2846     		mov	r0, r5
  70 0034 FFF7FEFF 		bl	CyIntSetVector
  71              	.LVL1:
  92:Generated_Source\PSoC5/I2C.c ****     #endif /* (I2C_INTERN_I2C_INTR_HANDLER) */
  93:Generated_Source\PSoC5/I2C.c **** 
  94:Generated_Source\PSoC5/I2C.c ****     /* Set FSM to default state */
  95:Generated_Source\PSoC5/I2C.c ****     I2C_state = I2C_SM_IDLE;
  72              		.loc 1 95 0
  73 0038 1022     		movs	r2, #16
  74 003a 074B     		ldr	r3, .L3+12
  75 003c 1A70     		strb	r2, [r3]
  96:Generated_Source\PSoC5/I2C.c **** 
ARM GAS  C:\Users\Will\AppData\Local\Temp\ccj3c1K2.s 			page 4


  97:Generated_Source\PSoC5/I2C.c **** #if (I2C_MODE_SLAVE_ENABLED)
  98:Generated_Source\PSoC5/I2C.c ****     /* Clear status and buffers index */
  99:Generated_Source\PSoC5/I2C.c ****     I2C_slStatus = 0u;
 100:Generated_Source\PSoC5/I2C.c ****     I2C_slRdBufIndex = 0u;
 101:Generated_Source\PSoC5/I2C.c ****     I2C_slWrBufIndex = 0u;
 102:Generated_Source\PSoC5/I2C.c **** 
 103:Generated_Source\PSoC5/I2C.c ****     /* Configure matched address */
 104:Generated_Source\PSoC5/I2C.c ****     I2C_SlaveSetAddress(I2C_DEFAULT_ADDR);
 105:Generated_Source\PSoC5/I2C.c **** #endif /* (I2C_MODE_SLAVE_ENABLED) */
 106:Generated_Source\PSoC5/I2C.c **** 
 107:Generated_Source\PSoC5/I2C.c **** #if (I2C_MODE_MASTER_ENABLED)
 108:Generated_Source\PSoC5/I2C.c ****     /* Clear status and buffers index */
 109:Generated_Source\PSoC5/I2C.c ****     I2C_mstrStatus = 0u;
  76              		.loc 1 109 0
  77 003e 074B     		ldr	r3, .L3+16
  78 0040 1C70     		strb	r4, [r3]
 110:Generated_Source\PSoC5/I2C.c ****     I2C_mstrRdBufIndex = 0u;
  79              		.loc 1 110 0
  80 0042 074B     		ldr	r3, .L3+20
  81 0044 1C70     		strb	r4, [r3]
 111:Generated_Source\PSoC5/I2C.c ****     I2C_mstrWrBufIndex = 0u;
  82              		.loc 1 111 0
  83 0046 074B     		ldr	r3, .L3+24
  84 0048 1C70     		strb	r4, [r3]
  85 004a 38BD     		pop	{r3, r4, r5, pc}
  86              	.L4:
  87              		.align	2
  88              	.L3:
  89 004c D6490040 		.word	1073760726
  90 0050 80E100E0 		.word	-536813184
  91 0054 00000000 		.word	I2C_ISR
  92 0058 00000000 		.word	I2C_state
  93 005c 00000000 		.word	I2C_mstrStatus
  94 0060 00000000 		.word	I2C_mstrRdBufIndex
  95 0064 00000000 		.word	I2C_mstrWrBufIndex
  96              		.cfi_endproc
  97              	.LFE0:
  98              		.size	I2C_Init, .-I2C_Init
  99              		.section	.text.I2C_Enable,"ax",%progbits
 100              		.align	2
 101              		.global	I2C_Enable
 102              		.thumb
 103              		.thumb_func
 104              		.type	I2C_Enable, %function
 105              	I2C_Enable:
 106              	.LFB1:
 112:Generated_Source\PSoC5/I2C.c **** #endif /* (I2C_MODE_MASTER_ENABLED) */
 113:Generated_Source\PSoC5/I2C.c **** }
 114:Generated_Source\PSoC5/I2C.c **** 
 115:Generated_Source\PSoC5/I2C.c **** 
 116:Generated_Source\PSoC5/I2C.c **** /*******************************************************************************
 117:Generated_Source\PSoC5/I2C.c **** * Function Name: I2C_Enable
 118:Generated_Source\PSoC5/I2C.c **** ********************************************************************************
 119:Generated_Source\PSoC5/I2C.c **** *
 120:Generated_Source\PSoC5/I2C.c **** * Summary:
 121:Generated_Source\PSoC5/I2C.c **** *  Enables I2C operations.
 122:Generated_Source\PSoC5/I2C.c **** *
ARM GAS  C:\Users\Will\AppData\Local\Temp\ccj3c1K2.s 			page 5


 123:Generated_Source\PSoC5/I2C.c **** * Parameters:
 124:Generated_Source\PSoC5/I2C.c **** *  None.
 125:Generated_Source\PSoC5/I2C.c **** *
 126:Generated_Source\PSoC5/I2C.c **** * Return:
 127:Generated_Source\PSoC5/I2C.c **** *  None.
 128:Generated_Source\PSoC5/I2C.c **** *
 129:Generated_Source\PSoC5/I2C.c **** * Global variables:
 130:Generated_Source\PSoC5/I2C.c **** *  None.
 131:Generated_Source\PSoC5/I2C.c **** *
 132:Generated_Source\PSoC5/I2C.c **** *******************************************************************************/
 133:Generated_Source\PSoC5/I2C.c **** void I2C_Enable(void) 
 134:Generated_Source\PSoC5/I2C.c **** {
 107              		.loc 1 134 0
 108              		.cfi_startproc
 109              		@ args = 0, pretend = 0, frame = 0
 110              		@ frame_needed = 0, uses_anonymous_args = 0
 111 0000 08B5     		push	{r3, lr}
 112              		.cfi_def_cfa_offset 8
 113              		.cfi_offset 3, -8
 114              		.cfi_offset 14, -4
 135:Generated_Source\PSoC5/I2C.c **** #if (I2C_FF_IMPLEMENTED)
 136:Generated_Source\PSoC5/I2C.c ****     uint8 intState;
 137:Generated_Source\PSoC5/I2C.c **** 
 138:Generated_Source\PSoC5/I2C.c ****     /* Enable power to block */
 139:Generated_Source\PSoC5/I2C.c ****     intState = CyEnterCriticalSection();
 115              		.loc 1 139 0
 116 0002 FFF7FEFF 		bl	CyEnterCriticalSection
 117              	.LVL2:
 140:Generated_Source\PSoC5/I2C.c ****     I2C_ACT_PWRMGR_REG  |= I2C_ACT_PWR_EN;
 118              		.loc 1 140 0
 119 0006 064A     		ldr	r2, .L7
 120 0008 1378     		ldrb	r3, [r2]	@ zero_extendqisi2
 121 000a 43F00403 		orr	r3, r3, #4
 122 000e 1370     		strb	r3, [r2]
 141:Generated_Source\PSoC5/I2C.c ****     I2C_STBY_PWRMGR_REG |= I2C_STBY_PWR_EN;
 123              		.loc 1 141 0
 124 0010 1032     		adds	r2, r2, #16
 125 0012 1378     		ldrb	r3, [r2]	@ zero_extendqisi2
 126 0014 43F00403 		orr	r3, r3, #4
 127 0018 1370     		strb	r3, [r2]
 142:Generated_Source\PSoC5/I2C.c ****     CyExitCriticalSection(intState);
 128              		.loc 1 142 0
 129 001a FFF7FEFF 		bl	CyExitCriticalSection
 130              	.LVL3:
 131 001e 08BD     		pop	{r3, pc}
 132              	.L8:
 133              		.align	2
 134              	.L7:
 135 0020 A5430040 		.word	1073759141
 136              		.cfi_endproc
 137              	.LFE1:
 138              		.size	I2C_Enable, .-I2C_Enable
 139              		.section	.text.I2C_Start,"ax",%progbits
 140              		.align	2
 141              		.global	I2C_Start
 142              		.thumb
 143              		.thumb_func
ARM GAS  C:\Users\Will\AppData\Local\Temp\ccj3c1K2.s 			page 6


 144              		.type	I2C_Start, %function
 145              	I2C_Start:
 146              	.LFB2:
 143:Generated_Source\PSoC5/I2C.c **** #else
 144:Generated_Source\PSoC5/I2C.c ****     #if (I2C_MODE_SLAVE_ENABLED)
 145:Generated_Source\PSoC5/I2C.c ****         /* Enable bit counter */
 146:Generated_Source\PSoC5/I2C.c ****         uint8 intState = CyEnterCriticalSection();
 147:Generated_Source\PSoC5/I2C.c ****         I2C_COUNTER_AUX_CTL_REG |= I2C_CNT7_ENABLE;
 148:Generated_Source\PSoC5/I2C.c ****         CyExitCriticalSection(intState);
 149:Generated_Source\PSoC5/I2C.c ****     #endif /* (I2C_MODE_SLAVE_ENABLED) */
 150:Generated_Source\PSoC5/I2C.c **** 
 151:Generated_Source\PSoC5/I2C.c ****     /* Enable slave or master bits */
 152:Generated_Source\PSoC5/I2C.c ****     I2C_CFG_REG |= I2C_ENABLE_MS;
 153:Generated_Source\PSoC5/I2C.c **** #endif /* (I2C_FF_IMPLEMENTED) */
 154:Generated_Source\PSoC5/I2C.c **** 
 155:Generated_Source\PSoC5/I2C.c **** #if (I2C_TIMEOUT_ENABLED)
 156:Generated_Source\PSoC5/I2C.c ****     I2C_TimeoutEnable();
 157:Generated_Source\PSoC5/I2C.c **** #endif /* (I2C_TIMEOUT_ENABLED) */
 158:Generated_Source\PSoC5/I2C.c **** }
 159:Generated_Source\PSoC5/I2C.c **** 
 160:Generated_Source\PSoC5/I2C.c **** 
 161:Generated_Source\PSoC5/I2C.c **** /*******************************************************************************
 162:Generated_Source\PSoC5/I2C.c **** * Function Name: I2C_Start
 163:Generated_Source\PSoC5/I2C.c **** ********************************************************************************
 164:Generated_Source\PSoC5/I2C.c **** *
 165:Generated_Source\PSoC5/I2C.c **** * Summary:
 166:Generated_Source\PSoC5/I2C.c **** *  Starts the I2C hardware. Enables Active mode power template bits or clock
 167:Generated_Source\PSoC5/I2C.c **** *  gating as appropriate. It is required to be executed before I2C bus
 168:Generated_Source\PSoC5/I2C.c **** *  operation.
 169:Generated_Source\PSoC5/I2C.c **** *
 170:Generated_Source\PSoC5/I2C.c **** * Parameters:
 171:Generated_Source\PSoC5/I2C.c **** *  None.
 172:Generated_Source\PSoC5/I2C.c **** *
 173:Generated_Source\PSoC5/I2C.c **** * Return:
 174:Generated_Source\PSoC5/I2C.c **** *  None.
 175:Generated_Source\PSoC5/I2C.c **** *
 176:Generated_Source\PSoC5/I2C.c **** * Side Effects:
 177:Generated_Source\PSoC5/I2C.c **** *  This component automatically enables its interrupt.  If I2C is enabled !
 178:Generated_Source\PSoC5/I2C.c **** *  without the interrupt enabled, it can lock up the I2C bus.
 179:Generated_Source\PSoC5/I2C.c **** *
 180:Generated_Source\PSoC5/I2C.c **** * Global variables:
 181:Generated_Source\PSoC5/I2C.c **** *  I2C_initVar - This variable is used to check the initial
 182:Generated_Source\PSoC5/I2C.c **** *                             configuration, modified on the first
 183:Generated_Source\PSoC5/I2C.c **** *                             function call.
 184:Generated_Source\PSoC5/I2C.c **** *
 185:Generated_Source\PSoC5/I2C.c **** * Reentrant:
 186:Generated_Source\PSoC5/I2C.c **** *  No.
 187:Generated_Source\PSoC5/I2C.c **** *
 188:Generated_Source\PSoC5/I2C.c **** *******************************************************************************/
 189:Generated_Source\PSoC5/I2C.c **** void I2C_Start(void) 
 190:Generated_Source\PSoC5/I2C.c **** {
 147              		.loc 1 190 0
 148              		.cfi_startproc
 149              		@ args = 0, pretend = 0, frame = 0
 150              		@ frame_needed = 0, uses_anonymous_args = 0
 151 0000 08B5     		push	{r3, lr}
 152              		.cfi_def_cfa_offset 8
ARM GAS  C:\Users\Will\AppData\Local\Temp\ccj3c1K2.s 			page 7


 153              		.cfi_offset 3, -8
 154              		.cfi_offset 14, -4
 191:Generated_Source\PSoC5/I2C.c ****     if (0u == I2C_initVar)
 155              		.loc 1 191 0
 156 0002 074B     		ldr	r3, .L12
 157 0004 1B78     		ldrb	r3, [r3]	@ zero_extendqisi2
 158 0006 23B9     		cbnz	r3, .L10
 192:Generated_Source\PSoC5/I2C.c ****     {
 193:Generated_Source\PSoC5/I2C.c ****         I2C_Init();
 159              		.loc 1 193 0
 160 0008 FFF7FEFF 		bl	I2C_Init
 161              	.LVL4:
 194:Generated_Source\PSoC5/I2C.c ****         I2C_initVar = 1u; /* Component initialized */
 162              		.loc 1 194 0
 163 000c 0122     		movs	r2, #1
 164 000e 044B     		ldr	r3, .L12
 165 0010 1A70     		strb	r2, [r3]
 166              	.L10:
 195:Generated_Source\PSoC5/I2C.c ****     }
 196:Generated_Source\PSoC5/I2C.c **** 
 197:Generated_Source\PSoC5/I2C.c ****     I2C_Enable();
 167              		.loc 1 197 0
 168 0012 FFF7FEFF 		bl	I2C_Enable
 169              	.LVL5:
 198:Generated_Source\PSoC5/I2C.c ****     I2C_EnableInt();
 170              		.loc 1 198 0
 171 0016 4FF40042 		mov	r2, #32768
 172 001a 024B     		ldr	r3, .L12+4
 173 001c 1A60     		str	r2, [r3]
 174 001e 08BD     		pop	{r3, pc}
 175              	.L13:
 176              		.align	2
 177              	.L12:
 178 0020 00000000 		.word	.LANCHOR0
 179 0024 00E100E0 		.word	-536813312
 180              		.cfi_endproc
 181              	.LFE2:
 182              		.size	I2C_Start, .-I2C_Start
 183              		.section	.text.I2C_Stop,"ax",%progbits
 184              		.align	2
 185              		.global	I2C_Stop
 186              		.thumb
 187              		.thumb_func
 188              		.type	I2C_Stop, %function
 189              	I2C_Stop:
 190              	.LFB3:
 199:Generated_Source\PSoC5/I2C.c **** }
 200:Generated_Source\PSoC5/I2C.c **** 
 201:Generated_Source\PSoC5/I2C.c **** 
 202:Generated_Source\PSoC5/I2C.c **** /*******************************************************************************
 203:Generated_Source\PSoC5/I2C.c **** * Function Name: I2C_Stop
 204:Generated_Source\PSoC5/I2C.c **** ********************************************************************************
 205:Generated_Source\PSoC5/I2C.c **** *
 206:Generated_Source\PSoC5/I2C.c **** * Summary:
 207:Generated_Source\PSoC5/I2C.c **** *  Disables I2C hardware and disables I2C interrupt. Disables Active mode power
 208:Generated_Source\PSoC5/I2C.c **** *  template bits or clock gating as appropriate.
 209:Generated_Source\PSoC5/I2C.c **** *
ARM GAS  C:\Users\Will\AppData\Local\Temp\ccj3c1K2.s 			page 8


 210:Generated_Source\PSoC5/I2C.c **** * Parameters:
 211:Generated_Source\PSoC5/I2C.c **** *  None.
 212:Generated_Source\PSoC5/I2C.c **** *
 213:Generated_Source\PSoC5/I2C.c **** * Return:
 214:Generated_Source\PSoC5/I2C.c **** *  None.
 215:Generated_Source\PSoC5/I2C.c **** *
 216:Generated_Source\PSoC5/I2C.c **** *******************************************************************************/
 217:Generated_Source\PSoC5/I2C.c **** void I2C_Stop(void) 
 218:Generated_Source\PSoC5/I2C.c **** {
 191              		.loc 1 218 0
 192              		.cfi_startproc
 193              		@ args = 0, pretend = 0, frame = 0
 194              		@ frame_needed = 0, uses_anonymous_args = 0
 195 0000 2DE9F843 		push	{r3, r4, r5, r6, r7, r8, r9, lr}
 196              		.cfi_def_cfa_offset 32
 197              		.cfi_offset 3, -32
 198              		.cfi_offset 4, -28
 199              		.cfi_offset 5, -24
 200              		.cfi_offset 6, -20
 201              		.cfi_offset 7, -16
 202              		.cfi_offset 8, -12
 203              		.cfi_offset 9, -8
 204              		.cfi_offset 14, -4
 219:Generated_Source\PSoC5/I2C.c ****     I2C_DisableInt();
 205              		.loc 1 219 0
 206 0004 4FF40049 		mov	r9, #32768
 207 0008 214B     		ldr	r3, .L16
 208 000a C3F80090 		str	r9, [r3]
 209              	.LBB2:
 220:Generated_Source\PSoC5/I2C.c **** 
 221:Generated_Source\PSoC5/I2C.c **** #if (I2C_TIMEOUT_ENABLED)
 222:Generated_Source\PSoC5/I2C.c ****     I2C_TimeoutStop();
 223:Generated_Source\PSoC5/I2C.c **** #endif  /* End (I2C_TIMEOUT_ENABLED) */
 224:Generated_Source\PSoC5/I2C.c **** 
 225:Generated_Source\PSoC5/I2C.c **** #if (I2C_FF_IMPLEMENTED)
 226:Generated_Source\PSoC5/I2C.c ****     {
 227:Generated_Source\PSoC5/I2C.c ****         uint8 intState;
 228:Generated_Source\PSoC5/I2C.c ****         uint16 blockResetCycles;
 229:Generated_Source\PSoC5/I2C.c **** 
 230:Generated_Source\PSoC5/I2C.c ****         /* Store registers effected by block disable */
 231:Generated_Source\PSoC5/I2C.c ****         I2C_backup.addr    = I2C_ADDR_REG;
 210              		.loc 1 231 0
 211 000e DFF8A080 		ldr	r8, .L16+32
 212 0012 98F80030 		ldrb	r3, [r8]	@ zero_extendqisi2
 213 0016 1F4C     		ldr	r4, .L16+4
 214 0018 E370     		strb	r3, [r4, #3]
 232:Generated_Source\PSoC5/I2C.c ****         I2C_backup.clkDiv1 = I2C_CLKDIV1_REG;
 215              		.loc 1 232 0
 216 001a 1F4F     		ldr	r7, .L16+8
 217 001c 3B78     		ldrb	r3, [r7]	@ zero_extendqisi2
 218 001e 2371     		strb	r3, [r4, #4]
 233:Generated_Source\PSoC5/I2C.c ****         I2C_backup.clkDiv2 = I2C_CLKDIV2_REG;
 219              		.loc 1 233 0
 220 0020 1E4E     		ldr	r6, .L16+12
 221 0022 3378     		ldrb	r3, [r6]	@ zero_extendqisi2
 222 0024 6371     		strb	r3, [r4, #5]
 234:Generated_Source\PSoC5/I2C.c **** 
ARM GAS  C:\Users\Will\AppData\Local\Temp\ccj3c1K2.s 			page 9


 235:Generated_Source\PSoC5/I2C.c ****         /* Calculate number of cycles to reset block */
 236:Generated_Source\PSoC5/I2C.c ****         blockResetCycles = ((uint16) ((uint16) I2C_CLKDIV2_REG << 8u) | I2C_CLKDIV1_REG) + 1u;
 223              		.loc 1 236 0
 224 0026 3078     		ldrb	r0, [r6]	@ zero_extendqisi2
 225 0028 3B78     		ldrb	r3, [r7]	@ zero_extendqisi2
 226 002a 43EA0020 		orr	r0, r3, r0, lsl #8
 227 002e 0130     		adds	r0, r0, #1
 228              	.LVL6:
 237:Generated_Source\PSoC5/I2C.c **** 
 238:Generated_Source\PSoC5/I2C.c ****         /* Disable block */
 239:Generated_Source\PSoC5/I2C.c ****         I2C_CFG_REG &= (uint8) ~I2C_CFG_EN_SLAVE;
 229              		.loc 1 239 0
 230 0030 1B4D     		ldr	r5, .L16+16
 231 0032 2B78     		ldrb	r3, [r5]	@ zero_extendqisi2
 232 0034 03F0FE03 		and	r3, r3, #254
 233 0038 2B70     		strb	r3, [r5]
 240:Generated_Source\PSoC5/I2C.c ****         /* Wait for block reset before disable power */
 241:Generated_Source\PSoC5/I2C.c ****         CyDelayCycles((uint32) blockResetCycles);
 234              		.loc 1 241 0
 235 003a 80B2     		uxth	r0, r0
 236 003c FFF7FEFF 		bl	CyDelayCycles
 237              	.LVL7:
 242:Generated_Source\PSoC5/I2C.c **** 
 243:Generated_Source\PSoC5/I2C.c ****         /* Disable power to block */
 244:Generated_Source\PSoC5/I2C.c ****         intState = CyEnterCriticalSection();
 238              		.loc 1 244 0
 239 0040 FFF7FEFF 		bl	CyEnterCriticalSection
 240              	.LVL8:
 245:Generated_Source\PSoC5/I2C.c ****         I2C_ACT_PWRMGR_REG  &= (uint8) ~I2C_ACT_PWR_EN;
 241              		.loc 1 245 0
 242 0044 174A     		ldr	r2, .L16+20
 243 0046 1378     		ldrb	r3, [r2]	@ zero_extendqisi2
 244 0048 03F0FB03 		and	r3, r3, #251
 245 004c 1370     		strb	r3, [r2]
 246:Generated_Source\PSoC5/I2C.c ****         I2C_STBY_PWRMGR_REG &= (uint8) ~I2C_STBY_PWR_EN;
 246              		.loc 1 246 0
 247 004e 1032     		adds	r2, r2, #16
 248 0050 1378     		ldrb	r3, [r2]	@ zero_extendqisi2
 249 0052 03F0FB03 		and	r3, r3, #251
 250 0056 1370     		strb	r3, [r2]
 247:Generated_Source\PSoC5/I2C.c ****         CyExitCriticalSection(intState);
 251              		.loc 1 247 0
 252 0058 FFF7FEFF 		bl	CyExitCriticalSection
 253              	.LVL9:
 248:Generated_Source\PSoC5/I2C.c **** 
 249:Generated_Source\PSoC5/I2C.c ****         /* Enable block */
 250:Generated_Source\PSoC5/I2C.c ****         I2C_CFG_REG |= (uint8) I2C_ENABLE_MS;
 254              		.loc 1 250 0
 255 005c 2B78     		ldrb	r3, [r5]	@ zero_extendqisi2
 256 005e 43F00203 		orr	r3, r3, #2
 257 0062 2B70     		strb	r3, [r5]
 251:Generated_Source\PSoC5/I2C.c **** 
 252:Generated_Source\PSoC5/I2C.c ****         /* Restore registers effected by block disable. Ticket ID#198004 */
 253:Generated_Source\PSoC5/I2C.c ****         I2C_ADDR_REG    = I2C_backup.addr;
 258              		.loc 1 253 0
 259 0064 E378     		ldrb	r3, [r4, #3]	@ zero_extendqisi2
 260 0066 88F80030 		strb	r3, [r8]
ARM GAS  C:\Users\Will\AppData\Local\Temp\ccj3c1K2.s 			page 10


 254:Generated_Source\PSoC5/I2C.c ****         I2C_ADDR_REG    = I2C_backup.addr;
 261              		.loc 1 254 0
 262 006a E378     		ldrb	r3, [r4, #3]	@ zero_extendqisi2
 263 006c 88F80030 		strb	r3, [r8]
 255:Generated_Source\PSoC5/I2C.c ****         I2C_CLKDIV1_REG = I2C_backup.clkDiv1;
 264              		.loc 1 255 0
 265 0070 2379     		ldrb	r3, [r4, #4]	@ zero_extendqisi2
 266 0072 3B70     		strb	r3, [r7]
 256:Generated_Source\PSoC5/I2C.c ****         I2C_CLKDIV2_REG = I2C_backup.clkDiv2;
 267              		.loc 1 256 0
 268 0074 6379     		ldrb	r3, [r4, #5]	@ zero_extendqisi2
 269 0076 3370     		strb	r3, [r6]
 270              	.LBE2:
 257:Generated_Source\PSoC5/I2C.c ****     }
 258:Generated_Source\PSoC5/I2C.c **** #else
 259:Generated_Source\PSoC5/I2C.c **** 
 260:Generated_Source\PSoC5/I2C.c ****     /* Disable slave or master bits */
 261:Generated_Source\PSoC5/I2C.c ****     I2C_CFG_REG &= (uint8) ~I2C_ENABLE_MS;
 262:Generated_Source\PSoC5/I2C.c **** 
 263:Generated_Source\PSoC5/I2C.c **** #if (I2C_MODE_SLAVE_ENABLED)
 264:Generated_Source\PSoC5/I2C.c ****     {
 265:Generated_Source\PSoC5/I2C.c ****         /* Disable bit counter */
 266:Generated_Source\PSoC5/I2C.c ****         uint8 intState = CyEnterCriticalSection();
 267:Generated_Source\PSoC5/I2C.c ****         I2C_COUNTER_AUX_CTL_REG &= (uint8) ~I2C_CNT7_ENABLE;
 268:Generated_Source\PSoC5/I2C.c ****         CyExitCriticalSection(intState);
 269:Generated_Source\PSoC5/I2C.c ****     }
 270:Generated_Source\PSoC5/I2C.c **** #endif /* (I2C_MODE_SLAVE_ENABLED) */
 271:Generated_Source\PSoC5/I2C.c **** 
 272:Generated_Source\PSoC5/I2C.c ****     /* Clear interrupt source register */
 273:Generated_Source\PSoC5/I2C.c ****     (void) I2C_CSR_REG;
 274:Generated_Source\PSoC5/I2C.c **** #endif /* (I2C_FF_IMPLEMENTED) */
 275:Generated_Source\PSoC5/I2C.c **** 
 276:Generated_Source\PSoC5/I2C.c ****     /* Disable interrupt on stop (enabled by write transaction) */
 277:Generated_Source\PSoC5/I2C.c ****     I2C_DISABLE_INT_ON_STOP;
 271              		.loc 1 277 0
 272 0078 2B78     		ldrb	r3, [r5]	@ zero_extendqisi2
 273 007a 03F0EF03 		and	r3, r3, #239
 274 007e 2B70     		strb	r3, [r5]
 278:Generated_Source\PSoC5/I2C.c ****     I2C_ClearPendingInt();
 275              		.loc 1 278 0
 276 0080 094B     		ldr	r3, .L16+24
 277 0082 C3F80090 		str	r9, [r3]
 279:Generated_Source\PSoC5/I2C.c **** 
 280:Generated_Source\PSoC5/I2C.c ****     /* Reset FSM to default state */
 281:Generated_Source\PSoC5/I2C.c ****     I2C_state = I2C_SM_IDLE;
 278              		.loc 1 281 0
 279 0086 1022     		movs	r2, #16
 280 0088 084B     		ldr	r3, .L16+28
 281 008a 1A70     		strb	r2, [r3]
 282 008c BDE8F883 		pop	{r3, r4, r5, r6, r7, r8, r9, pc}
 283              	.L17:
 284              		.align	2
 285              	.L16:
 286 0090 80E100E0 		.word	-536813184
 287 0094 00000000 		.word	I2C_backup
 288 0098 DB490040 		.word	1073760731
 289 009c DC490040 		.word	1073760732
ARM GAS  C:\Users\Will\AppData\Local\Temp\ccj3c1K2.s 			page 11


 290 00a0 D6490040 		.word	1073760726
 291 00a4 A5430040 		.word	1073759141
 292 00a8 80E200E0 		.word	-536812928
 293 00ac 00000000 		.word	I2C_state
 294 00b0 CA490040 		.word	1073760714
 295              		.cfi_endproc
 296              	.LFE3:
 297              		.size	I2C_Stop, .-I2C_Stop
 298              		.comm	I2C_state,1,1
 299              		.global	I2C_initVar
 300              		.bss
 301              		.set	.LANCHOR0,. + 0
 302              		.type	I2C_initVar, %object
 303              		.size	I2C_initVar, 1
 304              	I2C_initVar:
 305 0000 00       		.space	1
 306              		.text
 307              	.Letext0:
 308              		.file 2 "Generated_Source\\PSoC5\\cytypes.h"
 309              		.file 3 "Generated_Source\\PSoC5\\I2C.h"
 310              		.file 4 "Generated_Source\\PSoC5\\I2C_PVT.h"
 311              		.file 5 "Generated_Source\\PSoC5\\CyLib.h"
 312              		.section	.debug_info,"",%progbits
 313              	.Ldebug_info0:
 314 0000 AA020000 		.4byte	0x2aa
 315 0004 0400     		.2byte	0x4
 316 0006 00000000 		.4byte	.Ldebug_abbrev0
 317 000a 04       		.byte	0x4
 318 000b 01       		.uleb128 0x1
 319 000c 30010000 		.4byte	.LASF42
 320 0010 0C       		.byte	0xc
 321 0011 0C030000 		.4byte	.LASF43
 322 0015 52000000 		.4byte	.LASF44
 323 0019 00000000 		.4byte	.Ldebug_ranges0+0
 324 001d 00000000 		.4byte	0
 325 0021 00000000 		.4byte	.Ldebug_line0
 326 0025 02       		.uleb128 0x2
 327 0026 01       		.byte	0x1
 328 0027 06       		.byte	0x6
 329 0028 67020000 		.4byte	.LASF0
 330 002c 02       		.uleb128 0x2
 331 002d 01       		.byte	0x1
 332 002e 08       		.byte	0x8
 333 002f 22010000 		.4byte	.LASF1
 334 0033 02       		.uleb128 0x2
 335 0034 02       		.byte	0x2
 336 0035 05       		.byte	0x5
 337 0036 AF020000 		.4byte	.LASF2
 338 003a 02       		.uleb128 0x2
 339 003b 02       		.byte	0x2
 340 003c 07       		.byte	0x7
 341 003d 2E000000 		.4byte	.LASF3
 342 0041 02       		.uleb128 0x2
 343 0042 04       		.byte	0x4
 344 0043 05       		.byte	0x5
 345 0044 CE020000 		.4byte	.LASF4
 346 0048 02       		.uleb128 0x2
ARM GAS  C:\Users\Will\AppData\Local\Temp\ccj3c1K2.s 			page 12


 347 0049 04       		.byte	0x4
 348 004a 07       		.byte	0x7
 349 004b C3010000 		.4byte	.LASF5
 350 004f 02       		.uleb128 0x2
 351 0050 08       		.byte	0x8
 352 0051 05       		.byte	0x5
 353 0052 85020000 		.4byte	.LASF6
 354 0056 02       		.uleb128 0x2
 355 0057 08       		.byte	0x8
 356 0058 07       		.byte	0x7
 357 0059 0B010000 		.4byte	.LASF7
 358 005d 03       		.uleb128 0x3
 359 005e 04       		.byte	0x4
 360 005f 05       		.byte	0x5
 361 0060 696E7400 		.ascii	"int\000"
 362 0064 02       		.uleb128 0x2
 363 0065 04       		.byte	0x4
 364 0066 07       		.byte	0x7
 365 0067 0C020000 		.4byte	.LASF8
 366 006b 04       		.uleb128 0x4
 367 006c B9020000 		.4byte	.LASF9
 368 0070 02       		.byte	0x2
 369 0071 E901     		.2byte	0x1e9
 370 0073 2C000000 		.4byte	0x2c
 371 0077 04       		.uleb128 0x4
 372 0078 EC010000 		.4byte	.LASF10
 373 007c 02       		.byte	0x2
 374 007d EA01     		.2byte	0x1ea
 375 007f 3A000000 		.4byte	0x3a
 376 0083 04       		.uleb128 0x4
 377 0084 FC010000 		.4byte	.LASF11
 378 0088 02       		.byte	0x2
 379 0089 EB01     		.2byte	0x1eb
 380 008b 48000000 		.4byte	0x48
 381 008f 02       		.uleb128 0x2
 382 0090 04       		.byte	0x4
 383 0091 04       		.byte	0x4
 384 0092 05010000 		.4byte	.LASF12
 385 0096 02       		.uleb128 0x2
 386 0097 08       		.byte	0x8
 387 0098 04       		.byte	0x4
 388 0099 E5010000 		.4byte	.LASF13
 389 009d 02       		.uleb128 0x2
 390 009e 01       		.byte	0x1
 391 009f 08       		.byte	0x8
 392 00a0 93020000 		.4byte	.LASF14
 393 00a4 04       		.uleb128 0x4
 394 00a5 BE010000 		.4byte	.LASF15
 395 00a9 02       		.byte	0x2
 396 00aa 9302     		.2byte	0x293
 397 00ac B0000000 		.4byte	0xb0
 398 00b0 05       		.uleb128 0x5
 399 00b1 6B000000 		.4byte	0x6b
 400 00b5 04       		.uleb128 0x4
 401 00b6 19000000 		.4byte	.LASF16
 402 00ba 02       		.byte	0x2
 403 00bb 9502     		.2byte	0x295
ARM GAS  C:\Users\Will\AppData\Local\Temp\ccj3c1K2.s 			page 13


 404 00bd C1000000 		.4byte	0xc1
 405 00c1 05       		.uleb128 0x5
 406 00c2 83000000 		.4byte	0x83
 407 00c6 02       		.uleb128 0x2
 408 00c7 08       		.byte	0x8
 409 00c8 04       		.byte	0x4
 410 00c9 E3020000 		.4byte	.LASF17
 411 00cd 02       		.uleb128 0x2
 412 00ce 04       		.byte	0x4
 413 00cf 07       		.byte	0x7
 414 00d0 7C020000 		.4byte	.LASF18
 415 00d4 06       		.uleb128 0x6
 416 00d5 06       		.byte	0x6
 417 00d6 03       		.byte	0x3
 418 00d7 76       		.byte	0x76
 419 00d8 25010000 		.4byte	0x125
 420 00dc 07       		.uleb128 0x7
 421 00dd D7020000 		.4byte	.LASF19
 422 00e1 03       		.byte	0x3
 423 00e2 78       		.byte	0x78
 424 00e3 6B000000 		.4byte	0x6b
 425 00e7 00       		.byte	0
 426 00e8 07       		.uleb128 0x7
 427 00e9 98020000 		.4byte	.LASF20
 428 00ed 03       		.byte	0x3
 429 00ee 7B       		.byte	0x7b
 430 00ef 6B000000 		.4byte	0x6b
 431 00f3 01       		.byte	0x1
 432 00f4 08       		.uleb128 0x8
 433 00f5 63666700 		.ascii	"cfg\000"
 434 00f9 03       		.byte	0x3
 435 00fa 7C       		.byte	0x7c
 436 00fb 6B000000 		.4byte	0x6b
 437 00ff 02       		.byte	0x2
 438 0100 07       		.uleb128 0x7
 439 0101 D5010000 		.4byte	.LASF21
 440 0105 03       		.byte	0x3
 441 0106 7D       		.byte	0x7d
 442 0107 6B000000 		.4byte	0x6b
 443 010b 03       		.byte	0x3
 444 010c 07       		.uleb128 0x7
 445 010d 40020000 		.4byte	.LASF22
 446 0111 03       		.byte	0x3
 447 0112 7E       		.byte	0x7e
 448 0113 6B000000 		.4byte	0x6b
 449 0117 04       		.byte	0x4
 450 0118 07       		.uleb128 0x7
 451 0119 48020000 		.4byte	.LASF23
 452 011d 03       		.byte	0x3
 453 011e 7F       		.byte	0x7f
 454 011f 6B000000 		.4byte	0x6b
 455 0123 05       		.byte	0x5
 456 0124 00       		.byte	0
 457 0125 09       		.uleb128 0x9
 458 0126 9D020000 		.4byte	.LASF24
 459 012a 03       		.byte	0x3
 460 012b 89       		.byte	0x89
ARM GAS  C:\Users\Will\AppData\Local\Temp\ccj3c1K2.s 			page 14


 461 012c D4000000 		.4byte	0xd4
 462 0130 0A       		.uleb128 0xa
 463 0131 73020000 		.4byte	.LASF25
 464 0135 01       		.byte	0x1
 465 0136 31       		.byte	0x31
 466 0137 00000000 		.4byte	.LFB0
 467 013b 68000000 		.4byte	.LFE0-.LFB0
 468 013f 01       		.uleb128 0x1
 469 0140 9C       		.byte	0x9c
 470 0141 70010000 		.4byte	0x170
 471 0145 0B       		.uleb128 0xb
 472 0146 30000000 		.4byte	.LVL0
 473 014a 76020000 		.4byte	0x276
 474 014e 5F010000 		.4byte	0x15f
 475 0152 0C       		.uleb128 0xc
 476 0153 01       		.uleb128 0x1
 477 0154 50       		.byte	0x50
 478 0155 02       		.uleb128 0x2
 479 0156 75       		.byte	0x75
 480 0157 00       		.sleb128 0
 481 0158 0C       		.uleb128 0xc
 482 0159 01       		.uleb128 0x1
 483 015a 51       		.byte	0x51
 484 015b 02       		.uleb128 0x2
 485 015c 74       		.byte	0x74
 486 015d 00       		.sleb128 0
 487 015e 00       		.byte	0
 488 015f 0D       		.uleb128 0xd
 489 0160 38000000 		.4byte	.LVL1
 490 0164 81020000 		.4byte	0x281
 491 0168 0C       		.uleb128 0xc
 492 0169 01       		.uleb128 0x1
 493 016a 50       		.byte	0x50
 494 016b 02       		.uleb128 0x2
 495 016c 75       		.byte	0x75
 496 016d 00       		.sleb128 0
 497 016e 00       		.byte	0
 498 016f 00       		.byte	0
 499 0170 0A       		.uleb128 0xa
 500 0171 DA010000 		.4byte	.LASF26
 501 0175 01       		.byte	0x1
 502 0176 85       		.byte	0x85
 503 0177 00000000 		.4byte	.LFB1
 504 017b 24000000 		.4byte	.LFE1-.LFB1
 505 017f 01       		.uleb128 0x1
 506 0180 9C       		.byte	0x9c
 507 0181 A7010000 		.4byte	0x1a7
 508 0185 0E       		.uleb128 0xe
 509 0186 03020000 		.4byte	.LASF29
 510 018a 01       		.byte	0x1
 511 018b 88       		.byte	0x88
 512 018c 6B000000 		.4byte	0x6b
 513 0190 00000000 		.4byte	.LLST0
 514 0194 0F       		.uleb128 0xf
 515 0195 06000000 		.4byte	.LVL2
 516 0199 8C020000 		.4byte	0x28c
 517 019d 0F       		.uleb128 0xf
ARM GAS  C:\Users\Will\AppData\Local\Temp\ccj3c1K2.s 			page 15


 518 019e 1E000000 		.4byte	.LVL3
 519 01a2 97020000 		.4byte	0x297
 520 01a6 00       		.byte	0
 521 01a7 0A       		.uleb128 0xa
 522 01a8 E8000000 		.4byte	.LASF27
 523 01ac 01       		.byte	0x1
 524 01ad BD       		.byte	0xbd
 525 01ae 00000000 		.4byte	.LFB2
 526 01b2 28000000 		.4byte	.LFE2-.LFB2
 527 01b6 01       		.uleb128 0x1
 528 01b7 9C       		.byte	0x9c
 529 01b8 CF010000 		.4byte	0x1cf
 530 01bc 0F       		.uleb128 0xf
 531 01bd 0C000000 		.4byte	.LVL4
 532 01c1 30010000 		.4byte	0x130
 533 01c5 0F       		.uleb128 0xf
 534 01c6 16000000 		.4byte	.LVL5
 535 01ca 70010000 		.4byte	0x170
 536 01ce 00       		.byte	0
 537 01cf 0A       		.uleb128 0xa
 538 01d0 F3010000 		.4byte	.LASF28
 539 01d4 01       		.byte	0x1
 540 01d5 D9       		.byte	0xd9
 541 01d6 00000000 		.4byte	.LFB3
 542 01da B4000000 		.4byte	.LFE3-.LFB3
 543 01de 01       		.uleb128 0x1
 544 01df 9C       		.byte	0x9c
 545 01e0 28020000 		.4byte	0x228
 546 01e4 10       		.uleb128 0x10
 547 01e5 0E000000 		.4byte	.LBB2
 548 01e9 6A000000 		.4byte	.LBE2-.LBB2
 549 01ed 0E       		.uleb128 0xe
 550 01ee 03020000 		.4byte	.LASF29
 551 01f2 01       		.byte	0x1
 552 01f3 E3       		.byte	0xe3
 553 01f4 6B000000 		.4byte	0x6b
 554 01f8 13000000 		.4byte	.LLST1
 555 01fc 0E       		.uleb128 0xe
 556 01fd 41000000 		.4byte	.LASF30
 557 0201 01       		.byte	0x1
 558 0202 E4       		.byte	0xe4
 559 0203 77000000 		.4byte	0x77
 560 0207 26000000 		.4byte	.LLST2
 561 020b 0F       		.uleb128 0xf
 562 020c 40000000 		.4byte	.LVL7
 563 0210 A2020000 		.4byte	0x2a2
 564 0214 0F       		.uleb128 0xf
 565 0215 44000000 		.4byte	.LVL8
 566 0219 8C020000 		.4byte	0x28c
 567 021d 0F       		.uleb128 0xf
 568 021e 5C000000 		.4byte	.LVL9
 569 0222 97020000 		.4byte	0x297
 570 0226 00       		.byte	0
 571 0227 00       		.byte	0
 572 0228 11       		.uleb128 0x11
 573 0229 29030000 		.4byte	.LASF31
 574 022d 01       		.byte	0x1
ARM GAS  C:\Users\Will\AppData\Local\Temp\ccj3c1K2.s 			page 16


 575 022e 18       		.byte	0x18
 576 022f 6B000000 		.4byte	0x6b
 577 0233 05       		.uleb128 0x5
 578 0234 03       		.byte	0x3
 579 0235 00000000 		.4byte	I2C_initVar
 580 0239 12       		.uleb128 0x12
 581 023a 0E000000 		.4byte	.LASF32
 582 023e 04       		.byte	0x4
 583 023f 21       		.byte	0x21
 584 0240 25010000 		.4byte	0x125
 585 0244 11       		.uleb128 0x11
 586 0245 EF020000 		.4byte	.LASF33
 587 0249 01       		.byte	0x1
 588 024a 1A       		.byte	0x1a
 589 024b B0000000 		.4byte	0xb0
 590 024f 05       		.uleb128 0x5
 591 0250 03       		.byte	0x3
 592 0251 00000000 		.4byte	I2C_state
 593 0255 12       		.uleb128 0x12
 594 0256 BF020000 		.4byte	.LASF34
 595 025a 04       		.byte	0x4
 596 025b 27       		.byte	0x27
 597 025c B0000000 		.4byte	0xb0
 598 0260 12       		.uleb128 0x12
 599 0261 F2000000 		.4byte	.LASF35
 600 0265 04       		.byte	0x4
 601 0266 2D       		.byte	0x2d
 602 0267 B0000000 		.4byte	0xb0
 603 026b 12       		.uleb128 0x12
 604 026c F9020000 		.4byte	.LASF36
 605 0270 04       		.byte	0x4
 606 0271 32       		.byte	0x32
 607 0272 B0000000 		.4byte	0xb0
 608 0276 13       		.uleb128 0x13
 609 0277 2F020000 		.4byte	.LASF37
 610 027b 2F020000 		.4byte	.LASF37
 611 027f 05       		.byte	0x5
 612 0280 8B       		.byte	0x8b
 613 0281 13       		.uleb128 0x13
 614 0282 1F000000 		.4byte	.LASF38
 615 0286 1F000000 		.4byte	.LASF38
 616 028a 05       		.byte	0x5
 617 028b 88       		.byte	0x88
 618 028c 13       		.uleb128 0x13
 619 028d 50020000 		.4byte	.LASF39
 620 0291 50020000 		.4byte	.LASF39
 621 0295 05       		.byte	0x5
 622 0296 7D       		.byte	0x7d
 623 0297 13       		.uleb128 0x13
 624 0298 19020000 		.4byte	.LASF40
 625 029c 19020000 		.4byte	.LASF40
 626 02a0 05       		.byte	0x5
 627 02a1 7E       		.byte	0x7e
 628 02a2 13       		.uleb128 0x13
 629 02a3 00000000 		.4byte	.LASF41
 630 02a7 00000000 		.4byte	.LASF41
 631 02ab 05       		.byte	0x5
ARM GAS  C:\Users\Will\AppData\Local\Temp\ccj3c1K2.s 			page 17


 632 02ac 79       		.byte	0x79
 633 02ad 00       		.byte	0
 634              		.section	.debug_abbrev,"",%progbits
 635              	.Ldebug_abbrev0:
 636 0000 01       		.uleb128 0x1
 637 0001 11       		.uleb128 0x11
 638 0002 01       		.byte	0x1
 639 0003 25       		.uleb128 0x25
 640 0004 0E       		.uleb128 0xe
 641 0005 13       		.uleb128 0x13
 642 0006 0B       		.uleb128 0xb
 643 0007 03       		.uleb128 0x3
 644 0008 0E       		.uleb128 0xe
 645 0009 1B       		.uleb128 0x1b
 646 000a 0E       		.uleb128 0xe
 647 000b 55       		.uleb128 0x55
 648 000c 17       		.uleb128 0x17
 649 000d 11       		.uleb128 0x11
 650 000e 01       		.uleb128 0x1
 651 000f 10       		.uleb128 0x10
 652 0010 17       		.uleb128 0x17
 653 0011 00       		.byte	0
 654 0012 00       		.byte	0
 655 0013 02       		.uleb128 0x2
 656 0014 24       		.uleb128 0x24
 657 0015 00       		.byte	0
 658 0016 0B       		.uleb128 0xb
 659 0017 0B       		.uleb128 0xb
 660 0018 3E       		.uleb128 0x3e
 661 0019 0B       		.uleb128 0xb
 662 001a 03       		.uleb128 0x3
 663 001b 0E       		.uleb128 0xe
 664 001c 00       		.byte	0
 665 001d 00       		.byte	0
 666 001e 03       		.uleb128 0x3
 667 001f 24       		.uleb128 0x24
 668 0020 00       		.byte	0
 669 0021 0B       		.uleb128 0xb
 670 0022 0B       		.uleb128 0xb
 671 0023 3E       		.uleb128 0x3e
 672 0024 0B       		.uleb128 0xb
 673 0025 03       		.uleb128 0x3
 674 0026 08       		.uleb128 0x8
 675 0027 00       		.byte	0
 676 0028 00       		.byte	0
 677 0029 04       		.uleb128 0x4
 678 002a 16       		.uleb128 0x16
 679 002b 00       		.byte	0
 680 002c 03       		.uleb128 0x3
 681 002d 0E       		.uleb128 0xe
 682 002e 3A       		.uleb128 0x3a
 683 002f 0B       		.uleb128 0xb
 684 0030 3B       		.uleb128 0x3b
 685 0031 05       		.uleb128 0x5
 686 0032 49       		.uleb128 0x49
 687 0033 13       		.uleb128 0x13
 688 0034 00       		.byte	0
ARM GAS  C:\Users\Will\AppData\Local\Temp\ccj3c1K2.s 			page 18


 689 0035 00       		.byte	0
 690 0036 05       		.uleb128 0x5
 691 0037 35       		.uleb128 0x35
 692 0038 00       		.byte	0
 693 0039 49       		.uleb128 0x49
 694 003a 13       		.uleb128 0x13
 695 003b 00       		.byte	0
 696 003c 00       		.byte	0
 697 003d 06       		.uleb128 0x6
 698 003e 13       		.uleb128 0x13
 699 003f 01       		.byte	0x1
 700 0040 0B       		.uleb128 0xb
 701 0041 0B       		.uleb128 0xb
 702 0042 3A       		.uleb128 0x3a
 703 0043 0B       		.uleb128 0xb
 704 0044 3B       		.uleb128 0x3b
 705 0045 0B       		.uleb128 0xb
 706 0046 01       		.uleb128 0x1
 707 0047 13       		.uleb128 0x13
 708 0048 00       		.byte	0
 709 0049 00       		.byte	0
 710 004a 07       		.uleb128 0x7
 711 004b 0D       		.uleb128 0xd
 712 004c 00       		.byte	0
 713 004d 03       		.uleb128 0x3
 714 004e 0E       		.uleb128 0xe
 715 004f 3A       		.uleb128 0x3a
 716 0050 0B       		.uleb128 0xb
 717 0051 3B       		.uleb128 0x3b
 718 0052 0B       		.uleb128 0xb
 719 0053 49       		.uleb128 0x49
 720 0054 13       		.uleb128 0x13
 721 0055 38       		.uleb128 0x38
 722 0056 0B       		.uleb128 0xb
 723 0057 00       		.byte	0
 724 0058 00       		.byte	0
 725 0059 08       		.uleb128 0x8
 726 005a 0D       		.uleb128 0xd
 727 005b 00       		.byte	0
 728 005c 03       		.uleb128 0x3
 729 005d 08       		.uleb128 0x8
 730 005e 3A       		.uleb128 0x3a
 731 005f 0B       		.uleb128 0xb
 732 0060 3B       		.uleb128 0x3b
 733 0061 0B       		.uleb128 0xb
 734 0062 49       		.uleb128 0x49
 735 0063 13       		.uleb128 0x13
 736 0064 38       		.uleb128 0x38
 737 0065 0B       		.uleb128 0xb
 738 0066 00       		.byte	0
 739 0067 00       		.byte	0
 740 0068 09       		.uleb128 0x9
 741 0069 16       		.uleb128 0x16
 742 006a 00       		.byte	0
 743 006b 03       		.uleb128 0x3
 744 006c 0E       		.uleb128 0xe
 745 006d 3A       		.uleb128 0x3a
ARM GAS  C:\Users\Will\AppData\Local\Temp\ccj3c1K2.s 			page 19


 746 006e 0B       		.uleb128 0xb
 747 006f 3B       		.uleb128 0x3b
 748 0070 0B       		.uleb128 0xb
 749 0071 49       		.uleb128 0x49
 750 0072 13       		.uleb128 0x13
 751 0073 00       		.byte	0
 752 0074 00       		.byte	0
 753 0075 0A       		.uleb128 0xa
 754 0076 2E       		.uleb128 0x2e
 755 0077 01       		.byte	0x1
 756 0078 3F       		.uleb128 0x3f
 757 0079 19       		.uleb128 0x19
 758 007a 03       		.uleb128 0x3
 759 007b 0E       		.uleb128 0xe
 760 007c 3A       		.uleb128 0x3a
 761 007d 0B       		.uleb128 0xb
 762 007e 3B       		.uleb128 0x3b
 763 007f 0B       		.uleb128 0xb
 764 0080 27       		.uleb128 0x27
 765 0081 19       		.uleb128 0x19
 766 0082 11       		.uleb128 0x11
 767 0083 01       		.uleb128 0x1
 768 0084 12       		.uleb128 0x12
 769 0085 06       		.uleb128 0x6
 770 0086 40       		.uleb128 0x40
 771 0087 18       		.uleb128 0x18
 772 0088 9742     		.uleb128 0x2117
 773 008a 19       		.uleb128 0x19
 774 008b 01       		.uleb128 0x1
 775 008c 13       		.uleb128 0x13
 776 008d 00       		.byte	0
 777 008e 00       		.byte	0
 778 008f 0B       		.uleb128 0xb
 779 0090 898201   		.uleb128 0x4109
 780 0093 01       		.byte	0x1
 781 0094 11       		.uleb128 0x11
 782 0095 01       		.uleb128 0x1
 783 0096 31       		.uleb128 0x31
 784 0097 13       		.uleb128 0x13
 785 0098 01       		.uleb128 0x1
 786 0099 13       		.uleb128 0x13
 787 009a 00       		.byte	0
 788 009b 00       		.byte	0
 789 009c 0C       		.uleb128 0xc
 790 009d 8A8201   		.uleb128 0x410a
 791 00a0 00       		.byte	0
 792 00a1 02       		.uleb128 0x2
 793 00a2 18       		.uleb128 0x18
 794 00a3 9142     		.uleb128 0x2111
 795 00a5 18       		.uleb128 0x18
 796 00a6 00       		.byte	0
 797 00a7 00       		.byte	0
 798 00a8 0D       		.uleb128 0xd
 799 00a9 898201   		.uleb128 0x4109
 800 00ac 01       		.byte	0x1
 801 00ad 11       		.uleb128 0x11
 802 00ae 01       		.uleb128 0x1
ARM GAS  C:\Users\Will\AppData\Local\Temp\ccj3c1K2.s 			page 20


 803 00af 31       		.uleb128 0x31
 804 00b0 13       		.uleb128 0x13
 805 00b1 00       		.byte	0
 806 00b2 00       		.byte	0
 807 00b3 0E       		.uleb128 0xe
 808 00b4 34       		.uleb128 0x34
 809 00b5 00       		.byte	0
 810 00b6 03       		.uleb128 0x3
 811 00b7 0E       		.uleb128 0xe
 812 00b8 3A       		.uleb128 0x3a
 813 00b9 0B       		.uleb128 0xb
 814 00ba 3B       		.uleb128 0x3b
 815 00bb 0B       		.uleb128 0xb
 816 00bc 49       		.uleb128 0x49
 817 00bd 13       		.uleb128 0x13
 818 00be 02       		.uleb128 0x2
 819 00bf 17       		.uleb128 0x17
 820 00c0 00       		.byte	0
 821 00c1 00       		.byte	0
 822 00c2 0F       		.uleb128 0xf
 823 00c3 898201   		.uleb128 0x4109
 824 00c6 00       		.byte	0
 825 00c7 11       		.uleb128 0x11
 826 00c8 01       		.uleb128 0x1
 827 00c9 31       		.uleb128 0x31
 828 00ca 13       		.uleb128 0x13
 829 00cb 00       		.byte	0
 830 00cc 00       		.byte	0
 831 00cd 10       		.uleb128 0x10
 832 00ce 0B       		.uleb128 0xb
 833 00cf 01       		.byte	0x1
 834 00d0 11       		.uleb128 0x11
 835 00d1 01       		.uleb128 0x1
 836 00d2 12       		.uleb128 0x12
 837 00d3 06       		.uleb128 0x6
 838 00d4 00       		.byte	0
 839 00d5 00       		.byte	0
 840 00d6 11       		.uleb128 0x11
 841 00d7 34       		.uleb128 0x34
 842 00d8 00       		.byte	0
 843 00d9 03       		.uleb128 0x3
 844 00da 0E       		.uleb128 0xe
 845 00db 3A       		.uleb128 0x3a
 846 00dc 0B       		.uleb128 0xb
 847 00dd 3B       		.uleb128 0x3b
 848 00de 0B       		.uleb128 0xb
 849 00df 49       		.uleb128 0x49
 850 00e0 13       		.uleb128 0x13
 851 00e1 3F       		.uleb128 0x3f
 852 00e2 19       		.uleb128 0x19
 853 00e3 02       		.uleb128 0x2
 854 00e4 18       		.uleb128 0x18
 855 00e5 00       		.byte	0
 856 00e6 00       		.byte	0
 857 00e7 12       		.uleb128 0x12
 858 00e8 34       		.uleb128 0x34
 859 00e9 00       		.byte	0
ARM GAS  C:\Users\Will\AppData\Local\Temp\ccj3c1K2.s 			page 21


 860 00ea 03       		.uleb128 0x3
 861 00eb 0E       		.uleb128 0xe
 862 00ec 3A       		.uleb128 0x3a
 863 00ed 0B       		.uleb128 0xb
 864 00ee 3B       		.uleb128 0x3b
 865 00ef 0B       		.uleb128 0xb
 866 00f0 49       		.uleb128 0x49
 867 00f1 13       		.uleb128 0x13
 868 00f2 3F       		.uleb128 0x3f
 869 00f3 19       		.uleb128 0x19
 870 00f4 3C       		.uleb128 0x3c
 871 00f5 19       		.uleb128 0x19
 872 00f6 00       		.byte	0
 873 00f7 00       		.byte	0
 874 00f8 13       		.uleb128 0x13
 875 00f9 2E       		.uleb128 0x2e
 876 00fa 00       		.byte	0
 877 00fb 3F       		.uleb128 0x3f
 878 00fc 19       		.uleb128 0x19
 879 00fd 3C       		.uleb128 0x3c
 880 00fe 19       		.uleb128 0x19
 881 00ff 6E       		.uleb128 0x6e
 882 0100 0E       		.uleb128 0xe
 883 0101 03       		.uleb128 0x3
 884 0102 0E       		.uleb128 0xe
 885 0103 3A       		.uleb128 0x3a
 886 0104 0B       		.uleb128 0xb
 887 0105 3B       		.uleb128 0x3b
 888 0106 0B       		.uleb128 0xb
 889 0107 00       		.byte	0
 890 0108 00       		.byte	0
 891 0109 00       		.byte	0
 892              		.section	.debug_loc,"",%progbits
 893              	.Ldebug_loc0:
 894              	.LLST0:
 895 0000 06000000 		.4byte	.LVL2
 896 0004 1D000000 		.4byte	.LVL3-1
 897 0008 0100     		.2byte	0x1
 898 000a 50       		.byte	0x50
 899 000b 00000000 		.4byte	0
 900 000f 00000000 		.4byte	0
 901              	.LLST1:
 902 0013 44000000 		.4byte	.LVL8
 903 0017 5B000000 		.4byte	.LVL9-1
 904 001b 0100     		.2byte	0x1
 905 001d 50       		.byte	0x50
 906 001e 00000000 		.4byte	0
 907 0022 00000000 		.4byte	0
 908              	.LLST2:
 909 0026 30000000 		.4byte	.LVL6
 910 002a 3F000000 		.4byte	.LVL7-1
 911 002e 0100     		.2byte	0x1
 912 0030 50       		.byte	0x50
 913 0031 00000000 		.4byte	0
 914 0035 00000000 		.4byte	0
 915              		.section	.debug_aranges,"",%progbits
 916 0000 34000000 		.4byte	0x34
ARM GAS  C:\Users\Will\AppData\Local\Temp\ccj3c1K2.s 			page 22


 917 0004 0200     		.2byte	0x2
 918 0006 00000000 		.4byte	.Ldebug_info0
 919 000a 04       		.byte	0x4
 920 000b 00       		.byte	0
 921 000c 0000     		.2byte	0
 922 000e 0000     		.2byte	0
 923 0010 00000000 		.4byte	.LFB0
 924 0014 68000000 		.4byte	.LFE0-.LFB0
 925 0018 00000000 		.4byte	.LFB1
 926 001c 24000000 		.4byte	.LFE1-.LFB1
 927 0020 00000000 		.4byte	.LFB2
 928 0024 28000000 		.4byte	.LFE2-.LFB2
 929 0028 00000000 		.4byte	.LFB3
 930 002c B4000000 		.4byte	.LFE3-.LFB3
 931 0030 00000000 		.4byte	0
 932 0034 00000000 		.4byte	0
 933              		.section	.debug_ranges,"",%progbits
 934              	.Ldebug_ranges0:
 935 0000 00000000 		.4byte	.LFB0
 936 0004 68000000 		.4byte	.LFE0
 937 0008 00000000 		.4byte	.LFB1
 938 000c 24000000 		.4byte	.LFE1
 939 0010 00000000 		.4byte	.LFB2
 940 0014 28000000 		.4byte	.LFE2
 941 0018 00000000 		.4byte	.LFB3
 942 001c B4000000 		.4byte	.LFE3
 943 0020 00000000 		.4byte	0
 944 0024 00000000 		.4byte	0
 945              		.section	.debug_line,"",%progbits
 946              	.Ldebug_line0:
 947 0000 D5000000 		.section	.debug_str,"MS",%progbits,1
 947      02006100 
 947      00000201 
 947      FB0E0D00 
 947      01010101 
 948              	.LASF41:
 949 0000 43794465 		.ascii	"CyDelayCycles\000"
 949      6C617943 
 949      79636C65 
 949      7300
 950              	.LASF32:
 951 000e 4932435F 		.ascii	"I2C_backup\000"
 951      6261636B 
 951      757000
 952              	.LASF16:
 953 0019 72656733 		.ascii	"reg32\000"
 953      3200
 954              	.LASF38:
 955 001f 4379496E 		.ascii	"CyIntSetVector\000"
 955      74536574 
 955      56656374 
 955      6F7200
 956              	.LASF3:
 957 002e 73686F72 		.ascii	"short unsigned int\000"
 957      7420756E 
 957      7369676E 
 957      65642069 
ARM GAS  C:\Users\Will\AppData\Local\Temp\ccj3c1K2.s 			page 23


 957      6E7400
 958              	.LASF30:
 959 0041 626C6F63 		.ascii	"blockResetCycles\000"
 959      6B526573 
 959      65744379 
 959      636C6573 
 959      00
 960              	.LASF44:
 961 0052 433A5C55 		.ascii	"C:\\Users\\Will\\OneDrive - Southern Illinois Unive"
 961      73657273 
 961      5C57696C 
 961      6C5C4F6E 
 961      65447269 
 962 0082 72736974 		.ascii	"rsity Edwardsville\\Spring 2021\\ECE 381\\Psoc_Proj"
 962      79204564 
 962      77617264 
 962      7376696C 
 962      6C655C53 
 963 00b2 65637473 		.ascii	"ects\\Lab_Projects\\ece381_finalproject_Gallagher.c"
 963      5C4C6162 
 963      5F50726F 
 963      6A656374 
 963      735C6563 
 964 00e3 7964736E 		.ascii	"ydsn\000"
 964      00
 965              	.LASF27:
 966 00e8 4932435F 		.ascii	"I2C_Start\000"
 966      53746172 
 966      7400
 967              	.LASF35:
 968 00f2 4932435F 		.ascii	"I2C_mstrRdBufIndex\000"
 968      6D737472 
 968      52644275 
 968      66496E64 
 968      657800
 969              	.LASF12:
 970 0105 666C6F61 		.ascii	"float\000"
 970      7400
 971              	.LASF7:
 972 010b 6C6F6E67 		.ascii	"long long unsigned int\000"
 972      206C6F6E 
 972      6720756E 
 972      7369676E 
 972      65642069 
 973              	.LASF1:
 974 0122 756E7369 		.ascii	"unsigned char\000"
 974      676E6564 
 974      20636861 
 974      7200
 975              	.LASF42:
 976 0130 474E5520 		.ascii	"GNU C11 5.4.1 20160609 (release) [ARM/embedded-5-br"
 976      43313120 
 976      352E342E 
 976      31203230 
 976      31363036 
 977 0163 616E6368 		.ascii	"anch revision 237715] -mcpu=cortex-m3 -mthumb -g -O"
 977      20726576 
ARM GAS  C:\Users\Will\AppData\Local\Temp\ccj3c1K2.s 			page 24


 977      6973696F 
 977      6E203233 
 977      37373135 
 978 0196 67202D66 		.ascii	"g -ffunction-sections -ffat-lto-objects\000"
 978      66756E63 
 978      74696F6E 
 978      2D736563 
 978      74696F6E 
 979              	.LASF15:
 980 01be 72656738 		.ascii	"reg8\000"
 980      00
 981              	.LASF5:
 982 01c3 6C6F6E67 		.ascii	"long unsigned int\000"
 982      20756E73 
 982      69676E65 
 982      6420696E 
 982      7400
 983              	.LASF21:
 984 01d5 61646472 		.ascii	"addr\000"
 984      00
 985              	.LASF26:
 986 01da 4932435F 		.ascii	"I2C_Enable\000"
 986      456E6162 
 986      6C6500
 987              	.LASF13:
 988 01e5 646F7562 		.ascii	"double\000"
 988      6C6500
 989              	.LASF10:
 990 01ec 75696E74 		.ascii	"uint16\000"
 990      313600
 991              	.LASF28:
 992 01f3 4932435F 		.ascii	"I2C_Stop\000"
 992      53746F70 
 992      00
 993              	.LASF11:
 994 01fc 75696E74 		.ascii	"uint32\000"
 994      333200
 995              	.LASF29:
 996 0203 696E7453 		.ascii	"intState\000"
 996      74617465 
 996      00
 997              	.LASF8:
 998 020c 756E7369 		.ascii	"unsigned int\000"
 998      676E6564 
 998      20696E74 
 998      00
 999              	.LASF40:
 1000 0219 43794578 		.ascii	"CyExitCriticalSection\000"
 1000      69744372 
 1000      69746963 
 1000      616C5365 
 1000      6374696F 
 1001              	.LASF37:
 1002 022f 4379496E 		.ascii	"CyIntSetPriority\000"
 1002      74536574 
 1002      5072696F 
 1002      72697479 
ARM GAS  C:\Users\Will\AppData\Local\Temp\ccj3c1K2.s 			page 25


 1002      00
 1003              	.LASF22:
 1004 0240 636C6B44 		.ascii	"clkDiv1\000"
 1004      69763100 
 1005              	.LASF23:
 1006 0248 636C6B44 		.ascii	"clkDiv2\000"
 1006      69763200 
 1007              	.LASF39:
 1008 0250 4379456E 		.ascii	"CyEnterCriticalSection\000"
 1008      74657243 
 1008      72697469 
 1008      63616C53 
 1008      65637469 
 1009              	.LASF0:
 1010 0267 7369676E 		.ascii	"signed char\000"
 1010      65642063 
 1010      68617200 
 1011              	.LASF25:
 1012 0273 4932435F 		.ascii	"I2C_Init\000"
 1012      496E6974 
 1012      00
 1013              	.LASF18:
 1014 027c 73697A65 		.ascii	"sizetype\000"
 1014      74797065 
 1014      00
 1015              	.LASF6:
 1016 0285 6C6F6E67 		.ascii	"long long int\000"
 1016      206C6F6E 
 1016      6720696E 
 1016      7400
 1017              	.LASF14:
 1018 0293 63686172 		.ascii	"char\000"
 1018      00
 1019              	.LASF20:
 1020 0298 78636667 		.ascii	"xcfg\000"
 1020      00
 1021              	.LASF24:
 1022 029d 4932435F 		.ascii	"I2C_BACKUP_STRUCT\000"
 1022      4241434B 
 1022      55505F53 
 1022      54525543 
 1022      5400
 1023              	.LASF2:
 1024 02af 73686F72 		.ascii	"short int\000"
 1024      7420696E 
 1024      7400
 1025              	.LASF9:
 1026 02b9 75696E74 		.ascii	"uint8\000"
 1026      3800
 1027              	.LASF34:
 1028 02bf 4932435F 		.ascii	"I2C_mstrStatus\000"
 1028      6D737472 
 1028      53746174 
 1028      757300
 1029              	.LASF4:
 1030 02ce 6C6F6E67 		.ascii	"long int\000"
 1030      20696E74 
ARM GAS  C:\Users\Will\AppData\Local\Temp\ccj3c1K2.s 			page 26


 1030      00
 1031              	.LASF19:
 1032 02d7 656E6162 		.ascii	"enableState\000"
 1032      6C655374 
 1032      61746500 
 1033              	.LASF17:
 1034 02e3 6C6F6E67 		.ascii	"long double\000"
 1034      20646F75 
 1034      626C6500 
 1035              	.LASF33:
 1036 02ef 4932435F 		.ascii	"I2C_state\000"
 1036      73746174 
 1036      6500
 1037              	.LASF36:
 1038 02f9 4932435F 		.ascii	"I2C_mstrWrBufIndex\000"
 1038      6D737472 
 1038      57724275 
 1038      66496E64 
 1038      657800
 1039              	.LASF43:
 1040 030c 47656E65 		.ascii	"Generated_Source\\PSoC5\\I2C.c\000"
 1040      72617465 
 1040      645F536F 
 1040      75726365 
 1040      5C50536F 
 1041              	.LASF31:
 1042 0329 4932435F 		.ascii	"I2C_initVar\000"
 1042      696E6974 
 1042      56617200 
 1043              		.ident	"GCC: (GNU Tools for ARM Embedded Processors) 5.4.1 20160609 (release) [ARM/embedded-5-bran
