ARM GAS  C:\Users\Will\AppData\Local\Temp\ccdAmOlB.s 			page 1


   1              		.syntax unified
   2              		.cpu cortex-m3
   3              		.fpu softvfp
   4              		.eabi_attribute 20, 1
   5              		.eabi_attribute 21, 1
   6              		.eabi_attribute 23, 3
   7              		.eabi_attribute 24, 1
   8              		.eabi_attribute 25, 1
   9              		.eabi_attribute 26, 1
  10              		.eabi_attribute 30, 1
  11              		.eabi_attribute 34, 1
  12              		.eabi_attribute 18, 4
  13              		.thumb
  14              		.syntax unified
  15              		.file	"SW1_ISR.c"
  16              		.text
  17              	.Ltext0:
  18              		.cfi_sections	.debug_frame
  19              		.section	.text.SW1_ISR_Interrupt,"ax",%progbits
  20              		.align	2
  21              		.global	SW1_ISR_Interrupt
  22              		.thumb
  23              		.thumb_func
  24              		.type	SW1_ISR_Interrupt, %function
  25              	SW1_ISR_Interrupt:
  26              	.LFB3:
  27              		.file 1 "Generated_Source\\PSoC5\\SW1_ISR.c"
   1:Generated_Source\PSoC5/SW1_ISR.c **** /*******************************************************************************
   2:Generated_Source\PSoC5/SW1_ISR.c **** * File Name: SW1_ISR.c  
   3:Generated_Source\PSoC5/SW1_ISR.c **** * Version 1.71
   4:Generated_Source\PSoC5/SW1_ISR.c **** *
   5:Generated_Source\PSoC5/SW1_ISR.c **** *  Description:
   6:Generated_Source\PSoC5/SW1_ISR.c **** *   API for controlling the state of an interrupt.
   7:Generated_Source\PSoC5/SW1_ISR.c **** *
   8:Generated_Source\PSoC5/SW1_ISR.c **** *
   9:Generated_Source\PSoC5/SW1_ISR.c **** *  Note:
  10:Generated_Source\PSoC5/SW1_ISR.c **** *
  11:Generated_Source\PSoC5/SW1_ISR.c **** ********************************************************************************
  12:Generated_Source\PSoC5/SW1_ISR.c **** * Copyright 2008-2015, Cypress Semiconductor Corporation.  All rights reserved.
  13:Generated_Source\PSoC5/SW1_ISR.c **** * You may use this file only in accordance with the license, terms, conditions, 
  14:Generated_Source\PSoC5/SW1_ISR.c **** * disclaimers, and limitations in the end user license agreement accompanying 
  15:Generated_Source\PSoC5/SW1_ISR.c **** * the software package with which this file was provided.
  16:Generated_Source\PSoC5/SW1_ISR.c **** *******************************************************************************/
  17:Generated_Source\PSoC5/SW1_ISR.c **** 
  18:Generated_Source\PSoC5/SW1_ISR.c **** 
  19:Generated_Source\PSoC5/SW1_ISR.c **** #include <cydevice_trm.h>
  20:Generated_Source\PSoC5/SW1_ISR.c **** #include <CyLib.h>
  21:Generated_Source\PSoC5/SW1_ISR.c **** #include <SW1_ISR.h>
  22:Generated_Source\PSoC5/SW1_ISR.c **** #include "cyapicallbacks.h"
  23:Generated_Source\PSoC5/SW1_ISR.c **** 
  24:Generated_Source\PSoC5/SW1_ISR.c **** #if !defined(SW1_ISR__REMOVED) /* Check for removal by optimization */
  25:Generated_Source\PSoC5/SW1_ISR.c **** 
  26:Generated_Source\PSoC5/SW1_ISR.c **** /*******************************************************************************
  27:Generated_Source\PSoC5/SW1_ISR.c **** *  Place your includes, defines and code here 
  28:Generated_Source\PSoC5/SW1_ISR.c **** ********************************************************************************/
  29:Generated_Source\PSoC5/SW1_ISR.c **** /* `#START SW1_ISR_intc` */
  30:Generated_Source\PSoC5/SW1_ISR.c **** #include "SW1.h"
ARM GAS  C:\Users\Will\AppData\Local\Temp\ccdAmOlB.s 			page 2


  31:Generated_Source\PSoC5/SW1_ISR.c **** extern volatile uint8 sw1_isr_flag;
  32:Generated_Source\PSoC5/SW1_ISR.c **** /* `#END` */
  33:Generated_Source\PSoC5/SW1_ISR.c **** 
  34:Generated_Source\PSoC5/SW1_ISR.c **** #ifndef CYINT_IRQ_BASE
  35:Generated_Source\PSoC5/SW1_ISR.c **** #define CYINT_IRQ_BASE      16
  36:Generated_Source\PSoC5/SW1_ISR.c **** #endif /* CYINT_IRQ_BASE */
  37:Generated_Source\PSoC5/SW1_ISR.c **** #ifndef CYINT_VECT_TABLE
  38:Generated_Source\PSoC5/SW1_ISR.c **** #define CYINT_VECT_TABLE    ((cyisraddress **) CYREG_NVIC_VECT_OFFSET)
  39:Generated_Source\PSoC5/SW1_ISR.c **** #endif /* CYINT_VECT_TABLE */
  40:Generated_Source\PSoC5/SW1_ISR.c **** 
  41:Generated_Source\PSoC5/SW1_ISR.c **** /* Declared in startup, used to set unused interrupts to. */
  42:Generated_Source\PSoC5/SW1_ISR.c **** CY_ISR_PROTO(IntDefaultHandler);
  43:Generated_Source\PSoC5/SW1_ISR.c **** 
  44:Generated_Source\PSoC5/SW1_ISR.c **** 
  45:Generated_Source\PSoC5/SW1_ISR.c **** /*******************************************************************************
  46:Generated_Source\PSoC5/SW1_ISR.c **** * Function Name: SW1_ISR_Start
  47:Generated_Source\PSoC5/SW1_ISR.c **** ********************************************************************************
  48:Generated_Source\PSoC5/SW1_ISR.c **** *
  49:Generated_Source\PSoC5/SW1_ISR.c **** * Summary:
  50:Generated_Source\PSoC5/SW1_ISR.c **** *  Set up the interrupt and enable it. This function disables the interrupt, 
  51:Generated_Source\PSoC5/SW1_ISR.c **** *  sets the default interrupt vector, sets the priority from the value in the
  52:Generated_Source\PSoC5/SW1_ISR.c **** *  Design Wide Resources Interrupt Editor, then enables the interrupt to the 
  53:Generated_Source\PSoC5/SW1_ISR.c **** *  interrupt controller.
  54:Generated_Source\PSoC5/SW1_ISR.c **** *
  55:Generated_Source\PSoC5/SW1_ISR.c **** * Parameters:  
  56:Generated_Source\PSoC5/SW1_ISR.c **** *   None
  57:Generated_Source\PSoC5/SW1_ISR.c **** *
  58:Generated_Source\PSoC5/SW1_ISR.c **** * Return:
  59:Generated_Source\PSoC5/SW1_ISR.c **** *   None
  60:Generated_Source\PSoC5/SW1_ISR.c **** *
  61:Generated_Source\PSoC5/SW1_ISR.c **** *******************************************************************************/
  62:Generated_Source\PSoC5/SW1_ISR.c **** void SW1_ISR_Start(void)
  63:Generated_Source\PSoC5/SW1_ISR.c **** {
  64:Generated_Source\PSoC5/SW1_ISR.c ****     /* For all we know the interrupt is active. */
  65:Generated_Source\PSoC5/SW1_ISR.c ****     SW1_ISR_Disable();
  66:Generated_Source\PSoC5/SW1_ISR.c **** 
  67:Generated_Source\PSoC5/SW1_ISR.c ****     /* Set the ISR to point to the SW1_ISR Interrupt. */
  68:Generated_Source\PSoC5/SW1_ISR.c ****     SW1_ISR_SetVector(&SW1_ISR_Interrupt);
  69:Generated_Source\PSoC5/SW1_ISR.c **** 
  70:Generated_Source\PSoC5/SW1_ISR.c ****     /* Set the priority. */
  71:Generated_Source\PSoC5/SW1_ISR.c ****     SW1_ISR_SetPriority((uint8)SW1_ISR_INTC_PRIOR_NUMBER);
  72:Generated_Source\PSoC5/SW1_ISR.c **** 
  73:Generated_Source\PSoC5/SW1_ISR.c ****     /* Enable it. */
  74:Generated_Source\PSoC5/SW1_ISR.c ****     SW1_ISR_Enable();
  75:Generated_Source\PSoC5/SW1_ISR.c **** }
  76:Generated_Source\PSoC5/SW1_ISR.c **** 
  77:Generated_Source\PSoC5/SW1_ISR.c **** 
  78:Generated_Source\PSoC5/SW1_ISR.c **** /*******************************************************************************
  79:Generated_Source\PSoC5/SW1_ISR.c **** * Function Name: SW1_ISR_StartEx
  80:Generated_Source\PSoC5/SW1_ISR.c **** ********************************************************************************
  81:Generated_Source\PSoC5/SW1_ISR.c **** *
  82:Generated_Source\PSoC5/SW1_ISR.c **** * Summary:
  83:Generated_Source\PSoC5/SW1_ISR.c **** *  Sets up the interrupt and enables it. This function disables the interrupt,
  84:Generated_Source\PSoC5/SW1_ISR.c **** *  sets the interrupt vector based on the address passed in, sets the priority 
  85:Generated_Source\PSoC5/SW1_ISR.c **** *  from the value in the Design Wide Resources Interrupt Editor, then enables 
  86:Generated_Source\PSoC5/SW1_ISR.c **** *  the interrupt to the interrupt controller.
  87:Generated_Source\PSoC5/SW1_ISR.c **** *  
ARM GAS  C:\Users\Will\AppData\Local\Temp\ccdAmOlB.s 			page 3


  88:Generated_Source\PSoC5/SW1_ISR.c **** *  When defining ISR functions, the CY_ISR and CY_ISR_PROTO macros should be 
  89:Generated_Source\PSoC5/SW1_ISR.c **** *  used to provide consistent definition across compilers:
  90:Generated_Source\PSoC5/SW1_ISR.c **** *  
  91:Generated_Source\PSoC5/SW1_ISR.c **** *  Function definition example:
  92:Generated_Source\PSoC5/SW1_ISR.c **** *   CY_ISR(MyISR)
  93:Generated_Source\PSoC5/SW1_ISR.c **** *   {
  94:Generated_Source\PSoC5/SW1_ISR.c **** *   }
  95:Generated_Source\PSoC5/SW1_ISR.c **** *   Function prototype example:
  96:Generated_Source\PSoC5/SW1_ISR.c **** *   CY_ISR_PROTO(MyISR);
  97:Generated_Source\PSoC5/SW1_ISR.c **** *
  98:Generated_Source\PSoC5/SW1_ISR.c **** * Parameters:  
  99:Generated_Source\PSoC5/SW1_ISR.c **** *   address: Address of the ISR to set in the interrupt vector table.
 100:Generated_Source\PSoC5/SW1_ISR.c **** *
 101:Generated_Source\PSoC5/SW1_ISR.c **** * Return:
 102:Generated_Source\PSoC5/SW1_ISR.c **** *   None
 103:Generated_Source\PSoC5/SW1_ISR.c **** *
 104:Generated_Source\PSoC5/SW1_ISR.c **** *******************************************************************************/
 105:Generated_Source\PSoC5/SW1_ISR.c **** void SW1_ISR_StartEx(cyisraddress address)
 106:Generated_Source\PSoC5/SW1_ISR.c **** {
 107:Generated_Source\PSoC5/SW1_ISR.c ****     /* For all we know the interrupt is active. */
 108:Generated_Source\PSoC5/SW1_ISR.c ****     SW1_ISR_Disable();
 109:Generated_Source\PSoC5/SW1_ISR.c **** 
 110:Generated_Source\PSoC5/SW1_ISR.c ****     /* Set the ISR to point to the SW1_ISR Interrupt. */
 111:Generated_Source\PSoC5/SW1_ISR.c ****     SW1_ISR_SetVector(address);
 112:Generated_Source\PSoC5/SW1_ISR.c **** 
 113:Generated_Source\PSoC5/SW1_ISR.c ****     /* Set the priority. */
 114:Generated_Source\PSoC5/SW1_ISR.c ****     SW1_ISR_SetPriority((uint8)SW1_ISR_INTC_PRIOR_NUMBER);
 115:Generated_Source\PSoC5/SW1_ISR.c **** 
 116:Generated_Source\PSoC5/SW1_ISR.c ****     /* Enable it. */
 117:Generated_Source\PSoC5/SW1_ISR.c ****     SW1_ISR_Enable();
 118:Generated_Source\PSoC5/SW1_ISR.c **** }
 119:Generated_Source\PSoC5/SW1_ISR.c **** 
 120:Generated_Source\PSoC5/SW1_ISR.c **** 
 121:Generated_Source\PSoC5/SW1_ISR.c **** /*******************************************************************************
 122:Generated_Source\PSoC5/SW1_ISR.c **** * Function Name: SW1_ISR_Stop
 123:Generated_Source\PSoC5/SW1_ISR.c **** ********************************************************************************
 124:Generated_Source\PSoC5/SW1_ISR.c **** *
 125:Generated_Source\PSoC5/SW1_ISR.c **** * Summary:
 126:Generated_Source\PSoC5/SW1_ISR.c **** *   Disables and removes the interrupt.
 127:Generated_Source\PSoC5/SW1_ISR.c **** *
 128:Generated_Source\PSoC5/SW1_ISR.c **** * Parameters:  
 129:Generated_Source\PSoC5/SW1_ISR.c **** *   None
 130:Generated_Source\PSoC5/SW1_ISR.c **** *
 131:Generated_Source\PSoC5/SW1_ISR.c **** * Return:
 132:Generated_Source\PSoC5/SW1_ISR.c **** *   None
 133:Generated_Source\PSoC5/SW1_ISR.c **** *
 134:Generated_Source\PSoC5/SW1_ISR.c **** *******************************************************************************/
 135:Generated_Source\PSoC5/SW1_ISR.c **** void SW1_ISR_Stop(void)
 136:Generated_Source\PSoC5/SW1_ISR.c **** {
 137:Generated_Source\PSoC5/SW1_ISR.c ****     /* Disable this interrupt. */
 138:Generated_Source\PSoC5/SW1_ISR.c ****     SW1_ISR_Disable();
 139:Generated_Source\PSoC5/SW1_ISR.c **** 
 140:Generated_Source\PSoC5/SW1_ISR.c ****     /* Set the ISR to point to the passive one. */
 141:Generated_Source\PSoC5/SW1_ISR.c ****     SW1_ISR_SetVector(&IntDefaultHandler);
 142:Generated_Source\PSoC5/SW1_ISR.c **** }
 143:Generated_Source\PSoC5/SW1_ISR.c **** 
 144:Generated_Source\PSoC5/SW1_ISR.c **** 
ARM GAS  C:\Users\Will\AppData\Local\Temp\ccdAmOlB.s 			page 4


 145:Generated_Source\PSoC5/SW1_ISR.c **** /*******************************************************************************
 146:Generated_Source\PSoC5/SW1_ISR.c **** * Function Name: SW1_ISR_Interrupt
 147:Generated_Source\PSoC5/SW1_ISR.c **** ********************************************************************************
 148:Generated_Source\PSoC5/SW1_ISR.c **** *
 149:Generated_Source\PSoC5/SW1_ISR.c **** * Summary:
 150:Generated_Source\PSoC5/SW1_ISR.c **** *   The default Interrupt Service Routine for SW1_ISR.
 151:Generated_Source\PSoC5/SW1_ISR.c **** *
 152:Generated_Source\PSoC5/SW1_ISR.c **** *   Add custom code between the coments to keep the next version of this file
 153:Generated_Source\PSoC5/SW1_ISR.c **** *   from over writting your code.
 154:Generated_Source\PSoC5/SW1_ISR.c **** *
 155:Generated_Source\PSoC5/SW1_ISR.c **** * Parameters:  
 156:Generated_Source\PSoC5/SW1_ISR.c **** *
 157:Generated_Source\PSoC5/SW1_ISR.c **** * Return:
 158:Generated_Source\PSoC5/SW1_ISR.c **** *   None
 159:Generated_Source\PSoC5/SW1_ISR.c **** *
 160:Generated_Source\PSoC5/SW1_ISR.c **** *******************************************************************************/
 161:Generated_Source\PSoC5/SW1_ISR.c **** CY_ISR(SW1_ISR_Interrupt)
 162:Generated_Source\PSoC5/SW1_ISR.c **** {
  28              		.loc 1 162 0
  29              		.cfi_startproc
  30              		@ args = 0, pretend = 0, frame = 0
  31              		@ frame_needed = 0, uses_anonymous_args = 0
  32 0000 08B5     		push	{r3, lr}
  33              		.cfi_def_cfa_offset 8
  34              		.cfi_offset 3, -8
  35              		.cfi_offset 14, -4
 163:Generated_Source\PSoC5/SW1_ISR.c ****     #ifdef SW1_ISR_INTERRUPT_INTERRUPT_CALLBACK
 164:Generated_Source\PSoC5/SW1_ISR.c ****         SW1_ISR_Interrupt_InterruptCallback();
 165:Generated_Source\PSoC5/SW1_ISR.c ****     #endif /* SW1_ISR_INTERRUPT_INTERRUPT_CALLBACK */ 
 166:Generated_Source\PSoC5/SW1_ISR.c **** 
 167:Generated_Source\PSoC5/SW1_ISR.c ****     /*  Place your Interrupt code here. */
 168:Generated_Source\PSoC5/SW1_ISR.c ****     /* `#START SW1_ISR_Interrupt` */
 169:Generated_Source\PSoC5/SW1_ISR.c ****         CyDelay(20);
  36              		.loc 1 169 0
  37 0002 1420     		movs	r0, #20
  38 0004 FFF7FEFF 		bl	CyDelay
  39              	.LVL0:
 170:Generated_Source\PSoC5/SW1_ISR.c ****         if(SW1_Read()){ 
  40              		.loc 1 170 0
  41 0008 FFF7FEFF 		bl	SW1_Read
  42              	.LVL1:
  43 000c 10B1     		cbz	r0, .L2
 171:Generated_Source\PSoC5/SW1_ISR.c ****             sw1_isr_flag = 1;
  44              		.loc 1 171 0
  45 000e 0122     		movs	r2, #1
  46 0010 024B     		ldr	r3, .L4
  47 0012 1A70     		strb	r2, [r3]
  48              	.L2:
 172:Generated_Source\PSoC5/SW1_ISR.c ****         }
 173:Generated_Source\PSoC5/SW1_ISR.c ****         SW1_ClearInterrupt();
  49              		.loc 1 173 0
  50 0014 FFF7FEFF 		bl	SW1_ClearInterrupt
  51              	.LVL2:
  52 0018 08BD     		pop	{r3, pc}
  53              	.L5:
  54 001a 00BF     		.align	2
  55              	.L4:
ARM GAS  C:\Users\Will\AppData\Local\Temp\ccdAmOlB.s 			page 5


  56 001c 00000000 		.word	sw1_isr_flag
  57              		.cfi_endproc
  58              	.LFE3:
  59              		.size	SW1_ISR_Interrupt, .-SW1_ISR_Interrupt
  60              		.section	.text.SW1_ISR_SetVector,"ax",%progbits
  61              		.align	2
  62              		.global	SW1_ISR_SetVector
  63              		.thumb
  64              		.thumb_func
  65              		.type	SW1_ISR_SetVector, %function
  66              	SW1_ISR_SetVector:
  67              	.LFB4:
 174:Generated_Source\PSoC5/SW1_ISR.c ****     /* `#END` */
 175:Generated_Source\PSoC5/SW1_ISR.c **** }
 176:Generated_Source\PSoC5/SW1_ISR.c **** 
 177:Generated_Source\PSoC5/SW1_ISR.c **** 
 178:Generated_Source\PSoC5/SW1_ISR.c **** /*******************************************************************************
 179:Generated_Source\PSoC5/SW1_ISR.c **** * Function Name: SW1_ISR_SetVector
 180:Generated_Source\PSoC5/SW1_ISR.c **** ********************************************************************************
 181:Generated_Source\PSoC5/SW1_ISR.c **** *
 182:Generated_Source\PSoC5/SW1_ISR.c **** * Summary:
 183:Generated_Source\PSoC5/SW1_ISR.c **** *   Change the ISR vector for the Interrupt. Note calling SW1_ISR_Start
 184:Generated_Source\PSoC5/SW1_ISR.c **** *   will override any effect this method would have had. To set the vector 
 185:Generated_Source\PSoC5/SW1_ISR.c **** *   before the component has been started use SW1_ISR_StartEx instead.
 186:Generated_Source\PSoC5/SW1_ISR.c **** * 
 187:Generated_Source\PSoC5/SW1_ISR.c **** *   When defining ISR functions, the CY_ISR and CY_ISR_PROTO macros should be 
 188:Generated_Source\PSoC5/SW1_ISR.c **** *   used to provide consistent definition across compilers:
 189:Generated_Source\PSoC5/SW1_ISR.c **** *
 190:Generated_Source\PSoC5/SW1_ISR.c **** *   Function definition example:
 191:Generated_Source\PSoC5/SW1_ISR.c **** *   CY_ISR(MyISR)
 192:Generated_Source\PSoC5/SW1_ISR.c **** *   {
 193:Generated_Source\PSoC5/SW1_ISR.c **** *   }
 194:Generated_Source\PSoC5/SW1_ISR.c **** *
 195:Generated_Source\PSoC5/SW1_ISR.c **** *   Function prototype example:
 196:Generated_Source\PSoC5/SW1_ISR.c **** *     CY_ISR_PROTO(MyISR);
 197:Generated_Source\PSoC5/SW1_ISR.c **** *
 198:Generated_Source\PSoC5/SW1_ISR.c **** * Parameters:
 199:Generated_Source\PSoC5/SW1_ISR.c **** *   address: Address of the ISR to set in the interrupt vector table.
 200:Generated_Source\PSoC5/SW1_ISR.c **** *
 201:Generated_Source\PSoC5/SW1_ISR.c **** * Return:
 202:Generated_Source\PSoC5/SW1_ISR.c **** *   None
 203:Generated_Source\PSoC5/SW1_ISR.c **** *
 204:Generated_Source\PSoC5/SW1_ISR.c **** *******************************************************************************/
 205:Generated_Source\PSoC5/SW1_ISR.c **** void SW1_ISR_SetVector(cyisraddress address)
 206:Generated_Source\PSoC5/SW1_ISR.c **** {
  68              		.loc 1 206 0
  69              		.cfi_startproc
  70              		@ args = 0, pretend = 0, frame = 0
  71              		@ frame_needed = 0, uses_anonymous_args = 0
  72              		@ link register save eliminated.
  73              	.LVL3:
 207:Generated_Source\PSoC5/SW1_ISR.c ****     cyisraddress * ramVectorTable;
 208:Generated_Source\PSoC5/SW1_ISR.c **** 
 209:Generated_Source\PSoC5/SW1_ISR.c ****     ramVectorTable = (cyisraddress *) *CYINT_VECT_TABLE;
  74              		.loc 1 209 0
  75 0000 014B     		ldr	r3, .L7
  76 0002 1B68     		ldr	r3, [r3]
ARM GAS  C:\Users\Will\AppData\Local\Temp\ccdAmOlB.s 			page 6


  77              	.LVL4:
 210:Generated_Source\PSoC5/SW1_ISR.c **** 
 211:Generated_Source\PSoC5/SW1_ISR.c ****     ramVectorTable[CYINT_IRQ_BASE + (uint32)SW1_ISR__INTC_NUMBER] = address;
  78              		.loc 1 211 0
  79 0004 D865     		str	r0, [r3, #92]
  80 0006 7047     		bx	lr
  81              	.L8:
  82              		.align	2
  83              	.L7:
  84 0008 08ED00E0 		.word	-536810232
  85              		.cfi_endproc
  86              	.LFE4:
  87              		.size	SW1_ISR_SetVector, .-SW1_ISR_SetVector
  88              		.section	.text.SW1_ISR_GetVector,"ax",%progbits
  89              		.align	2
  90              		.global	SW1_ISR_GetVector
  91              		.thumb
  92              		.thumb_func
  93              		.type	SW1_ISR_GetVector, %function
  94              	SW1_ISR_GetVector:
  95              	.LFB5:
 212:Generated_Source\PSoC5/SW1_ISR.c **** }
 213:Generated_Source\PSoC5/SW1_ISR.c **** 
 214:Generated_Source\PSoC5/SW1_ISR.c **** 
 215:Generated_Source\PSoC5/SW1_ISR.c **** /*******************************************************************************
 216:Generated_Source\PSoC5/SW1_ISR.c **** * Function Name: SW1_ISR_GetVector
 217:Generated_Source\PSoC5/SW1_ISR.c **** ********************************************************************************
 218:Generated_Source\PSoC5/SW1_ISR.c **** *
 219:Generated_Source\PSoC5/SW1_ISR.c **** * Summary:
 220:Generated_Source\PSoC5/SW1_ISR.c **** *   Gets the "address" of the current ISR vector for the Interrupt.
 221:Generated_Source\PSoC5/SW1_ISR.c **** *
 222:Generated_Source\PSoC5/SW1_ISR.c **** * Parameters:
 223:Generated_Source\PSoC5/SW1_ISR.c **** *   None
 224:Generated_Source\PSoC5/SW1_ISR.c **** *
 225:Generated_Source\PSoC5/SW1_ISR.c **** * Return:
 226:Generated_Source\PSoC5/SW1_ISR.c **** *   Address of the ISR in the interrupt vector table.
 227:Generated_Source\PSoC5/SW1_ISR.c **** *
 228:Generated_Source\PSoC5/SW1_ISR.c **** *******************************************************************************/
 229:Generated_Source\PSoC5/SW1_ISR.c **** cyisraddress SW1_ISR_GetVector(void)
 230:Generated_Source\PSoC5/SW1_ISR.c **** {
  96              		.loc 1 230 0
  97              		.cfi_startproc
  98              		@ args = 0, pretend = 0, frame = 0
  99              		@ frame_needed = 0, uses_anonymous_args = 0
 100              		@ link register save eliminated.
 231:Generated_Source\PSoC5/SW1_ISR.c ****     cyisraddress * ramVectorTable;
 232:Generated_Source\PSoC5/SW1_ISR.c **** 
 233:Generated_Source\PSoC5/SW1_ISR.c ****     ramVectorTable = (cyisraddress *) *CYINT_VECT_TABLE;
 101              		.loc 1 233 0
 102 0000 014B     		ldr	r3, .L10
 103 0002 1B68     		ldr	r3, [r3]
 104              	.LVL5:
 234:Generated_Source\PSoC5/SW1_ISR.c **** 
 235:Generated_Source\PSoC5/SW1_ISR.c ****     return ramVectorTable[CYINT_IRQ_BASE + (uint32)SW1_ISR__INTC_NUMBER];
 236:Generated_Source\PSoC5/SW1_ISR.c **** }
 105              		.loc 1 236 0
 106 0004 D86D     		ldr	r0, [r3, #92]
ARM GAS  C:\Users\Will\AppData\Local\Temp\ccdAmOlB.s 			page 7


 107 0006 7047     		bx	lr
 108              	.L11:
 109              		.align	2
 110              	.L10:
 111 0008 08ED00E0 		.word	-536810232
 112              		.cfi_endproc
 113              	.LFE5:
 114              		.size	SW1_ISR_GetVector, .-SW1_ISR_GetVector
 115              		.section	.text.SW1_ISR_SetPriority,"ax",%progbits
 116              		.align	2
 117              		.global	SW1_ISR_SetPriority
 118              		.thumb
 119              		.thumb_func
 120              		.type	SW1_ISR_SetPriority, %function
 121              	SW1_ISR_SetPriority:
 122              	.LFB6:
 237:Generated_Source\PSoC5/SW1_ISR.c **** 
 238:Generated_Source\PSoC5/SW1_ISR.c **** 
 239:Generated_Source\PSoC5/SW1_ISR.c **** /*******************************************************************************
 240:Generated_Source\PSoC5/SW1_ISR.c **** * Function Name: SW1_ISR_SetPriority
 241:Generated_Source\PSoC5/SW1_ISR.c **** ********************************************************************************
 242:Generated_Source\PSoC5/SW1_ISR.c **** *
 243:Generated_Source\PSoC5/SW1_ISR.c **** * Summary:
 244:Generated_Source\PSoC5/SW1_ISR.c **** *   Sets the Priority of the Interrupt. 
 245:Generated_Source\PSoC5/SW1_ISR.c **** *
 246:Generated_Source\PSoC5/SW1_ISR.c **** *   Note calling SW1_ISR_Start or SW1_ISR_StartEx will 
 247:Generated_Source\PSoC5/SW1_ISR.c **** *   override any effect this API would have had. This API should only be called
 248:Generated_Source\PSoC5/SW1_ISR.c **** *   after SW1_ISR_Start or SW1_ISR_StartEx has been called. 
 249:Generated_Source\PSoC5/SW1_ISR.c **** *   To set the initial priority for the component, use the Design-Wide Resources
 250:Generated_Source\PSoC5/SW1_ISR.c **** *   Interrupt Editor.
 251:Generated_Source\PSoC5/SW1_ISR.c **** *
 252:Generated_Source\PSoC5/SW1_ISR.c **** *   Note This API has no effect on Non-maskable interrupt NMI).
 253:Generated_Source\PSoC5/SW1_ISR.c **** *
 254:Generated_Source\PSoC5/SW1_ISR.c **** * Parameters:
 255:Generated_Source\PSoC5/SW1_ISR.c **** *   priority: Priority of the interrupt, 0 being the highest priority
 256:Generated_Source\PSoC5/SW1_ISR.c **** *             PSoC 3 and PSoC 5LP: Priority is from 0 to 7.
 257:Generated_Source\PSoC5/SW1_ISR.c **** *             PSoC 4: Priority is from 0 to 3.
 258:Generated_Source\PSoC5/SW1_ISR.c **** *
 259:Generated_Source\PSoC5/SW1_ISR.c **** * Return:
 260:Generated_Source\PSoC5/SW1_ISR.c **** *   None
 261:Generated_Source\PSoC5/SW1_ISR.c **** *
 262:Generated_Source\PSoC5/SW1_ISR.c **** *******************************************************************************/
 263:Generated_Source\PSoC5/SW1_ISR.c **** void SW1_ISR_SetPriority(uint8 priority)
 264:Generated_Source\PSoC5/SW1_ISR.c **** {
 123              		.loc 1 264 0
 124              		.cfi_startproc
 125              		@ args = 0, pretend = 0, frame = 0
 126              		@ frame_needed = 0, uses_anonymous_args = 0
 127              		@ link register save eliminated.
 128              	.LVL6:
 265:Generated_Source\PSoC5/SW1_ISR.c ****     *SW1_ISR_INTC_PRIOR = priority << 5;
 129              		.loc 1 265 0
 130 0000 4001     		lsls	r0, r0, #5
 131              	.LVL7:
 132 0002 C0B2     		uxtb	r0, r0
 133 0004 014B     		ldr	r3, .L13
 134 0006 1870     		strb	r0, [r3]
ARM GAS  C:\Users\Will\AppData\Local\Temp\ccdAmOlB.s 			page 8


 135 0008 7047     		bx	lr
 136              	.L14:
 137 000a 00BF     		.align	2
 138              	.L13:
 139 000c 07E400E0 		.word	-536812537
 140              		.cfi_endproc
 141              	.LFE6:
 142              		.size	SW1_ISR_SetPriority, .-SW1_ISR_SetPriority
 143              		.section	.text.SW1_ISR_GetPriority,"ax",%progbits
 144              		.align	2
 145              		.global	SW1_ISR_GetPriority
 146              		.thumb
 147              		.thumb_func
 148              		.type	SW1_ISR_GetPriority, %function
 149              	SW1_ISR_GetPriority:
 150              	.LFB7:
 266:Generated_Source\PSoC5/SW1_ISR.c **** }
 267:Generated_Source\PSoC5/SW1_ISR.c **** 
 268:Generated_Source\PSoC5/SW1_ISR.c **** 
 269:Generated_Source\PSoC5/SW1_ISR.c **** /*******************************************************************************
 270:Generated_Source\PSoC5/SW1_ISR.c **** * Function Name: SW1_ISR_GetPriority
 271:Generated_Source\PSoC5/SW1_ISR.c **** ********************************************************************************
 272:Generated_Source\PSoC5/SW1_ISR.c **** *
 273:Generated_Source\PSoC5/SW1_ISR.c **** * Summary:
 274:Generated_Source\PSoC5/SW1_ISR.c **** *   Gets the Priority of the Interrupt.
 275:Generated_Source\PSoC5/SW1_ISR.c **** *
 276:Generated_Source\PSoC5/SW1_ISR.c **** * Parameters:
 277:Generated_Source\PSoC5/SW1_ISR.c **** *   None
 278:Generated_Source\PSoC5/SW1_ISR.c **** *
 279:Generated_Source\PSoC5/SW1_ISR.c **** * Return:
 280:Generated_Source\PSoC5/SW1_ISR.c **** *   Priority of the interrupt, 0 being the highest priority
 281:Generated_Source\PSoC5/SW1_ISR.c **** *    PSoC 3 and PSoC 5LP: Priority is from 0 to 7.
 282:Generated_Source\PSoC5/SW1_ISR.c **** *    PSoC 4: Priority is from 0 to 3.
 283:Generated_Source\PSoC5/SW1_ISR.c **** *
 284:Generated_Source\PSoC5/SW1_ISR.c **** *******************************************************************************/
 285:Generated_Source\PSoC5/SW1_ISR.c **** uint8 SW1_ISR_GetPriority(void)
 286:Generated_Source\PSoC5/SW1_ISR.c **** {
 151              		.loc 1 286 0
 152              		.cfi_startproc
 153              		@ args = 0, pretend = 0, frame = 0
 154              		@ frame_needed = 0, uses_anonymous_args = 0
 155              		@ link register save eliminated.
 287:Generated_Source\PSoC5/SW1_ISR.c ****     uint8 priority;
 288:Generated_Source\PSoC5/SW1_ISR.c **** 
 289:Generated_Source\PSoC5/SW1_ISR.c **** 
 290:Generated_Source\PSoC5/SW1_ISR.c ****     priority = *SW1_ISR_INTC_PRIOR >> 5;
 156              		.loc 1 290 0
 157 0000 014B     		ldr	r3, .L16
 158 0002 1878     		ldrb	r0, [r3]	@ zero_extendqisi2
 159              	.LVL8:
 291:Generated_Source\PSoC5/SW1_ISR.c **** 
 292:Generated_Source\PSoC5/SW1_ISR.c ****     return priority;
 293:Generated_Source\PSoC5/SW1_ISR.c **** }
 160              		.loc 1 293 0
 161 0004 4009     		lsrs	r0, r0, #5
 162              	.LVL9:
 163 0006 7047     		bx	lr
ARM GAS  C:\Users\Will\AppData\Local\Temp\ccdAmOlB.s 			page 9


 164              	.L17:
 165              		.align	2
 166              	.L16:
 167 0008 07E400E0 		.word	-536812537
 168              		.cfi_endproc
 169              	.LFE7:
 170              		.size	SW1_ISR_GetPriority, .-SW1_ISR_GetPriority
 171              		.section	.text.SW1_ISR_Enable,"ax",%progbits
 172              		.align	2
 173              		.global	SW1_ISR_Enable
 174              		.thumb
 175              		.thumb_func
 176              		.type	SW1_ISR_Enable, %function
 177              	SW1_ISR_Enable:
 178              	.LFB8:
 294:Generated_Source\PSoC5/SW1_ISR.c **** 
 295:Generated_Source\PSoC5/SW1_ISR.c **** 
 296:Generated_Source\PSoC5/SW1_ISR.c **** /*******************************************************************************
 297:Generated_Source\PSoC5/SW1_ISR.c **** * Function Name: SW1_ISR_Enable
 298:Generated_Source\PSoC5/SW1_ISR.c **** ********************************************************************************
 299:Generated_Source\PSoC5/SW1_ISR.c **** *
 300:Generated_Source\PSoC5/SW1_ISR.c **** * Summary:
 301:Generated_Source\PSoC5/SW1_ISR.c **** *   Enables the interrupt to the interrupt controller. Do not call this function
 302:Generated_Source\PSoC5/SW1_ISR.c **** *   unless ISR_Start() has been called or the functionality of the ISR_Start() 
 303:Generated_Source\PSoC5/SW1_ISR.c **** *   function, which sets the vector and the priority, has been called.
 304:Generated_Source\PSoC5/SW1_ISR.c **** *
 305:Generated_Source\PSoC5/SW1_ISR.c **** * Parameters:
 306:Generated_Source\PSoC5/SW1_ISR.c **** *   None
 307:Generated_Source\PSoC5/SW1_ISR.c **** *
 308:Generated_Source\PSoC5/SW1_ISR.c **** * Return:
 309:Generated_Source\PSoC5/SW1_ISR.c **** *   None
 310:Generated_Source\PSoC5/SW1_ISR.c **** *
 311:Generated_Source\PSoC5/SW1_ISR.c **** *******************************************************************************/
 312:Generated_Source\PSoC5/SW1_ISR.c **** void SW1_ISR_Enable(void)
 313:Generated_Source\PSoC5/SW1_ISR.c **** {
 179              		.loc 1 313 0
 180              		.cfi_startproc
 181              		@ args = 0, pretend = 0, frame = 0
 182              		@ frame_needed = 0, uses_anonymous_args = 0
 183              		@ link register save eliminated.
 314:Generated_Source\PSoC5/SW1_ISR.c ****     /* Enable the general interrupt. */
 315:Generated_Source\PSoC5/SW1_ISR.c ****     *SW1_ISR_INTC_SET_EN = SW1_ISR__INTC_MASK;
 184              		.loc 1 315 0
 185 0000 8022     		movs	r2, #128
 186 0002 014B     		ldr	r3, .L19
 187 0004 1A60     		str	r2, [r3]
 188 0006 7047     		bx	lr
 189              	.L20:
 190              		.align	2
 191              	.L19:
 192 0008 00E100E0 		.word	-536813312
 193              		.cfi_endproc
 194              	.LFE8:
 195              		.size	SW1_ISR_Enable, .-SW1_ISR_Enable
 196              		.section	.text.SW1_ISR_GetState,"ax",%progbits
 197              		.align	2
 198              		.global	SW1_ISR_GetState
ARM GAS  C:\Users\Will\AppData\Local\Temp\ccdAmOlB.s 			page 10


 199              		.thumb
 200              		.thumb_func
 201              		.type	SW1_ISR_GetState, %function
 202              	SW1_ISR_GetState:
 203              	.LFB9:
 316:Generated_Source\PSoC5/SW1_ISR.c **** }
 317:Generated_Source\PSoC5/SW1_ISR.c **** 
 318:Generated_Source\PSoC5/SW1_ISR.c **** 
 319:Generated_Source\PSoC5/SW1_ISR.c **** /*******************************************************************************
 320:Generated_Source\PSoC5/SW1_ISR.c **** * Function Name: SW1_ISR_GetState
 321:Generated_Source\PSoC5/SW1_ISR.c **** ********************************************************************************
 322:Generated_Source\PSoC5/SW1_ISR.c **** *
 323:Generated_Source\PSoC5/SW1_ISR.c **** * Summary:
 324:Generated_Source\PSoC5/SW1_ISR.c **** *   Gets the state (enabled, disabled) of the Interrupt.
 325:Generated_Source\PSoC5/SW1_ISR.c **** *
 326:Generated_Source\PSoC5/SW1_ISR.c **** * Parameters:
 327:Generated_Source\PSoC5/SW1_ISR.c **** *   None
 328:Generated_Source\PSoC5/SW1_ISR.c **** *
 329:Generated_Source\PSoC5/SW1_ISR.c **** * Return:
 330:Generated_Source\PSoC5/SW1_ISR.c **** *   1 if enabled, 0 if disabled.
 331:Generated_Source\PSoC5/SW1_ISR.c **** *
 332:Generated_Source\PSoC5/SW1_ISR.c **** *******************************************************************************/
 333:Generated_Source\PSoC5/SW1_ISR.c **** uint8 SW1_ISR_GetState(void)
 334:Generated_Source\PSoC5/SW1_ISR.c **** {
 204              		.loc 1 334 0
 205              		.cfi_startproc
 206              		@ args = 0, pretend = 0, frame = 0
 207              		@ frame_needed = 0, uses_anonymous_args = 0
 208              		@ link register save eliminated.
 335:Generated_Source\PSoC5/SW1_ISR.c ****     /* Get the state of the general interrupt. */
 336:Generated_Source\PSoC5/SW1_ISR.c ****     return ((*SW1_ISR_INTC_SET_EN & (uint32)SW1_ISR__INTC_MASK) != 0u) ? 1u:0u;
 209              		.loc 1 336 0
 210 0000 044B     		ldr	r3, .L24
 211 0002 1B68     		ldr	r3, [r3]
 212 0004 13F0800F 		tst	r3, #128
 213 0008 01D0     		beq	.L23
 214 000a 0120     		movs	r0, #1
 215 000c 7047     		bx	lr
 216              	.L23:
 217 000e 0020     		movs	r0, #0
 337:Generated_Source\PSoC5/SW1_ISR.c **** }
 218              		.loc 1 337 0
 219 0010 7047     		bx	lr
 220              	.L25:
 221 0012 00BF     		.align	2
 222              	.L24:
 223 0014 00E100E0 		.word	-536813312
 224              		.cfi_endproc
 225              	.LFE9:
 226              		.size	SW1_ISR_GetState, .-SW1_ISR_GetState
 227              		.section	.text.SW1_ISR_Disable,"ax",%progbits
 228              		.align	2
 229              		.global	SW1_ISR_Disable
 230              		.thumb
 231              		.thumb_func
 232              		.type	SW1_ISR_Disable, %function
 233              	SW1_ISR_Disable:
ARM GAS  C:\Users\Will\AppData\Local\Temp\ccdAmOlB.s 			page 11


 234              	.LFB10:
 338:Generated_Source\PSoC5/SW1_ISR.c **** 
 339:Generated_Source\PSoC5/SW1_ISR.c **** 
 340:Generated_Source\PSoC5/SW1_ISR.c **** /*******************************************************************************
 341:Generated_Source\PSoC5/SW1_ISR.c **** * Function Name: SW1_ISR_Disable
 342:Generated_Source\PSoC5/SW1_ISR.c **** ********************************************************************************
 343:Generated_Source\PSoC5/SW1_ISR.c **** *
 344:Generated_Source\PSoC5/SW1_ISR.c **** * Summary:
 345:Generated_Source\PSoC5/SW1_ISR.c **** *   Disables the Interrupt in the interrupt controller.
 346:Generated_Source\PSoC5/SW1_ISR.c **** *
 347:Generated_Source\PSoC5/SW1_ISR.c **** * Parameters:
 348:Generated_Source\PSoC5/SW1_ISR.c **** *   None
 349:Generated_Source\PSoC5/SW1_ISR.c **** *
 350:Generated_Source\PSoC5/SW1_ISR.c **** * Return:
 351:Generated_Source\PSoC5/SW1_ISR.c **** *   None
 352:Generated_Source\PSoC5/SW1_ISR.c **** *
 353:Generated_Source\PSoC5/SW1_ISR.c **** *******************************************************************************/
 354:Generated_Source\PSoC5/SW1_ISR.c **** void SW1_ISR_Disable(void)
 355:Generated_Source\PSoC5/SW1_ISR.c **** {
 235              		.loc 1 355 0
 236              		.cfi_startproc
 237              		@ args = 0, pretend = 0, frame = 0
 238              		@ frame_needed = 0, uses_anonymous_args = 0
 239              		@ link register save eliminated.
 356:Generated_Source\PSoC5/SW1_ISR.c ****     /* Disable the general interrupt. */
 357:Generated_Source\PSoC5/SW1_ISR.c ****     *SW1_ISR_INTC_CLR_EN = SW1_ISR__INTC_MASK;
 240              		.loc 1 357 0
 241 0000 8022     		movs	r2, #128
 242 0002 014B     		ldr	r3, .L27
 243 0004 1A60     		str	r2, [r3]
 244 0006 7047     		bx	lr
 245              	.L28:
 246              		.align	2
 247              	.L27:
 248 0008 80E100E0 		.word	-536813184
 249              		.cfi_endproc
 250              	.LFE10:
 251              		.size	SW1_ISR_Disable, .-SW1_ISR_Disable
 252              		.section	.text.SW1_ISR_Start,"ax",%progbits
 253              		.align	2
 254              		.global	SW1_ISR_Start
 255              		.thumb
 256              		.thumb_func
 257              		.type	SW1_ISR_Start, %function
 258              	SW1_ISR_Start:
 259              	.LFB0:
  63:Generated_Source\PSoC5/SW1_ISR.c ****     /* For all we know the interrupt is active. */
 260              		.loc 1 63 0
 261              		.cfi_startproc
 262              		@ args = 0, pretend = 0, frame = 0
 263              		@ frame_needed = 0, uses_anonymous_args = 0
 264 0000 08B5     		push	{r3, lr}
 265              		.cfi_def_cfa_offset 8
 266              		.cfi_offset 3, -8
 267              		.cfi_offset 14, -4
  65:Generated_Source\PSoC5/SW1_ISR.c **** 
 268              		.loc 1 65 0
ARM GAS  C:\Users\Will\AppData\Local\Temp\ccdAmOlB.s 			page 12


 269 0002 FFF7FEFF 		bl	SW1_ISR_Disable
 270              	.LVL10:
  68:Generated_Source\PSoC5/SW1_ISR.c **** 
 271              		.loc 1 68 0
 272 0006 0448     		ldr	r0, .L31
 273 0008 FFF7FEFF 		bl	SW1_ISR_SetVector
 274              	.LVL11:
  71:Generated_Source\PSoC5/SW1_ISR.c **** 
 275              		.loc 1 71 0
 276 000c 0720     		movs	r0, #7
 277 000e FFF7FEFF 		bl	SW1_ISR_SetPriority
 278              	.LVL12:
  74:Generated_Source\PSoC5/SW1_ISR.c **** }
 279              		.loc 1 74 0
 280 0012 FFF7FEFF 		bl	SW1_ISR_Enable
 281              	.LVL13:
 282 0016 08BD     		pop	{r3, pc}
 283              	.L32:
 284              		.align	2
 285              	.L31:
 286 0018 00000000 		.word	SW1_ISR_Interrupt
 287              		.cfi_endproc
 288              	.LFE0:
 289              		.size	SW1_ISR_Start, .-SW1_ISR_Start
 290              		.section	.text.SW1_ISR_StartEx,"ax",%progbits
 291              		.align	2
 292              		.global	SW1_ISR_StartEx
 293              		.thumb
 294              		.thumb_func
 295              		.type	SW1_ISR_StartEx, %function
 296              	SW1_ISR_StartEx:
 297              	.LFB1:
 106:Generated_Source\PSoC5/SW1_ISR.c ****     /* For all we know the interrupt is active. */
 298              		.loc 1 106 0
 299              		.cfi_startproc
 300              		@ args = 0, pretend = 0, frame = 0
 301              		@ frame_needed = 0, uses_anonymous_args = 0
 302              	.LVL14:
 303 0000 10B5     		push	{r4, lr}
 304              		.cfi_def_cfa_offset 8
 305              		.cfi_offset 4, -8
 306              		.cfi_offset 14, -4
 307 0002 0446     		mov	r4, r0
 108:Generated_Source\PSoC5/SW1_ISR.c **** 
 308              		.loc 1 108 0
 309 0004 FFF7FEFF 		bl	SW1_ISR_Disable
 310              	.LVL15:
 111:Generated_Source\PSoC5/SW1_ISR.c **** 
 311              		.loc 1 111 0
 312 0008 2046     		mov	r0, r4
 313 000a FFF7FEFF 		bl	SW1_ISR_SetVector
 314              	.LVL16:
 114:Generated_Source\PSoC5/SW1_ISR.c **** 
 315              		.loc 1 114 0
 316 000e 0720     		movs	r0, #7
 317 0010 FFF7FEFF 		bl	SW1_ISR_SetPriority
 318              	.LVL17:
ARM GAS  C:\Users\Will\AppData\Local\Temp\ccdAmOlB.s 			page 13


 117:Generated_Source\PSoC5/SW1_ISR.c **** }
 319              		.loc 1 117 0
 320 0014 FFF7FEFF 		bl	SW1_ISR_Enable
 321              	.LVL18:
 322 0018 10BD     		pop	{r4, pc}
 323              		.cfi_endproc
 324              	.LFE1:
 325              		.size	SW1_ISR_StartEx, .-SW1_ISR_StartEx
 326 001a 00BF     		.section	.text.SW1_ISR_Stop,"ax",%progbits
 327              		.align	2
 328              		.global	SW1_ISR_Stop
 329              		.thumb
 330              		.thumb_func
 331              		.type	SW1_ISR_Stop, %function
 332              	SW1_ISR_Stop:
 333              	.LFB2:
 136:Generated_Source\PSoC5/SW1_ISR.c ****     /* Disable this interrupt. */
 334              		.loc 1 136 0
 335              		.cfi_startproc
 336              		@ args = 0, pretend = 0, frame = 0
 337              		@ frame_needed = 0, uses_anonymous_args = 0
 338 0000 08B5     		push	{r3, lr}
 339              		.cfi_def_cfa_offset 8
 340              		.cfi_offset 3, -8
 341              		.cfi_offset 14, -4
 138:Generated_Source\PSoC5/SW1_ISR.c **** 
 342              		.loc 1 138 0
 343 0002 FFF7FEFF 		bl	SW1_ISR_Disable
 344              	.LVL19:
 141:Generated_Source\PSoC5/SW1_ISR.c **** }
 345              		.loc 1 141 0
 346 0006 0248     		ldr	r0, .L37
 347 0008 FFF7FEFF 		bl	SW1_ISR_SetVector
 348              	.LVL20:
 349 000c 08BD     		pop	{r3, pc}
 350              	.L38:
 351 000e 00BF     		.align	2
 352              	.L37:
 353 0010 00000000 		.word	IntDefaultHandler
 354              		.cfi_endproc
 355              	.LFE2:
 356              		.size	SW1_ISR_Stop, .-SW1_ISR_Stop
 357              		.section	.text.SW1_ISR_SetPending,"ax",%progbits
 358              		.align	2
 359              		.global	SW1_ISR_SetPending
 360              		.thumb
 361              		.thumb_func
 362              		.type	SW1_ISR_SetPending, %function
 363              	SW1_ISR_SetPending:
 364              	.LFB11:
 358:Generated_Source\PSoC5/SW1_ISR.c **** }
 359:Generated_Source\PSoC5/SW1_ISR.c **** 
 360:Generated_Source\PSoC5/SW1_ISR.c **** 
 361:Generated_Source\PSoC5/SW1_ISR.c **** /*******************************************************************************
 362:Generated_Source\PSoC5/SW1_ISR.c **** * Function Name: SW1_ISR_SetPending
 363:Generated_Source\PSoC5/SW1_ISR.c **** ********************************************************************************
 364:Generated_Source\PSoC5/SW1_ISR.c **** *
ARM GAS  C:\Users\Will\AppData\Local\Temp\ccdAmOlB.s 			page 14


 365:Generated_Source\PSoC5/SW1_ISR.c **** * Summary:
 366:Generated_Source\PSoC5/SW1_ISR.c **** *   Causes the Interrupt to enter the pending state, a software method of
 367:Generated_Source\PSoC5/SW1_ISR.c **** *   generating the interrupt.
 368:Generated_Source\PSoC5/SW1_ISR.c **** *
 369:Generated_Source\PSoC5/SW1_ISR.c **** * Parameters:
 370:Generated_Source\PSoC5/SW1_ISR.c **** *   None
 371:Generated_Source\PSoC5/SW1_ISR.c **** *
 372:Generated_Source\PSoC5/SW1_ISR.c **** * Return:
 373:Generated_Source\PSoC5/SW1_ISR.c **** *   None
 374:Generated_Source\PSoC5/SW1_ISR.c **** *
 375:Generated_Source\PSoC5/SW1_ISR.c **** * Side Effects:
 376:Generated_Source\PSoC5/SW1_ISR.c **** *   If interrupts are enabled and the interrupt is set up properly, the ISR is
 377:Generated_Source\PSoC5/SW1_ISR.c **** *   entered (depending on the priority of this interrupt and other pending 
 378:Generated_Source\PSoC5/SW1_ISR.c **** *   interrupts).
 379:Generated_Source\PSoC5/SW1_ISR.c **** *
 380:Generated_Source\PSoC5/SW1_ISR.c **** *******************************************************************************/
 381:Generated_Source\PSoC5/SW1_ISR.c **** void SW1_ISR_SetPending(void)
 382:Generated_Source\PSoC5/SW1_ISR.c **** {
 365              		.loc 1 382 0
 366              		.cfi_startproc
 367              		@ args = 0, pretend = 0, frame = 0
 368              		@ frame_needed = 0, uses_anonymous_args = 0
 369              		@ link register save eliminated.
 383:Generated_Source\PSoC5/SW1_ISR.c ****     *SW1_ISR_INTC_SET_PD = SW1_ISR__INTC_MASK;
 370              		.loc 1 383 0
 371 0000 8022     		movs	r2, #128
 372 0002 014B     		ldr	r3, .L40
 373 0004 1A60     		str	r2, [r3]
 374 0006 7047     		bx	lr
 375              	.L41:
 376              		.align	2
 377              	.L40:
 378 0008 00E200E0 		.word	-536813056
 379              		.cfi_endproc
 380              	.LFE11:
 381              		.size	SW1_ISR_SetPending, .-SW1_ISR_SetPending
 382              		.section	.text.SW1_ISR_ClearPending,"ax",%progbits
 383              		.align	2
 384              		.global	SW1_ISR_ClearPending
 385              		.thumb
 386              		.thumb_func
 387              		.type	SW1_ISR_ClearPending, %function
 388              	SW1_ISR_ClearPending:
 389              	.LFB12:
 384:Generated_Source\PSoC5/SW1_ISR.c **** }
 385:Generated_Source\PSoC5/SW1_ISR.c **** 
 386:Generated_Source\PSoC5/SW1_ISR.c **** 
 387:Generated_Source\PSoC5/SW1_ISR.c **** /*******************************************************************************
 388:Generated_Source\PSoC5/SW1_ISR.c **** * Function Name: SW1_ISR_ClearPending
 389:Generated_Source\PSoC5/SW1_ISR.c **** ********************************************************************************
 390:Generated_Source\PSoC5/SW1_ISR.c **** *
 391:Generated_Source\PSoC5/SW1_ISR.c **** * Summary:
 392:Generated_Source\PSoC5/SW1_ISR.c **** *   Clears a pending interrupt in the interrupt controller.
 393:Generated_Source\PSoC5/SW1_ISR.c **** *
 394:Generated_Source\PSoC5/SW1_ISR.c **** *   Note Some interrupt sources are clear-on-read and require the block 
 395:Generated_Source\PSoC5/SW1_ISR.c **** *   interrupt/status register to be read/cleared with the appropriate block API 
 396:Generated_Source\PSoC5/SW1_ISR.c **** *   (GPIO, UART, and so on). Otherwise the ISR will continue to remain in 
ARM GAS  C:\Users\Will\AppData\Local\Temp\ccdAmOlB.s 			page 15


 397:Generated_Source\PSoC5/SW1_ISR.c **** *   pending state even though the interrupt itself is cleared using this API.
 398:Generated_Source\PSoC5/SW1_ISR.c **** *
 399:Generated_Source\PSoC5/SW1_ISR.c **** * Parameters:
 400:Generated_Source\PSoC5/SW1_ISR.c **** *   None
 401:Generated_Source\PSoC5/SW1_ISR.c **** *
 402:Generated_Source\PSoC5/SW1_ISR.c **** * Return:
 403:Generated_Source\PSoC5/SW1_ISR.c **** *   None
 404:Generated_Source\PSoC5/SW1_ISR.c **** *
 405:Generated_Source\PSoC5/SW1_ISR.c **** *******************************************************************************/
 406:Generated_Source\PSoC5/SW1_ISR.c **** void SW1_ISR_ClearPending(void)
 407:Generated_Source\PSoC5/SW1_ISR.c **** {
 390              		.loc 1 407 0
 391              		.cfi_startproc
 392              		@ args = 0, pretend = 0, frame = 0
 393              		@ frame_needed = 0, uses_anonymous_args = 0
 394              		@ link register save eliminated.
 408:Generated_Source\PSoC5/SW1_ISR.c ****     *SW1_ISR_INTC_CLR_PD = SW1_ISR__INTC_MASK;
 395              		.loc 1 408 0
 396 0000 8022     		movs	r2, #128
 397 0002 014B     		ldr	r3, .L43
 398 0004 1A60     		str	r2, [r3]
 399 0006 7047     		bx	lr
 400              	.L44:
 401              		.align	2
 402              	.L43:
 403 0008 80E200E0 		.word	-536812928
 404              		.cfi_endproc
 405              	.LFE12:
 406              		.size	SW1_ISR_ClearPending, .-SW1_ISR_ClearPending
 407              		.text
 408              	.Letext0:
 409              		.file 2 "Generated_Source\\PSoC5/cytypes.h"
 410              		.file 3 "Generated_Source\\PSoC5/CyLib.h"
 411              		.file 4 "Generated_Source\\PSoC5\\SW1.h"
 412              		.section	.debug_info,"",%progbits
 413              	.Ldebug_info0:
 414 0000 24030000 		.4byte	0x324
 415 0004 0400     		.2byte	0x4
 416 0006 00000000 		.4byte	.Ldebug_abbrev0
 417 000a 04       		.byte	0x4
 418 000b 01       		.uleb128 0x1
 419 000c 09010000 		.4byte	.LASF37
 420 0010 0C       		.byte	0xc
 421 0011 5A020000 		.4byte	.LASF38
 422 0015 36000000 		.4byte	.LASF39
 423 0019 00000000 		.4byte	.Ldebug_ranges0+0
 424 001d 00000000 		.4byte	0
 425 0021 00000000 		.4byte	.Ldebug_line0
 426 0025 02       		.uleb128 0x2
 427 0026 04       		.byte	0x4
 428 0027 05       		.byte	0x5
 429 0028 696E7400 		.ascii	"int\000"
 430 002c 03       		.uleb128 0x3
 431 002d 04       		.byte	0x4
 432 002e 07       		.byte	0x7
 433 002f 1C020000 		.4byte	.LASF0
 434 0033 03       		.uleb128 0x3
ARM GAS  C:\Users\Will\AppData\Local\Temp\ccdAmOlB.s 			page 16


 435 0034 08       		.byte	0x8
 436 0035 05       		.byte	0x5
 437 0036 9A020000 		.4byte	.LASF1
 438 003a 03       		.uleb128 0x3
 439 003b 08       		.byte	0x8
 440 003c 04       		.byte	0x4
 441 003d 17030000 		.4byte	.LASF2
 442 0041 03       		.uleb128 0x3
 443 0042 01       		.byte	0x1
 444 0043 06       		.byte	0x6
 445 0044 23030000 		.4byte	.LASF3
 446 0048 03       		.uleb128 0x3
 447 0049 01       		.byte	0x1
 448 004a 08       		.byte	0x8
 449 004b 0E020000 		.4byte	.LASF4
 450 004f 03       		.uleb128 0x3
 451 0050 02       		.byte	0x2
 452 0051 05       		.byte	0x5
 453 0052 DD020000 		.4byte	.LASF5
 454 0056 03       		.uleb128 0x3
 455 0057 02       		.byte	0x2
 456 0058 07       		.byte	0x7
 457 0059 23000000 		.4byte	.LASF6
 458 005d 03       		.uleb128 0x3
 459 005e 04       		.byte	0x4
 460 005f 05       		.byte	0x5
 461 0060 0E030000 		.4byte	.LASF7
 462 0064 03       		.uleb128 0x3
 463 0065 04       		.byte	0x4
 464 0066 07       		.byte	0x7
 465 0067 AF010000 		.4byte	.LASF8
 466 006b 03       		.uleb128 0x3
 467 006c 08       		.byte	0x8
 468 006d 07       		.byte	0x7
 469 006e 31020000 		.4byte	.LASF9
 470 0072 03       		.uleb128 0x3
 471 0073 04       		.byte	0x4
 472 0074 07       		.byte	0x7
 473 0075 91020000 		.4byte	.LASF10
 474 0079 03       		.uleb128 0x3
 475 007a 01       		.byte	0x1
 476 007b 08       		.byte	0x8
 477 007c B7020000 		.4byte	.LASF11
 478 0080 04       		.uleb128 0x4
 479 0081 04       		.byte	0x4
 480 0082 86000000 		.4byte	0x86
 481 0086 05       		.uleb128 0x5
 482 0087 06       		.uleb128 0x6
 483 0088 CE010000 		.4byte	.LASF12
 484 008c 02       		.byte	0x2
 485 008d E901     		.2byte	0x1e9
 486 008f 48000000 		.4byte	0x48
 487 0093 06       		.uleb128 0x6
 488 0094 07020000 		.4byte	.LASF13
 489 0098 02       		.byte	0x2
 490 0099 EB01     		.2byte	0x1eb
 491 009b 64000000 		.4byte	0x64
ARM GAS  C:\Users\Will\AppData\Local\Temp\ccdAmOlB.s 			page 17


 492 009f 03       		.uleb128 0x3
 493 00a0 04       		.byte	0x4
 494 00a1 04       		.byte	0x4
 495 00a2 DE000000 		.4byte	.LASF14
 496 00a6 03       		.uleb128 0x3
 497 00a7 08       		.byte	0x8
 498 00a8 04       		.byte	0x4
 499 00a9 00020000 		.4byte	.LASF15
 500 00ad 06       		.uleb128 0x6
 501 00ae 97010000 		.4byte	.LASF16
 502 00b2 02       		.byte	0x2
 503 00b3 9302     		.2byte	0x293
 504 00b5 B9000000 		.4byte	0xb9
 505 00b9 07       		.uleb128 0x7
 506 00ba 87000000 		.4byte	0x87
 507 00be 06       		.uleb128 0x6
 508 00bf 00000000 		.4byte	.LASF17
 509 00c3 02       		.byte	0x2
 510 00c4 9502     		.2byte	0x295
 511 00c6 CA000000 		.4byte	0xca
 512 00ca 07       		.uleb128 0x7
 513 00cb 93000000 		.4byte	0x93
 514 00cf 06       		.uleb128 0x6
 515 00d0 7B020000 		.4byte	.LASF18
 516 00d4 02       		.byte	0x2
 517 00d5 A502     		.2byte	0x2a5
 518 00d7 80000000 		.4byte	0x80
 519 00db 08       		.uleb128 0x8
 520 00dc CB020000 		.4byte	.LASF19
 521 00e0 01       		.byte	0x1
 522 00e1 A1       		.byte	0xa1
 523 00e2 00000000 		.4byte	.LFB3
 524 00e6 20000000 		.4byte	.LFE3-.LFB3
 525 00ea 01       		.uleb128 0x1
 526 00eb 9C       		.byte	0x9c
 527 00ec 16010000 		.4byte	0x116
 528 00f0 09       		.uleb128 0x9
 529 00f1 08000000 		.4byte	.LVL0
 530 00f5 06030000 		.4byte	0x306
 531 00f9 03010000 		.4byte	0x103
 532 00fd 0A       		.uleb128 0xa
 533 00fe 01       		.uleb128 0x1
 534 00ff 50       		.byte	0x50
 535 0100 01       		.uleb128 0x1
 536 0101 44       		.byte	0x44
 537 0102 00       		.byte	0
 538 0103 0B       		.uleb128 0xb
 539 0104 0C000000 		.4byte	.LVL1
 540 0108 11030000 		.4byte	0x311
 541 010c 0B       		.uleb128 0xb
 542 010d 18000000 		.4byte	.LVL2
 543 0111 1C030000 		.4byte	0x31c
 544 0115 00       		.byte	0
 545 0116 08       		.uleb128 0x8
 546 0117 CC000000 		.4byte	.LASF20
 547 011b 01       		.byte	0x1
 548 011c CD       		.byte	0xcd
ARM GAS  C:\Users\Will\AppData\Local\Temp\ccdAmOlB.s 			page 18


 549 011d 00000000 		.4byte	.LFB4
 550 0121 0C000000 		.4byte	.LFE4-.LFB4
 551 0125 01       		.uleb128 0x1
 552 0126 9C       		.byte	0x9c
 553 0127 46010000 		.4byte	0x146
 554 012b 0C       		.uleb128 0xc
 555 012c 29020000 		.4byte	.LASF23
 556 0130 01       		.byte	0x1
 557 0131 CD       		.byte	0xcd
 558 0132 CF000000 		.4byte	0xcf
 559 0136 01       		.uleb128 0x1
 560 0137 50       		.byte	0x50
 561 0138 0D       		.uleb128 0xd
 562 0139 BC020000 		.4byte	.LASF21
 563 013d 01       		.byte	0x1
 564 013e CF       		.byte	0xcf
 565 013f 46010000 		.4byte	0x146
 566 0143 01       		.uleb128 0x1
 567 0144 53       		.byte	0x53
 568 0145 00       		.byte	0
 569 0146 04       		.uleb128 0x4
 570 0147 04       		.byte	0x4
 571 0148 CF000000 		.4byte	0xcf
 572 014c 0E       		.uleb128 0xe
 573 014d 48020000 		.4byte	.LASF25
 574 0151 01       		.byte	0x1
 575 0152 E5       		.byte	0xe5
 576 0153 CF000000 		.4byte	0xcf
 577 0157 00000000 		.4byte	.LFB5
 578 015b 0C000000 		.4byte	.LFE5-.LFB5
 579 015f 01       		.uleb128 0x1
 580 0160 9C       		.byte	0x9c
 581 0161 73010000 		.4byte	0x173
 582 0165 0D       		.uleb128 0xd
 583 0166 BC020000 		.4byte	.LASF21
 584 016a 01       		.byte	0x1
 585 016b E7       		.byte	0xe7
 586 016c 46010000 		.4byte	0x146
 587 0170 01       		.uleb128 0x1
 588 0171 53       		.byte	0x53
 589 0172 00       		.byte	0
 590 0173 0F       		.uleb128 0xf
 591 0174 E7020000 		.4byte	.LASF22
 592 0178 01       		.byte	0x1
 593 0179 0701     		.2byte	0x107
 594 017b 00000000 		.4byte	.LFB6
 595 017f 10000000 		.4byte	.LFE6-.LFB6
 596 0183 01       		.uleb128 0x1
 597 0184 9C       		.byte	0x9c
 598 0185 9A010000 		.4byte	0x19a
 599 0189 10       		.uleb128 0x10
 600 018a E9010000 		.4byte	.LASF24
 601 018e 01       		.byte	0x1
 602 018f 0701     		.2byte	0x107
 603 0191 87000000 		.4byte	0x87
 604 0195 00000000 		.4byte	.LLST0
 605 0199 00       		.byte	0
ARM GAS  C:\Users\Will\AppData\Local\Temp\ccdAmOlB.s 			page 19


 606 019a 11       		.uleb128 0x11
 607 019b F5000000 		.4byte	.LASF26
 608 019f 01       		.byte	0x1
 609 01a0 1D01     		.2byte	0x11d
 610 01a2 87000000 		.4byte	0x87
 611 01a6 00000000 		.4byte	.LFB7
 612 01aa 0C000000 		.4byte	.LFE7-.LFB7
 613 01ae 01       		.uleb128 0x1
 614 01af 9C       		.byte	0x9c
 615 01b0 C5010000 		.4byte	0x1c5
 616 01b4 12       		.uleb128 0x12
 617 01b5 E9010000 		.4byte	.LASF24
 618 01b9 01       		.byte	0x1
 619 01ba 1F01     		.2byte	0x11f
 620 01bc 87000000 		.4byte	0x87
 621 01c0 21000000 		.4byte	.LLST1
 622 01c4 00       		.byte	0
 623 01c5 13       		.uleb128 0x13
 624 01c6 A8020000 		.4byte	.LASF27
 625 01ca 01       		.byte	0x1
 626 01cb 3801     		.2byte	0x138
 627 01cd 00000000 		.4byte	.LFB8
 628 01d1 0C000000 		.4byte	.LFE8-.LFB8
 629 01d5 01       		.uleb128 0x1
 630 01d6 9C       		.byte	0x9c
 631 01d7 14       		.uleb128 0x14
 632 01d8 E4000000 		.4byte	.LASF40
 633 01dc 01       		.byte	0x1
 634 01dd 4D01     		.2byte	0x14d
 635 01df 87000000 		.4byte	0x87
 636 01e3 00000000 		.4byte	.LFB9
 637 01e7 18000000 		.4byte	.LFE9-.LFB9
 638 01eb 01       		.uleb128 0x1
 639 01ec 9C       		.byte	0x9c
 640 01ed 13       		.uleb128 0x13
 641 01ee 13000000 		.4byte	.LASF28
 642 01f2 01       		.byte	0x1
 643 01f3 6201     		.2byte	0x162
 644 01f5 00000000 		.4byte	.LFB10
 645 01f9 0C000000 		.4byte	.LFE10-.LFB10
 646 01fd 01       		.uleb128 0x1
 647 01fe 9C       		.byte	0x9c
 648 01ff 08       		.uleb128 0x8
 649 0200 F2010000 		.4byte	.LASF29
 650 0204 01       		.byte	0x1
 651 0205 3E       		.byte	0x3e
 652 0206 00000000 		.4byte	.LFB0
 653 020a 1C000000 		.4byte	.LFE0-.LFB0
 654 020e 01       		.uleb128 0x1
 655 020f 9C       		.byte	0x9c
 656 0210 51020000 		.4byte	0x251
 657 0214 0B       		.uleb128 0xb
 658 0215 06000000 		.4byte	.LVL10
 659 0219 ED010000 		.4byte	0x1ed
 660 021d 09       		.uleb128 0x9
 661 021e 0C000000 		.4byte	.LVL11
 662 0222 16010000 		.4byte	0x116
ARM GAS  C:\Users\Will\AppData\Local\Temp\ccdAmOlB.s 			page 20


 663 0226 34020000 		.4byte	0x234
 664 022a 0A       		.uleb128 0xa
 665 022b 01       		.uleb128 0x1
 666 022c 50       		.byte	0x50
 667 022d 05       		.uleb128 0x5
 668 022e 03       		.byte	0x3
 669 022f 00000000 		.4byte	SW1_ISR_Interrupt
 670 0233 00       		.byte	0
 671 0234 09       		.uleb128 0x9
 672 0235 12000000 		.4byte	.LVL12
 673 0239 73010000 		.4byte	0x173
 674 023d 47020000 		.4byte	0x247
 675 0241 0A       		.uleb128 0xa
 676 0242 01       		.uleb128 0x1
 677 0243 50       		.byte	0x50
 678 0244 01       		.uleb128 0x1
 679 0245 37       		.byte	0x37
 680 0246 00       		.byte	0
 681 0247 0B       		.uleb128 0xb
 682 0248 16000000 		.4byte	.LVL13
 683 024c C5010000 		.4byte	0x1c5
 684 0250 00       		.byte	0
 685 0251 08       		.uleb128 0x8
 686 0252 37030000 		.4byte	.LASF30
 687 0256 01       		.byte	0x1
 688 0257 69       		.byte	0x69
 689 0258 00000000 		.4byte	.LFB1
 690 025c 1A000000 		.4byte	.LFE1-.LFB1
 691 0260 01       		.uleb128 0x1
 692 0261 9C       		.byte	0x9c
 693 0262 AF020000 		.4byte	0x2af
 694 0266 15       		.uleb128 0x15
 695 0267 29020000 		.4byte	.LASF23
 696 026b 01       		.byte	0x1
 697 026c 69       		.byte	0x69
 698 026d CF000000 		.4byte	0xcf
 699 0271 38000000 		.4byte	.LLST2
 700 0275 0B       		.uleb128 0xb
 701 0276 08000000 		.4byte	.LVL15
 702 027a ED010000 		.4byte	0x1ed
 703 027e 09       		.uleb128 0x9
 704 027f 0E000000 		.4byte	.LVL16
 705 0283 16010000 		.4byte	0x116
 706 0287 92020000 		.4byte	0x292
 707 028b 0A       		.uleb128 0xa
 708 028c 01       		.uleb128 0x1
 709 028d 50       		.byte	0x50
 710 028e 02       		.uleb128 0x2
 711 028f 74       		.byte	0x74
 712 0290 00       		.sleb128 0
 713 0291 00       		.byte	0
 714 0292 09       		.uleb128 0x9
 715 0293 14000000 		.4byte	.LVL17
 716 0297 73010000 		.4byte	0x173
 717 029b A5020000 		.4byte	0x2a5
 718 029f 0A       		.uleb128 0xa
 719 02a0 01       		.uleb128 0x1
ARM GAS  C:\Users\Will\AppData\Local\Temp\ccdAmOlB.s 			page 21


 720 02a1 50       		.byte	0x50
 721 02a2 01       		.uleb128 0x1
 722 02a3 37       		.byte	0x37
 723 02a4 00       		.byte	0
 724 02a5 0B       		.uleb128 0xb
 725 02a6 18000000 		.4byte	.LVL18
 726 02aa C5010000 		.4byte	0x1c5
 727 02ae 00       		.byte	0
 728 02af 08       		.uleb128 0x8
 729 02b0 C1010000 		.4byte	.LASF31
 730 02b4 01       		.byte	0x1
 731 02b5 87       		.byte	0x87
 732 02b6 00000000 		.4byte	.LFB2
 733 02ba 14000000 		.4byte	.LFE2-.LFB2
 734 02be 01       		.uleb128 0x1
 735 02bf 9C       		.byte	0x9c
 736 02c0 D7020000 		.4byte	0x2d7
 737 02c4 0B       		.uleb128 0xb
 738 02c5 06000000 		.4byte	.LVL19
 739 02c9 ED010000 		.4byte	0x1ed
 740 02cd 0B       		.uleb128 0xb
 741 02ce 0C000000 		.4byte	.LVL20
 742 02d2 16010000 		.4byte	0x116
 743 02d6 00       		.byte	0
 744 02d7 13       		.uleb128 0x13
 745 02d8 FB020000 		.4byte	.LASF32
 746 02dc 01       		.byte	0x1
 747 02dd 7D01     		.2byte	0x17d
 748 02df 00000000 		.4byte	.LFB11
 749 02e3 0C000000 		.4byte	.LFE11-.LFB11
 750 02e7 01       		.uleb128 0x1
 751 02e8 9C       		.byte	0x9c
 752 02e9 13       		.uleb128 0x13
 753 02ea D4010000 		.4byte	.LASF33
 754 02ee 01       		.byte	0x1
 755 02ef 9601     		.2byte	0x196
 756 02f1 00000000 		.4byte	.LFB12
 757 02f5 0C000000 		.4byte	.LFE12-.LFB12
 758 02f9 01       		.uleb128 0x1
 759 02fa 9C       		.byte	0x9c
 760 02fb 16       		.uleb128 0x16
 761 02fc 06000000 		.4byte	.LASF41
 762 0300 01       		.byte	0x1
 763 0301 1F       		.byte	0x1f
 764 0302 B9000000 		.4byte	0xb9
 765 0306 17       		.uleb128 0x17
 766 0307 2F030000 		.4byte	.LASF34
 767 030b 2F030000 		.4byte	.LASF34
 768 030f 03       		.byte	0x3
 769 0310 76       		.byte	0x76
 770 0311 17       		.uleb128 0x17
 771 0312 88020000 		.4byte	.LASF35
 772 0316 88020000 		.4byte	.LASF35
 773 031a 04       		.byte	0x4
 774 031b 29       		.byte	0x29
 775 031c 17       		.uleb128 0x17
 776 031d 9C010000 		.4byte	.LASF36
ARM GAS  C:\Users\Will\AppData\Local\Temp\ccdAmOlB.s 			page 22


 777 0321 9C010000 		.4byte	.LASF36
 778 0325 04       		.byte	0x4
 779 0326 2B       		.byte	0x2b
 780 0327 00       		.byte	0
 781              		.section	.debug_abbrev,"",%progbits
 782              	.Ldebug_abbrev0:
 783 0000 01       		.uleb128 0x1
 784 0001 11       		.uleb128 0x11
 785 0002 01       		.byte	0x1
 786 0003 25       		.uleb128 0x25
 787 0004 0E       		.uleb128 0xe
 788 0005 13       		.uleb128 0x13
 789 0006 0B       		.uleb128 0xb
 790 0007 03       		.uleb128 0x3
 791 0008 0E       		.uleb128 0xe
 792 0009 1B       		.uleb128 0x1b
 793 000a 0E       		.uleb128 0xe
 794 000b 55       		.uleb128 0x55
 795 000c 17       		.uleb128 0x17
 796 000d 11       		.uleb128 0x11
 797 000e 01       		.uleb128 0x1
 798 000f 10       		.uleb128 0x10
 799 0010 17       		.uleb128 0x17
 800 0011 00       		.byte	0
 801 0012 00       		.byte	0
 802 0013 02       		.uleb128 0x2
 803 0014 24       		.uleb128 0x24
 804 0015 00       		.byte	0
 805 0016 0B       		.uleb128 0xb
 806 0017 0B       		.uleb128 0xb
 807 0018 3E       		.uleb128 0x3e
 808 0019 0B       		.uleb128 0xb
 809 001a 03       		.uleb128 0x3
 810 001b 08       		.uleb128 0x8
 811 001c 00       		.byte	0
 812 001d 00       		.byte	0
 813 001e 03       		.uleb128 0x3
 814 001f 24       		.uleb128 0x24
 815 0020 00       		.byte	0
 816 0021 0B       		.uleb128 0xb
 817 0022 0B       		.uleb128 0xb
 818 0023 3E       		.uleb128 0x3e
 819 0024 0B       		.uleb128 0xb
 820 0025 03       		.uleb128 0x3
 821 0026 0E       		.uleb128 0xe
 822 0027 00       		.byte	0
 823 0028 00       		.byte	0
 824 0029 04       		.uleb128 0x4
 825 002a 0F       		.uleb128 0xf
 826 002b 00       		.byte	0
 827 002c 0B       		.uleb128 0xb
 828 002d 0B       		.uleb128 0xb
 829 002e 49       		.uleb128 0x49
 830 002f 13       		.uleb128 0x13
 831 0030 00       		.byte	0
 832 0031 00       		.byte	0
 833 0032 05       		.uleb128 0x5
ARM GAS  C:\Users\Will\AppData\Local\Temp\ccdAmOlB.s 			page 23


 834 0033 15       		.uleb128 0x15
 835 0034 00       		.byte	0
 836 0035 27       		.uleb128 0x27
 837 0036 19       		.uleb128 0x19
 838 0037 00       		.byte	0
 839 0038 00       		.byte	0
 840 0039 06       		.uleb128 0x6
 841 003a 16       		.uleb128 0x16
 842 003b 00       		.byte	0
 843 003c 03       		.uleb128 0x3
 844 003d 0E       		.uleb128 0xe
 845 003e 3A       		.uleb128 0x3a
 846 003f 0B       		.uleb128 0xb
 847 0040 3B       		.uleb128 0x3b
 848 0041 05       		.uleb128 0x5
 849 0042 49       		.uleb128 0x49
 850 0043 13       		.uleb128 0x13
 851 0044 00       		.byte	0
 852 0045 00       		.byte	0
 853 0046 07       		.uleb128 0x7
 854 0047 35       		.uleb128 0x35
 855 0048 00       		.byte	0
 856 0049 49       		.uleb128 0x49
 857 004a 13       		.uleb128 0x13
 858 004b 00       		.byte	0
 859 004c 00       		.byte	0
 860 004d 08       		.uleb128 0x8
 861 004e 2E       		.uleb128 0x2e
 862 004f 01       		.byte	0x1
 863 0050 3F       		.uleb128 0x3f
 864 0051 19       		.uleb128 0x19
 865 0052 03       		.uleb128 0x3
 866 0053 0E       		.uleb128 0xe
 867 0054 3A       		.uleb128 0x3a
 868 0055 0B       		.uleb128 0xb
 869 0056 3B       		.uleb128 0x3b
 870 0057 0B       		.uleb128 0xb
 871 0058 27       		.uleb128 0x27
 872 0059 19       		.uleb128 0x19
 873 005a 11       		.uleb128 0x11
 874 005b 01       		.uleb128 0x1
 875 005c 12       		.uleb128 0x12
 876 005d 06       		.uleb128 0x6
 877 005e 40       		.uleb128 0x40
 878 005f 18       		.uleb128 0x18
 879 0060 9742     		.uleb128 0x2117
 880 0062 19       		.uleb128 0x19
 881 0063 01       		.uleb128 0x1
 882 0064 13       		.uleb128 0x13
 883 0065 00       		.byte	0
 884 0066 00       		.byte	0
 885 0067 09       		.uleb128 0x9
 886 0068 898201   		.uleb128 0x4109
 887 006b 01       		.byte	0x1
 888 006c 11       		.uleb128 0x11
 889 006d 01       		.uleb128 0x1
 890 006e 31       		.uleb128 0x31
ARM GAS  C:\Users\Will\AppData\Local\Temp\ccdAmOlB.s 			page 24


 891 006f 13       		.uleb128 0x13
 892 0070 01       		.uleb128 0x1
 893 0071 13       		.uleb128 0x13
 894 0072 00       		.byte	0
 895 0073 00       		.byte	0
 896 0074 0A       		.uleb128 0xa
 897 0075 8A8201   		.uleb128 0x410a
 898 0078 00       		.byte	0
 899 0079 02       		.uleb128 0x2
 900 007a 18       		.uleb128 0x18
 901 007b 9142     		.uleb128 0x2111
 902 007d 18       		.uleb128 0x18
 903 007e 00       		.byte	0
 904 007f 00       		.byte	0
 905 0080 0B       		.uleb128 0xb
 906 0081 898201   		.uleb128 0x4109
 907 0084 00       		.byte	0
 908 0085 11       		.uleb128 0x11
 909 0086 01       		.uleb128 0x1
 910 0087 31       		.uleb128 0x31
 911 0088 13       		.uleb128 0x13
 912 0089 00       		.byte	0
 913 008a 00       		.byte	0
 914 008b 0C       		.uleb128 0xc
 915 008c 05       		.uleb128 0x5
 916 008d 00       		.byte	0
 917 008e 03       		.uleb128 0x3
 918 008f 0E       		.uleb128 0xe
 919 0090 3A       		.uleb128 0x3a
 920 0091 0B       		.uleb128 0xb
 921 0092 3B       		.uleb128 0x3b
 922 0093 0B       		.uleb128 0xb
 923 0094 49       		.uleb128 0x49
 924 0095 13       		.uleb128 0x13
 925 0096 02       		.uleb128 0x2
 926 0097 18       		.uleb128 0x18
 927 0098 00       		.byte	0
 928 0099 00       		.byte	0
 929 009a 0D       		.uleb128 0xd
 930 009b 34       		.uleb128 0x34
 931 009c 00       		.byte	0
 932 009d 03       		.uleb128 0x3
 933 009e 0E       		.uleb128 0xe
 934 009f 3A       		.uleb128 0x3a
 935 00a0 0B       		.uleb128 0xb
 936 00a1 3B       		.uleb128 0x3b
 937 00a2 0B       		.uleb128 0xb
 938 00a3 49       		.uleb128 0x49
 939 00a4 13       		.uleb128 0x13
 940 00a5 02       		.uleb128 0x2
 941 00a6 18       		.uleb128 0x18
 942 00a7 00       		.byte	0
 943 00a8 00       		.byte	0
 944 00a9 0E       		.uleb128 0xe
 945 00aa 2E       		.uleb128 0x2e
 946 00ab 01       		.byte	0x1
 947 00ac 3F       		.uleb128 0x3f
ARM GAS  C:\Users\Will\AppData\Local\Temp\ccdAmOlB.s 			page 25


 948 00ad 19       		.uleb128 0x19
 949 00ae 03       		.uleb128 0x3
 950 00af 0E       		.uleb128 0xe
 951 00b0 3A       		.uleb128 0x3a
 952 00b1 0B       		.uleb128 0xb
 953 00b2 3B       		.uleb128 0x3b
 954 00b3 0B       		.uleb128 0xb
 955 00b4 27       		.uleb128 0x27
 956 00b5 19       		.uleb128 0x19
 957 00b6 49       		.uleb128 0x49
 958 00b7 13       		.uleb128 0x13
 959 00b8 11       		.uleb128 0x11
 960 00b9 01       		.uleb128 0x1
 961 00ba 12       		.uleb128 0x12
 962 00bb 06       		.uleb128 0x6
 963 00bc 40       		.uleb128 0x40
 964 00bd 18       		.uleb128 0x18
 965 00be 9742     		.uleb128 0x2117
 966 00c0 19       		.uleb128 0x19
 967 00c1 01       		.uleb128 0x1
 968 00c2 13       		.uleb128 0x13
 969 00c3 00       		.byte	0
 970 00c4 00       		.byte	0
 971 00c5 0F       		.uleb128 0xf
 972 00c6 2E       		.uleb128 0x2e
 973 00c7 01       		.byte	0x1
 974 00c8 3F       		.uleb128 0x3f
 975 00c9 19       		.uleb128 0x19
 976 00ca 03       		.uleb128 0x3
 977 00cb 0E       		.uleb128 0xe
 978 00cc 3A       		.uleb128 0x3a
 979 00cd 0B       		.uleb128 0xb
 980 00ce 3B       		.uleb128 0x3b
 981 00cf 05       		.uleb128 0x5
 982 00d0 27       		.uleb128 0x27
 983 00d1 19       		.uleb128 0x19
 984 00d2 11       		.uleb128 0x11
 985 00d3 01       		.uleb128 0x1
 986 00d4 12       		.uleb128 0x12
 987 00d5 06       		.uleb128 0x6
 988 00d6 40       		.uleb128 0x40
 989 00d7 18       		.uleb128 0x18
 990 00d8 9742     		.uleb128 0x2117
 991 00da 19       		.uleb128 0x19
 992 00db 01       		.uleb128 0x1
 993 00dc 13       		.uleb128 0x13
 994 00dd 00       		.byte	0
 995 00de 00       		.byte	0
 996 00df 10       		.uleb128 0x10
 997 00e0 05       		.uleb128 0x5
 998 00e1 00       		.byte	0
 999 00e2 03       		.uleb128 0x3
 1000 00e3 0E       		.uleb128 0xe
 1001 00e4 3A       		.uleb128 0x3a
 1002 00e5 0B       		.uleb128 0xb
 1003 00e6 3B       		.uleb128 0x3b
 1004 00e7 05       		.uleb128 0x5
ARM GAS  C:\Users\Will\AppData\Local\Temp\ccdAmOlB.s 			page 26


 1005 00e8 49       		.uleb128 0x49
 1006 00e9 13       		.uleb128 0x13
 1007 00ea 02       		.uleb128 0x2
 1008 00eb 17       		.uleb128 0x17
 1009 00ec 00       		.byte	0
 1010 00ed 00       		.byte	0
 1011 00ee 11       		.uleb128 0x11
 1012 00ef 2E       		.uleb128 0x2e
 1013 00f0 01       		.byte	0x1
 1014 00f1 3F       		.uleb128 0x3f
 1015 00f2 19       		.uleb128 0x19
 1016 00f3 03       		.uleb128 0x3
 1017 00f4 0E       		.uleb128 0xe
 1018 00f5 3A       		.uleb128 0x3a
 1019 00f6 0B       		.uleb128 0xb
 1020 00f7 3B       		.uleb128 0x3b
 1021 00f8 05       		.uleb128 0x5
 1022 00f9 27       		.uleb128 0x27
 1023 00fa 19       		.uleb128 0x19
 1024 00fb 49       		.uleb128 0x49
 1025 00fc 13       		.uleb128 0x13
 1026 00fd 11       		.uleb128 0x11
 1027 00fe 01       		.uleb128 0x1
 1028 00ff 12       		.uleb128 0x12
 1029 0100 06       		.uleb128 0x6
 1030 0101 40       		.uleb128 0x40
 1031 0102 18       		.uleb128 0x18
 1032 0103 9742     		.uleb128 0x2117
 1033 0105 19       		.uleb128 0x19
 1034 0106 01       		.uleb128 0x1
 1035 0107 13       		.uleb128 0x13
 1036 0108 00       		.byte	0
 1037 0109 00       		.byte	0
 1038 010a 12       		.uleb128 0x12
 1039 010b 34       		.uleb128 0x34
 1040 010c 00       		.byte	0
 1041 010d 03       		.uleb128 0x3
 1042 010e 0E       		.uleb128 0xe
 1043 010f 3A       		.uleb128 0x3a
 1044 0110 0B       		.uleb128 0xb
 1045 0111 3B       		.uleb128 0x3b
 1046 0112 05       		.uleb128 0x5
 1047 0113 49       		.uleb128 0x49
 1048 0114 13       		.uleb128 0x13
 1049 0115 02       		.uleb128 0x2
 1050 0116 17       		.uleb128 0x17
 1051 0117 00       		.byte	0
 1052 0118 00       		.byte	0
 1053 0119 13       		.uleb128 0x13
 1054 011a 2E       		.uleb128 0x2e
 1055 011b 00       		.byte	0
 1056 011c 3F       		.uleb128 0x3f
 1057 011d 19       		.uleb128 0x19
 1058 011e 03       		.uleb128 0x3
 1059 011f 0E       		.uleb128 0xe
 1060 0120 3A       		.uleb128 0x3a
 1061 0121 0B       		.uleb128 0xb
ARM GAS  C:\Users\Will\AppData\Local\Temp\ccdAmOlB.s 			page 27


 1062 0122 3B       		.uleb128 0x3b
 1063 0123 05       		.uleb128 0x5
 1064 0124 27       		.uleb128 0x27
 1065 0125 19       		.uleb128 0x19
 1066 0126 11       		.uleb128 0x11
 1067 0127 01       		.uleb128 0x1
 1068 0128 12       		.uleb128 0x12
 1069 0129 06       		.uleb128 0x6
 1070 012a 40       		.uleb128 0x40
 1071 012b 18       		.uleb128 0x18
 1072 012c 9742     		.uleb128 0x2117
 1073 012e 19       		.uleb128 0x19
 1074 012f 00       		.byte	0
 1075 0130 00       		.byte	0
 1076 0131 14       		.uleb128 0x14
 1077 0132 2E       		.uleb128 0x2e
 1078 0133 00       		.byte	0
 1079 0134 3F       		.uleb128 0x3f
 1080 0135 19       		.uleb128 0x19
 1081 0136 03       		.uleb128 0x3
 1082 0137 0E       		.uleb128 0xe
 1083 0138 3A       		.uleb128 0x3a
 1084 0139 0B       		.uleb128 0xb
 1085 013a 3B       		.uleb128 0x3b
 1086 013b 05       		.uleb128 0x5
 1087 013c 27       		.uleb128 0x27
 1088 013d 19       		.uleb128 0x19
 1089 013e 49       		.uleb128 0x49
 1090 013f 13       		.uleb128 0x13
 1091 0140 11       		.uleb128 0x11
 1092 0141 01       		.uleb128 0x1
 1093 0142 12       		.uleb128 0x12
 1094 0143 06       		.uleb128 0x6
 1095 0144 40       		.uleb128 0x40
 1096 0145 18       		.uleb128 0x18
 1097 0146 9742     		.uleb128 0x2117
 1098 0148 19       		.uleb128 0x19
 1099 0149 00       		.byte	0
 1100 014a 00       		.byte	0
 1101 014b 15       		.uleb128 0x15
 1102 014c 05       		.uleb128 0x5
 1103 014d 00       		.byte	0
 1104 014e 03       		.uleb128 0x3
 1105 014f 0E       		.uleb128 0xe
 1106 0150 3A       		.uleb128 0x3a
 1107 0151 0B       		.uleb128 0xb
 1108 0152 3B       		.uleb128 0x3b
 1109 0153 0B       		.uleb128 0xb
 1110 0154 49       		.uleb128 0x49
 1111 0155 13       		.uleb128 0x13
 1112 0156 02       		.uleb128 0x2
 1113 0157 17       		.uleb128 0x17
 1114 0158 00       		.byte	0
 1115 0159 00       		.byte	0
 1116 015a 16       		.uleb128 0x16
 1117 015b 34       		.uleb128 0x34
 1118 015c 00       		.byte	0
ARM GAS  C:\Users\Will\AppData\Local\Temp\ccdAmOlB.s 			page 28


 1119 015d 03       		.uleb128 0x3
 1120 015e 0E       		.uleb128 0xe
 1121 015f 3A       		.uleb128 0x3a
 1122 0160 0B       		.uleb128 0xb
 1123 0161 3B       		.uleb128 0x3b
 1124 0162 0B       		.uleb128 0xb
 1125 0163 49       		.uleb128 0x49
 1126 0164 13       		.uleb128 0x13
 1127 0165 3F       		.uleb128 0x3f
 1128 0166 19       		.uleb128 0x19
 1129 0167 3C       		.uleb128 0x3c
 1130 0168 19       		.uleb128 0x19
 1131 0169 00       		.byte	0
 1132 016a 00       		.byte	0
 1133 016b 17       		.uleb128 0x17
 1134 016c 2E       		.uleb128 0x2e
 1135 016d 00       		.byte	0
 1136 016e 3F       		.uleb128 0x3f
 1137 016f 19       		.uleb128 0x19
 1138 0170 3C       		.uleb128 0x3c
 1139 0171 19       		.uleb128 0x19
 1140 0172 6E       		.uleb128 0x6e
 1141 0173 0E       		.uleb128 0xe
 1142 0174 03       		.uleb128 0x3
 1143 0175 0E       		.uleb128 0xe
 1144 0176 3A       		.uleb128 0x3a
 1145 0177 0B       		.uleb128 0xb
 1146 0178 3B       		.uleb128 0x3b
 1147 0179 0B       		.uleb128 0xb
 1148 017a 00       		.byte	0
 1149 017b 00       		.byte	0
 1150 017c 00       		.byte	0
 1151              		.section	.debug_loc,"",%progbits
 1152              	.Ldebug_loc0:
 1153              	.LLST0:
 1154 0000 00000000 		.4byte	.LVL6
 1155 0004 02000000 		.4byte	.LVL7
 1156 0008 0100     		.2byte	0x1
 1157 000a 50       		.byte	0x50
 1158 000b 02000000 		.4byte	.LVL7
 1159 000f 10000000 		.4byte	.LFE6
 1160 0013 0400     		.2byte	0x4
 1161 0015 F3       		.byte	0xf3
 1162 0016 01       		.uleb128 0x1
 1163 0017 50       		.byte	0x50
 1164 0018 9F       		.byte	0x9f
 1165 0019 00000000 		.4byte	0
 1166 001d 00000000 		.4byte	0
 1167              	.LLST1:
 1168 0021 04000000 		.4byte	.LVL8
 1169 0025 06000000 		.4byte	.LVL9
 1170 0029 0500     		.2byte	0x5
 1171 002b 70       		.byte	0x70
 1172 002c 00       		.sleb128 0
 1173 002d 35       		.byte	0x35
 1174 002e 25       		.byte	0x25
 1175 002f 9F       		.byte	0x9f
ARM GAS  C:\Users\Will\AppData\Local\Temp\ccdAmOlB.s 			page 29


 1176 0030 00000000 		.4byte	0
 1177 0034 00000000 		.4byte	0
 1178              	.LLST2:
 1179 0038 00000000 		.4byte	.LVL14
 1180 003c 07000000 		.4byte	.LVL15-1
 1181 0040 0100     		.2byte	0x1
 1182 0042 50       		.byte	0x50
 1183 0043 07000000 		.4byte	.LVL15-1
 1184 0047 1A000000 		.4byte	.LFE1
 1185 004b 0100     		.2byte	0x1
 1186 004d 54       		.byte	0x54
 1187 004e 00000000 		.4byte	0
 1188 0052 00000000 		.4byte	0
 1189              		.section	.debug_aranges,"",%progbits
 1190 0000 7C000000 		.4byte	0x7c
 1191 0004 0200     		.2byte	0x2
 1192 0006 00000000 		.4byte	.Ldebug_info0
 1193 000a 04       		.byte	0x4
 1194 000b 00       		.byte	0
 1195 000c 0000     		.2byte	0
 1196 000e 0000     		.2byte	0
 1197 0010 00000000 		.4byte	.LFB3
 1198 0014 20000000 		.4byte	.LFE3-.LFB3
 1199 0018 00000000 		.4byte	.LFB4
 1200 001c 0C000000 		.4byte	.LFE4-.LFB4
 1201 0020 00000000 		.4byte	.LFB5
 1202 0024 0C000000 		.4byte	.LFE5-.LFB5
 1203 0028 00000000 		.4byte	.LFB6
 1204 002c 10000000 		.4byte	.LFE6-.LFB6
 1205 0030 00000000 		.4byte	.LFB7
 1206 0034 0C000000 		.4byte	.LFE7-.LFB7
 1207 0038 00000000 		.4byte	.LFB8
 1208 003c 0C000000 		.4byte	.LFE8-.LFB8
 1209 0040 00000000 		.4byte	.LFB9
 1210 0044 18000000 		.4byte	.LFE9-.LFB9
 1211 0048 00000000 		.4byte	.LFB10
 1212 004c 0C000000 		.4byte	.LFE10-.LFB10
 1213 0050 00000000 		.4byte	.LFB0
 1214 0054 1C000000 		.4byte	.LFE0-.LFB0
 1215 0058 00000000 		.4byte	.LFB1
 1216 005c 1A000000 		.4byte	.LFE1-.LFB1
 1217 0060 00000000 		.4byte	.LFB2
 1218 0064 14000000 		.4byte	.LFE2-.LFB2
 1219 0068 00000000 		.4byte	.LFB11
 1220 006c 0C000000 		.4byte	.LFE11-.LFB11
 1221 0070 00000000 		.4byte	.LFB12
 1222 0074 0C000000 		.4byte	.LFE12-.LFB12
 1223 0078 00000000 		.4byte	0
 1224 007c 00000000 		.4byte	0
 1225              		.section	.debug_ranges,"",%progbits
 1226              	.Ldebug_ranges0:
 1227 0000 00000000 		.4byte	.LFB3
 1228 0004 20000000 		.4byte	.LFE3
 1229 0008 00000000 		.4byte	.LFB4
 1230 000c 0C000000 		.4byte	.LFE4
 1231 0010 00000000 		.4byte	.LFB5
 1232 0014 0C000000 		.4byte	.LFE5
ARM GAS  C:\Users\Will\AppData\Local\Temp\ccdAmOlB.s 			page 30


 1233 0018 00000000 		.4byte	.LFB6
 1234 001c 10000000 		.4byte	.LFE6
 1235 0020 00000000 		.4byte	.LFB7
 1236 0024 0C000000 		.4byte	.LFE7
 1237 0028 00000000 		.4byte	.LFB8
 1238 002c 0C000000 		.4byte	.LFE8
 1239 0030 00000000 		.4byte	.LFB9
 1240 0034 18000000 		.4byte	.LFE9
 1241 0038 00000000 		.4byte	.LFB10
 1242 003c 0C000000 		.4byte	.LFE10
 1243 0040 00000000 		.4byte	.LFB0
 1244 0044 1C000000 		.4byte	.LFE0
 1245 0048 00000000 		.4byte	.LFB1
 1246 004c 1A000000 		.4byte	.LFE1
 1247 0050 00000000 		.4byte	.LFB2
 1248 0054 14000000 		.4byte	.LFE2
 1249 0058 00000000 		.4byte	.LFB11
 1250 005c 0C000000 		.4byte	.LFE11
 1251 0060 00000000 		.4byte	.LFB12
 1252 0064 0C000000 		.4byte	.LFE12
 1253 0068 00000000 		.4byte	0
 1254 006c 00000000 		.4byte	0
 1255              		.section	.debug_line,"",%progbits
 1256              	.Ldebug_line0:
 1257 0000 48010000 		.section	.debug_str,"MS",%progbits,1
 1257      02005800 
 1257      00000201 
 1257      FB0E0D00 
 1257      01010101 
 1258              	.LASF17:
 1259 0000 72656733 		.ascii	"reg32\000"
 1259      3200
 1260              	.LASF41:
 1261 0006 7377315F 		.ascii	"sw1_isr_flag\000"
 1261      6973725F 
 1261      666C6167 
 1261      00
 1262              	.LASF28:
 1263 0013 5357315F 		.ascii	"SW1_ISR_Disable\000"
 1263      4953525F 
 1263      44697361 
 1263      626C6500 
 1264              	.LASF6:
 1265 0023 73686F72 		.ascii	"short unsigned int\000"
 1265      7420756E 
 1265      7369676E 
 1265      65642069 
 1265      6E7400
 1266              	.LASF39:
 1267 0036 433A5C55 		.ascii	"C:\\Users\\Will\\OneDrive - Southern Illinois Unive"
 1267      73657273 
 1267      5C57696C 
 1267      6C5C4F6E 
 1267      65447269 
 1268 0066 72736974 		.ascii	"rsity Edwardsville\\Spring 2021\\ECE 381\\Psoc_Proj"
 1268      79204564 
 1268      77617264 
ARM GAS  C:\Users\Will\AppData\Local\Temp\ccdAmOlB.s 			page 31


 1268      7376696C 
 1268      6C655C53 
 1269 0096 65637473 		.ascii	"ects\\Lab_Projects\\ece381_finalproject_Gallagher.c"
 1269      5C4C6162 
 1269      5F50726F 
 1269      6A656374 
 1269      735C6563 
 1270 00c7 7964736E 		.ascii	"ydsn\000"
 1270      00
 1271              	.LASF20:
 1272 00cc 5357315F 		.ascii	"SW1_ISR_SetVector\000"
 1272      4953525F 
 1272      53657456 
 1272      6563746F 
 1272      7200
 1273              	.LASF14:
 1274 00de 666C6F61 		.ascii	"float\000"
 1274      7400
 1275              	.LASF40:
 1276 00e4 5357315F 		.ascii	"SW1_ISR_GetState\000"
 1276      4953525F 
 1276      47657453 
 1276      74617465 
 1276      00
 1277              	.LASF26:
 1278 00f5 5357315F 		.ascii	"SW1_ISR_GetPriority\000"
 1278      4953525F 
 1278      47657450 
 1278      72696F72 
 1278      69747900 
 1279              	.LASF37:
 1280 0109 474E5520 		.ascii	"GNU C11 5.4.1 20160609 (release) [ARM/embedded-5-br"
 1280      43313120 
 1280      352E342E 
 1280      31203230 
 1280      31363036 
 1281 013c 616E6368 		.ascii	"anch revision 237715] -mcpu=cortex-m3 -mthumb -g -O"
 1281      20726576 
 1281      6973696F 
 1281      6E203233 
 1281      37373135 
 1282 016f 67202D66 		.ascii	"g -ffunction-sections -ffat-lto-objects\000"
 1282      66756E63 
 1282      74696F6E 
 1282      2D736563 
 1282      74696F6E 
 1283              	.LASF16:
 1284 0197 72656738 		.ascii	"reg8\000"
 1284      00
 1285              	.LASF36:
 1286 019c 5357315F 		.ascii	"SW1_ClearInterrupt\000"
 1286      436C6561 
 1286      72496E74 
 1286      65727275 
 1286      707400
 1287              	.LASF8:
 1288 01af 6C6F6E67 		.ascii	"long unsigned int\000"
ARM GAS  C:\Users\Will\AppData\Local\Temp\ccdAmOlB.s 			page 32


 1288      20756E73 
 1288      69676E65 
 1288      6420696E 
 1288      7400
 1289              	.LASF31:
 1290 01c1 5357315F 		.ascii	"SW1_ISR_Stop\000"
 1290      4953525F 
 1290      53746F70 
 1290      00
 1291              	.LASF12:
 1292 01ce 75696E74 		.ascii	"uint8\000"
 1292      3800
 1293              	.LASF33:
 1294 01d4 5357315F 		.ascii	"SW1_ISR_ClearPending\000"
 1294      4953525F 
 1294      436C6561 
 1294      7250656E 
 1294      64696E67 
 1295              	.LASF24:
 1296 01e9 7072696F 		.ascii	"priority\000"
 1296      72697479 
 1296      00
 1297              	.LASF29:
 1298 01f2 5357315F 		.ascii	"SW1_ISR_Start\000"
 1298      4953525F 
 1298      53746172 
 1298      7400
 1299              	.LASF15:
 1300 0200 646F7562 		.ascii	"double\000"
 1300      6C6500
 1301              	.LASF13:
 1302 0207 75696E74 		.ascii	"uint32\000"
 1302      333200
 1303              	.LASF4:
 1304 020e 756E7369 		.ascii	"unsigned char\000"
 1304      676E6564 
 1304      20636861 
 1304      7200
 1305              	.LASF0:
 1306 021c 756E7369 		.ascii	"unsigned int\000"
 1306      676E6564 
 1306      20696E74 
 1306      00
 1307              	.LASF23:
 1308 0229 61646472 		.ascii	"address\000"
 1308      65737300 
 1309              	.LASF9:
 1310 0231 6C6F6E67 		.ascii	"long long unsigned int\000"
 1310      206C6F6E 
 1310      6720756E 
 1310      7369676E 
 1310      65642069 
 1311              	.LASF25:
 1312 0248 5357315F 		.ascii	"SW1_ISR_GetVector\000"
 1312      4953525F 
 1312      47657456 
 1312      6563746F 
ARM GAS  C:\Users\Will\AppData\Local\Temp\ccdAmOlB.s 			page 33


 1312      7200
 1313              	.LASF38:
 1314 025a 47656E65 		.ascii	"Generated_Source\\PSoC5\\SW1_ISR.c\000"
 1314      72617465 
 1314      645F536F 
 1314      75726365 
 1314      5C50536F 
 1315              	.LASF18:
 1316 027b 63796973 		.ascii	"cyisraddress\000"
 1316      72616464 
 1316      72657373 
 1316      00
 1317              	.LASF35:
 1318 0288 5357315F 		.ascii	"SW1_Read\000"
 1318      52656164 
 1318      00
 1319              	.LASF10:
 1320 0291 73697A65 		.ascii	"sizetype\000"
 1320      74797065 
 1320      00
 1321              	.LASF1:
 1322 029a 6C6F6E67 		.ascii	"long long int\000"
 1322      206C6F6E 
 1322      6720696E 
 1322      7400
 1323              	.LASF27:
 1324 02a8 5357315F 		.ascii	"SW1_ISR_Enable\000"
 1324      4953525F 
 1324      456E6162 
 1324      6C6500
 1325              	.LASF11:
 1326 02b7 63686172 		.ascii	"char\000"
 1326      00
 1327              	.LASF21:
 1328 02bc 72616D56 		.ascii	"ramVectorTable\000"
 1328      6563746F 
 1328      72546162 
 1328      6C6500
 1329              	.LASF19:
 1330 02cb 5357315F 		.ascii	"SW1_ISR_Interrupt\000"
 1330      4953525F 
 1330      496E7465 
 1330      72727570 
 1330      7400
 1331              	.LASF5:
 1332 02dd 73686F72 		.ascii	"short int\000"
 1332      7420696E 
 1332      7400
 1333              	.LASF22:
 1334 02e7 5357315F 		.ascii	"SW1_ISR_SetPriority\000"
 1334      4953525F 
 1334      53657450 
 1334      72696F72 
 1334      69747900 
 1335              	.LASF32:
 1336 02fb 5357315F 		.ascii	"SW1_ISR_SetPending\000"
 1336      4953525F 
ARM GAS  C:\Users\Will\AppData\Local\Temp\ccdAmOlB.s 			page 34


 1336      53657450 
 1336      656E6469 
 1336      6E6700
 1337              	.LASF7:
 1338 030e 6C6F6E67 		.ascii	"long int\000"
 1338      20696E74 
 1338      00
 1339              	.LASF2:
 1340 0317 6C6F6E67 		.ascii	"long double\000"
 1340      20646F75 
 1340      626C6500 
 1341              	.LASF3:
 1342 0323 7369676E 		.ascii	"signed char\000"
 1342      65642063 
 1342      68617200 
 1343              	.LASF34:
 1344 032f 43794465 		.ascii	"CyDelay\000"
 1344      6C617900 
 1345              	.LASF30:
 1346 0337 5357315F 		.ascii	"SW1_ISR_StartEx\000"
 1346      4953525F 
 1346      53746172 
 1346      74457800 
 1347              		.ident	"GCC: (GNU Tools for ARM Embedded Processors) 5.4.1 20160609 (release) [ARM/embedded-5-bran
